Release 14.7 Xflow P.20131013 (lin64)
Copyright (c) 1995-2013 Xilinx, Inc.  All rights reserved.
xflow -wd implementation -p xc6slx16csg324-3 -implement xflow.opt system.ngc  
PMSPEC -- Overriding Xilinx file
</home/vivric/Documents/xilinx/14.7/ISE_DS/EDK/spartan6/data/spartan6.acd> with
local file
</home/vivric/Documents/xilinx/14.7/ISE_DS/ISE/spartan6/data/spartan6.acd>

Using Flow File:
/home/vivric/Documents/workspace/gsm_sim/gsm_sim_v_1_0_fifo/implementation/fpga.
flw 
Using Option File(s): 
 /home/vivric/Documents/workspace/gsm_sim/gsm_sim_v_1_0_fifo/implementation/xflo
w.opt 

Creating Script File ... 

#----------------------------------------------#
# Starting program ngdbuild
# ngdbuild -p xc6slx16csg324-3 -nt timestamp -bm system.bmm
"/home/vivric/Documents/workspace/gsm_sim/gsm_sim_v_1_0_fifo/implementation/syst
em.ngc" -uc system.ucf system.ngd 
#----------------------------------------------#
Release 14.7 - ngdbuild P.20131013 (lin64)
Copyright (c) 1995-2013 Xilinx, Inc.  All rights reserved.
PMSPEC -- Overriding Xilinx file
</home/vivric/Documents/xilinx/14.7/ISE_DS/EDK/spartan6/data/spartan6.acd> with
local file
</home/vivric/Documents/xilinx/14.7/ISE_DS/ISE/spartan6/data/spartan6.acd>

Command Line:
/home/vivric/Documents/xilinx/14.7/ISE_DS/ISE/bin/lin64/unwrapped/ngdbuild -p
xc6slx16csg324-3 -nt timestamp -bm system.bmm
/home/vivric/Documents/workspace/gsm_sim/gsm_sim_v_1_0_fifo/implementation/syste
m.ngc -uc system.ucf system.ngd

Reading NGO file
"/home/vivric/Documents/workspace/gsm_sim/gsm_sim_v_1_0_fifo/implementation/syst
em.ngc" ...
Loading design module
"/home/vivric/Documents/workspace/gsm_sim/gsm_sim_v_1_0_fifo/implementation/syst
em_push_buttons_4bits_wrapper.ngc"...
Loading design module
"/home/vivric/Documents/workspace/gsm_sim/gsm_sim_v_1_0_fifo/implementation/syst
em_dip_switches_8bits_wrapper.ngc"...
Loading design module
"/home/vivric/Documents/workspace/gsm_sim/gsm_sim_v_1_0_fifo/implementation/syst
em_sc_uart_0_wrapper.ngc"...
Loading design module
"/home/vivric/Documents/workspace/gsm_sim/gsm_sim_v_1_0_fifo/implementation/syst
em_rs232_uart_1_wrapper.ngc"...
Loading design module
"/home/vivric/Documents/workspace/gsm_sim/gsm_sim_v_1_0_fifo/implementation/syst
em_proc_sys_reset_0_wrapper.ngc"...
Loading design module
"/home/vivric/Documents/workspace/gsm_sim/gsm_sim_v_1_0_fifo/implementation/syst
em_clock_generator_0_wrapper.ngc"...
Loading design module
"/home/vivric/Documents/workspace/gsm_sim/gsm_sim_v_1_0_fifo/implementation/syst
em_chipscope_axi_monitor_0_wrapper.ngc"...
Loading design module
"/home/vivric/Documents/workspace/gsm_sim/gsm_sim_v_1_0_fifo/implementation/syst
em_chipscope_ila_0_wrapper.ngc"...
Loading design module
"/home/vivric/Documents/workspace/gsm_sim/gsm_sim_v_1_0_fifo/implementation/syst
em_microblaze_0_ilmb_wrapper.ngc"...
Loading design module
"/home/vivric/Documents/workspace/gsm_sim/gsm_sim_v_1_0_fifo/implementation/syst
em_microblaze_0_dlmb_wrapper.ngc"...
Loading design module
"/home/vivric/Documents/workspace/gsm_sim/gsm_sim_v_1_0_fifo/implementation/syst
em_fit_timer_0_wrapper.ngc"...
Loading design module
"/home/vivric/Documents/workspace/gsm_sim/gsm_sim_v_1_0_fifo/implementation/syst
em_axi_intc_0_wrapper.ngc"...
Loading design module
"/home/vivric/Documents/workspace/gsm_sim/gsm_sim_v_1_0_fifo/implementation/syst
em_axi4lite_0_wrapper.ngc"...
Loading design module
"/home/vivric/Documents/workspace/gsm_sim/gsm_sim_v_1_0_fifo/implementation/syst
em_microblaze_0_wrapper.ngc"...
Loading design module
"/home/vivric/Documents/workspace/gsm_sim/gsm_sim_v_1_0_fifo/implementation/syst
em_microblaze_0_i_bram_ctrl_wrapper.ngc"...
Loading design module
"/home/vivric/Documents/workspace/gsm_sim/gsm_sim_v_1_0_fifo/implementation/syst
em_microblaze_0_d_bram_ctrl_wrapper.ngc"...
Loading design module
"/home/vivric/Documents/workspace/gsm_sim/gsm_sim_v_1_0_fifo/implementation/syst
em_debug_module_wrapper.ngc"...
Loading design module
"/home/vivric/Documents/workspace/gsm_sim/gsm_sim_v_1_0_fifo/implementation/syst
em_leds_8bits_wrapper.ngc"...
Loading design module
"/home/vivric/Documents/workspace/gsm_sim/gsm_sim_v_1_0_fifo/implementation/syst
em_microblaze_0_bram_block_wrapper.ngc"...
Loading design module
"/home/vivric/Documents/workspace/gsm_sim/gsm_sim_v_1_0_fifo/implementation/syst
em_chipscope_icon_0_wrapper.ngc"...
Applying constraints in
"/home/vivric/Documents/workspace/gsm_sim/gsm_sim_v_1_0_fifo/implementation/syst
em_chipscope_ila_0_wrapper.ncf" to module "chipscope_ila_0"...
WARNING:ConstraintSystem:192 - The TNM 'D2_CLK', does not directly or indirectly
   drive any flip-flops, latches and/or RAMS and cannot be actively used by the
   referencing TIg constraint ''. If clock manager blocks are directly or
   indirectly driven, a new TNM constraint will not be derived since the none of
   the referencing constraints are a PERIOD constraint. This TNM is used in the
   following user groups and/or specifications:
   <TIMESPEC TS_D2_TO_T2 = FROM D2_CLK TO "FFS" TIG;>
   [/home/vivric/Documents/workspace/gsm_sim/gsm_sim_v_1_0_fifo/implementation/s
   ystem_chipscope_ila_0_wrapper.ncf(6)]
   <TIMESPEC TS_J2_TO_D2 = FROM "FFS" TO D2_CLK TIG;>
   [/home/vivric/Documents/workspace/gsm_sim/gsm_sim_v_1_0_fifo/implementation/s
   ystem_chipscope_ila_0_wrapper.ncf(7)]
   <TIMESPEC TS_J3_TO_D2 = FROM "FFS" TO D2_CLK TIG;>
   [/home/vivric/Documents/workspace/gsm_sim/gsm_sim_v_1_0_fifo/implementation/s
   ystem_chipscope_ila_0_wrapper.ncf(8)]
   <TIMESPEC TS_J4_TO_D2 = FROM "FFS" TO D2_CLK TIG;>
   [/home/vivric/Documents/workspace/gsm_sim/gsm_sim_v_1_0_fifo/implementation/s
   ystem_chipscope_ila_0_wrapper.ncf(9)]

WARNING:ConstraintSystem:197 - The following specification is invalid because
   the referenced TNM constraint was removed:
   <TIMESPEC TS_D2_TO_T2 = FROM D2_CLK TO "FFS" TIG;>
   [/home/vivric/Documents/workspace/gsm_sim/gsm_sim_v_1_0_fifo/implementation/s
   ystem_chipscope_ila_0_wrapper.ncf(6)]

WARNING:ConstraintSystem:197 - The following specification is invalid because
   the referenced TNM constraint was removed:
   <TIMESPEC TS_J2_TO_D2 = FROM "FFS" TO D2_CLK TIG;>
   [/home/vivric/Documents/workspace/gsm_sim/gsm_sim_v_1_0_fifo/implementation/s
   ystem_chipscope_ila_0_wrapper.ncf(7)]

WARNING:ConstraintSystem:197 - The following specification is invalid because
   the referenced TNM constraint was removed:
   <TIMESPEC TS_J3_TO_D2 = FROM "FFS" TO D2_CLK TIG;>
   [/home/vivric/Documents/workspace/gsm_sim/gsm_sim_v_1_0_fifo/implementation/s
   ystem_chipscope_ila_0_wrapper.ncf(8)]

WARNING:ConstraintSystem:197 - The following specification is invalid because
   the referenced TNM constraint was removed:
   <TIMESPEC TS_J4_TO_D2 = FROM "FFS" TO D2_CLK TIG;>
   [/home/vivric/Documents/workspace/gsm_sim/gsm_sim_v_1_0_fifo/implementation/s
   ystem_chipscope_ila_0_wrapper.ncf(9)]

Checking Constraint Associations...
INFO:NgdBuild:981 - Could not find any associations for the following
   constraint:
       '<INST "U0/*/U_STAT/U_DIRTY_LDC" TNM = D2_CLK;>
   [/home/vivric/Documents/workspace/gsm_sim/gsm_sim_v_1_0_fifo/implementation/s
   ystem_chipscope_ila_0_wrapper.ncf(5)]'
Applying constraints in
"/home/vivric/Documents/workspace/gsm_sim/gsm_sim_v_1_0_fifo/implementation/syst
em_microblaze_0_ilmb_wrapper.ncf" to module "microblaze_0_ilmb"...
Checking Constraint Associations...
Applying constraints in
"/home/vivric/Documents/workspace/gsm_sim/gsm_sim_v_1_0_fifo/implementation/syst
em_microblaze_0_dlmb_wrapper.ncf" to module "microblaze_0_dlmb"...
Checking Constraint Associations...
Applying constraints in
"/home/vivric/Documents/workspace/gsm_sim/gsm_sim_v_1_0_fifo/implementation/syst
em_axi_intc_0_wrapper.ncf" to module "axi_intc_0"...
Checking Constraint Associations...
Applying constraints in
"/home/vivric/Documents/workspace/gsm_sim/gsm_sim_v_1_0_fifo/implementation/syst
em_axi4lite_0_wrapper.ncf" to module "axi4lite_0"...
Checking Constraint Associations...
Applying constraints in
"/home/vivric/Documents/workspace/gsm_sim/gsm_sim_v_1_0_fifo/implementation/syst
em_microblaze_0_wrapper.ncf" to module "microblaze_0"...
Checking Constraint Associations...
Applying constraints in
"/home/vivric/Documents/workspace/gsm_sim/gsm_sim_v_1_0_fifo/implementation/syst
em_chipscope_icon_0_wrapper.ncf" to module "chipscope_icon_0"...
WARNING:ConstraintSystem:190 - The TNM 'J_CLK', does not directly or indirectly
   drive any flip-flops, latches and/or RAMS and cannot be actively used by the
   referencing Period constraint 'TS_J_CLK'. If clock manager blocks are
   directly or indirectly driven, a new TNM and PERIOD are derived only if the
   PERIOD constraint is the only referencing constraint and if an output of the
   clock manager block drives flip-flops, latches or RAMs.  
   This TNM is used in the following user groups and/or specifications:
   <TIMESPEC TS_J_CLK = PERIOD J_CLK 30 ns ;>
   [/home/vivric/Documents/workspace/gsm_sim/gsm_sim_v_1_0_fifo/implementation/s
   ystem_chipscope_icon_0_wrapper.ncf(2)]
   <TIMESPEC TS_U_TO_J = FROM U_CLK TO J_CLK 15 ns ;>
   [/home/vivric/Documents/workspace/gsm_sim/gsm_sim_v_1_0_fifo/implementation/s
   ystem_chipscope_icon_0_wrapper.ncf(6)]
   <TIMESPEC TS_J_TO_D = FROM J_CLK TO D_CLK TIG ;>
   [/home/vivric/Documents/workspace/gsm_sim/gsm_sim_v_1_0_fifo/implementation/s
   ystem_chipscope_icon_0_wrapper.ncf(8)]
   <TIMESPEC TS_D_TO_J = FROM D_CLK TO J_CLK TIG ;>
   [/home/vivric/Documents/workspace/gsm_sim/gsm_sim_v_1_0_fifo/implementation/s
   ystem_chipscope_icon_0_wrapper.ncf(9)]

WARNING:ConstraintSystem:197 - The following specification is invalid because
   the referenced TNM constraint was removed:
   <TIMESPEC TS_J_CLK = PERIOD J_CLK 30 ns ;>
   [/home/vivric/Documents/workspace/gsm_sim/gsm_sim_v_1_0_fifo/implementation/s
   ystem_chipscope_icon_0_wrapper.ncf(2)]

WARNING:ConstraintSystem:197 - The following specification is invalid because
   the referenced TNM constraint was removed:
   <TIMESPEC TS_U_TO_J = FROM U_CLK TO J_CLK 15 ns ;>
   [/home/vivric/Documents/workspace/gsm_sim/gsm_sim_v_1_0_fifo/implementation/s
   ystem_chipscope_icon_0_wrapper.ncf(6)]

WARNING:ConstraintSystem:197 - The following specification is invalid because
   the referenced TNM constraint was removed:
   <TIMESPEC TS_J_TO_D = FROM J_CLK TO D_CLK TIG ;>
   [/home/vivric/Documents/workspace/gsm_sim/gsm_sim_v_1_0_fifo/implementation/s
   ystem_chipscope_icon_0_wrapper.ncf(8)]

WARNING:ConstraintSystem:197 - The following specification is invalid because
   the referenced TNM constraint was removed:
   <TIMESPEC TS_D_TO_J = FROM D_CLK TO J_CLK TIG ;>
   [/home/vivric/Documents/workspace/gsm_sim/gsm_sim_v_1_0_fifo/implementation/s
   ystem_chipscope_icon_0_wrapper.ncf(9)]

WARNING:ConstraintSystem:192 - The TNM 'U_CLK', does not directly or indirectly
   drive any flip-flops, latches and/or RAMS and cannot be actively used by the
   referencing MaxDelay constraint 'TS_U_TO_J'. If clock manager blocks are
   directly or indirectly driven, a new TNM constraint will not be derived since
   the none of the referencing constraints are a PERIOD constraint. This TNM is
   used in the following user groups and/or specifications:
   <TIMESPEC TS_U_TO_J = FROM U_CLK TO J_CLK 15 ns ;>
   [/home/vivric/Documents/workspace/gsm_sim/gsm_sim_v_1_0_fifo/implementation/s
   ystem_chipscope_icon_0_wrapper.ncf(6)]
   <TIMESPEC TS_U_TO_U = FROM U_CLK TO U_CLK 15 ns ;>
   [/home/vivric/Documents/workspace/gsm_sim/gsm_sim_v_1_0_fifo/implementation/s
   ystem_chipscope_icon_0_wrapper.ncf(7)]

WARNING:ConstraintSystem:197 - The following specification is invalid because
   the referenced TNM constraint was removed:
   <TIMESPEC TS_U_TO_J = FROM U_CLK TO J_CLK 15 ns ;>
   [/home/vivric/Documents/workspace/gsm_sim/gsm_sim_v_1_0_fifo/implementation/s
   ystem_chipscope_icon_0_wrapper.ncf(6)]

WARNING:ConstraintSystem:197 - The following specification is invalid because
   the referenced TNM constraint was removed:
   <TIMESPEC TS_U_TO_U = FROM U_CLK TO U_CLK 15 ns ;>
   [/home/vivric/Documents/workspace/gsm_sim/gsm_sim_v_1_0_fifo/implementation/s
   ystem_chipscope_icon_0_wrapper.ncf(7)]

Checking Constraint Associations...
INFO:NgdBuild:981 - Could not find any associations for the following
   constraint:
       '<NET "U0/U_ICON/*/iDRCK_LOCAL" TNM_NET = J_CLK ;>
   [/home/vivric/Documents/workspace/gsm_sim/gsm_sim_v_1_0_fifo/implementation/s
   ystem_chipscope_icon_0_wrapper.ncf(1)]'
INFO:NgdBuild:981 - Could not find any associations for the following
   constraint:
       '<NET "U0/iUPDATE_OUT" TNM_NET = U_CLK ;>
   [/home/vivric/Documents/workspace/gsm_sim/gsm_sim_v_1_0_fifo/implementation/s
   ystem_chipscope_icon_0_wrapper.ncf(4)]'
WARNING:NgdBuild:981 - Could not find any associations for the following
   constraint:
       '<NET "U0/iSHIFT_OUT" TIG ;>
   [/home/vivric/Documents/workspace/gsm_sim/gsm_sim_v_1_0_fifo/implementation/s
   ystem_chipscope_icon_0_wrapper.ncf(5)]'
Gathering constraint information from source properties...
Done.

Annotating constraints to design from ucf file "system.ucf" ...
Resolving constraint associations...
Checking Constraint Associations...
WARNING:ConstraintSystem:56 - Constraint <TIMESPEC TS_J_CLK = PERIOD "J_CLK"
   30000.000000000 pS HIGH 50.000000000 %;>: Unable to find an active 'TNM' or
   'TimeGrp' constraint named 'J_CLK'.

WARNING:ConstraintSystem:56 - Constraint <TIMESPEC TS_U_TO_J = FROM "U_CLK" TO
   "J_CLK" 15000.000000000 pS;>: Unable to find an active 'TimeGrp' or 'TNM' or
   'TPSync' constraint named 'U_CLK'.

WARNING:ConstraintSystem:56 - Constraint <TIMESPEC TS_U_TO_J = FROM "U_CLK" TO
   "J_CLK" 15000.000000000 pS;>: Unable to find an active 'TimeGrp' or 'TNM' or
   'TPSync' constraint named 'J_CLK'.

WARNING:ConstraintSystem:56 - Constraint <TIMESPEC TS_U_TO_U = FROM "U_CLK" TO
   "U_CLK" 15000.000000000 pS;>: Unable to find an active 'TimeGrp' or 'TNM' or
   'TPSync' constraint named 'U_CLK'.

WARNING:ConstraintSystem:56 - Constraint <TIMESPEC TS_U_TO_U = FROM "U_CLK" TO
   "U_CLK" 15000.000000000 pS;>: Unable to find an active 'TimeGrp' or 'TNM' or
   'TPSync' constraint named 'U_CLK'.

WARNING:ConstraintSystem:56 - Constraint <TIMESPEC TS_J_TO_D = FROM "J_CLK" TO
   "D_CLK" TIG;>: Unable to find an active 'TimeGrp' or 'TNM' or 'TPSync'
   constraint named 'J_CLK'.

WARNING:ConstraintSystem:56 - Constraint <TIMESPEC TS_D_TO_J = FROM "D_CLK" TO
   "J_CLK" TIG;>: Unable to find an active 'TimeGrp' or 'TNM' or 'TPSync'
   constraint named 'J_CLK'.

WARNING:ConstraintSystem:135 - Constraint <INST
   /system/EXPANDED/system/axi4lite_0/axi4lite_0\/si_converter_bank\/gen_conv_sl
   ot[0].clock_conv_inst\/interconnect_aresetn_resync<2>_inv1_INV_0 TNM =
   FFS:axi4lite_0_reset_resync>: No instances of type FFS were found under block
   "axi4lite_0/axi4lite_0/si_converter_bank/gen_conv_slot[0].clock_conv_inst/int
   erconnect_aresetn_resync<2>_inv1_INV_0" (type=INV).

WARNING:ConstraintSystem:58 - Constraint <TIMEGRP axi4lite_0_reset_source = FFS
   PADS CPUS;>: CPUS "*" does not match any design objects.

WARNING:ConstraintSystem:194 - The TNM 'axi4lite_0_reset_resync', does not
   directly or indirectly drive any flip-flops, latches and/or RAMs and is not
   actively used by any referencing constraint.

INFO:ConstraintSystem:178 - TNM 'sys_clk_pin', used in period specification
   'TS_sys_clk_pin', was traced into PLL_ADV instance
   clock_generator_0/PLL0_INST/Using_PLL_ADV.PLL_ADV_inst. The following new TNM
   groups and period specifications were generated at the PLL_ADV output(s): 
   CLKOUT0: <TIMESPEC TS_clock_generator_0_clock_generator_0_SIG_PLL0_CLKOUT0 =
   PERIOD "clock_generator_0_clock_generator_0_SIG_PLL0_CLKOUT0" TS_sys_clk_pin
   HIGH 50%>

Done...

Processing BMM file "system.bmm" ...

Checking expanded design ...
WARNING:NgdBuild:443 - SFF primitive
   'microblaze_0/microblaze_0/MicroBlaze_Core_I/Performance.Decode_I/Using_FPGA.
   Gen_Bits[27].MEM_EX_Result_Inst' has unconnected output pin

Partition Implementation Status
-------------------------------

  No Partitions were found in this design.

-------------------------------

NGDBUILD Design Results Summary:
  Number of errors:     0
  Number of warnings:  25

Writing NGD file "system.ngd" ...
Total REAL time to NGDBUILD completion: 1 min  8 sec
Total CPU time to NGDBUILD completion:  1 min  7 sec

Writing NGDBUILD log file "system.bld"...

NGDBUILD done.



#----------------------------------------------#
# Starting program map
# map -o system_map.ncd -w -pr b -ol high -timing -detail system.ngd system.pcf 
#----------------------------------------------#
Release 14.7 - Map P.20131013 (lin64)
Copyright (c) 1995-2013 Xilinx, Inc.  All rights reserved.
PMSPEC -- Overriding Xilinx file
</home/vivric/Documents/xilinx/14.7/ISE_DS/EDK/data/Xdh_PrimTypeLib.xda> with
local file
</home/vivric/Documents/xilinx/14.7/ISE_DS/ISE/data/Xdh_PrimTypeLib.xda>
Using target part "6slx16csg324-3".
Mapping design into LUTs...
Writing file system_map.ngm...
Running directed packing...
Running delay-based LUT packing...
Updating timing models...
INFO:Map:215 - The Interim Design Summary has been generated in the MAP Report
   (.mrp).
Running timing-driven placement...
Total REAL time at the beginning of Placer: 23 secs 
Total CPU  time at the beginning of Placer: 22 secs 

Phase 1.1  Initial Placement Analysis
Phase 1.1  Initial Placement Analysis (Checksum:3f69664) REAL time: 25 secs 

Phase 2.7  Design Feasibility Check
WARNING:Place:837 - Partially locked IO Bus is found. 
    Following components of the bus are not locked: 
   	 Comp: sc_uart_0_rx_data_pin<7>
   	 Comp: sc_uart_0_rx_data_pin<6>
   	 Comp: sc_uart_0_rx_data_pin<5>

WARNING:Place:838 - An IO Bus with more than one IO standard is found.
   Components associated with this bus are as follows: 
   	 Comp: sc_uart_0_rx_data_pin<0>   IOSTANDARD = LVCMOS33
   	 Comp: sc_uart_0_rx_data_pin<1>   IOSTANDARD = LVCMOS33
   	 Comp: sc_uart_0_rx_data_pin<2>   IOSTANDARD = LVCMOS33
   	 Comp: sc_uart_0_rx_data_pin<3>   IOSTANDARD = LVCMOS33
   	 Comp: sc_uart_0_rx_data_pin<4>   IOSTANDARD = LVCMOS33
   	 Comp: sc_uart_0_rx_data_pin<5>   IOSTANDARD = LVCMOS25
   	 Comp: sc_uart_0_rx_data_pin<6>   IOSTANDARD = LVCMOS25
   	 Comp: sc_uart_0_rx_data_pin<7>   IOSTANDARD = LVCMOS25


WARNING:Place:837 - Partially locked IO Bus is found. 
    Following components of the bus are not locked: 
   	 Comp: sc_uart_0_tx_data_pin<7>
   	 Comp: sc_uart_0_tx_data_pin<6>
   	 Comp: sc_uart_0_tx_data_pin<5>

WARNING:Place:838 - An IO Bus with more than one IO standard is found.
   Components associated with this bus are as follows: 
   	 Comp: sc_uart_0_tx_data_pin<0>   IOSTANDARD = LVCMOS33
   	 Comp: sc_uart_0_tx_data_pin<1>   IOSTANDARD = LVCMOS33
   	 Comp: sc_uart_0_tx_data_pin<2>   IOSTANDARD = LVCMOS33
   	 Comp: sc_uart_0_tx_data_pin<3>   IOSTANDARD = LVCMOS33
   	 Comp: sc_uart_0_tx_data_pin<4>   IOSTANDARD = LVCMOS33
   	 Comp: sc_uart_0_tx_data_pin<5>   IOSTANDARD = LVCMOS25
   	 Comp: sc_uart_0_tx_data_pin<6>   IOSTANDARD = LVCMOS25
   	 Comp: sc_uart_0_tx_data_pin<7>   IOSTANDARD = LVCMOS25


INFO:Place:834 - Only a subset of IOs are locked. Out of 46 IOs, 24 are locked
   and 22 are not locked. If you would like to print the names of these IOs,
   please set the environment variable XIL_PAR_DESIGN_CHECK_VERBOSE to 1. 
Phase 2.7  Design Feasibility Check (Checksum:3f69664) REAL time: 25 secs 

Phase 3.31  Local Placement Optimization
Phase 3.31  Local Placement Optimization (Checksum:7d7c1476) REAL time: 25 secs 

Phase 4.2  Initial Placement for Architecture Specific Features
....
Phase 4.2  Initial Placement for Architecture Specific Features
(Checksum:89e84b26) REAL time: 31 secs 

Phase 5.36  Local Placement Optimization
Phase 5.36  Local Placement Optimization (Checksum:89e84b26) REAL time: 31 secs 

Phase 6.30  Global Clock Region Assignment
Phase 6.30  Global Clock Region Assignment (Checksum:89e84b26) REAL time: 31 secs 

Phase 7.3  Local Placement Optimization
....
Phase 7.3  Local Placement Optimization (Checksum:ff7f1cf8) REAL time: 31 secs 

Phase 8.5  Local Placement Optimization
Phase 8.5  Local Placement Optimization (Checksum:6ddb966a) REAL time: 31 secs 

Phase 9.8  Global Placement
......................
..................................
......
Phase 9.8  Global Placement (Checksum:288333b4) REAL time: 41 secs 

Phase 10.5  Local Placement Optimization
Phase 10.5  Local Placement Optimization (Checksum:288333b4) REAL time: 41 secs 

Phase 11.18  Placement Optimization
Phase 11.18  Placement Optimization (Checksum:10c6fb3c) REAL time: 47 secs 

Phase 12.5  Local Placement Optimization
Phase 12.5  Local Placement Optimization (Checksum:10c6fb3c) REAL time: 47 secs 

Phase 13.34  Placement Validation
Phase 13.34  Placement Validation (Checksum:daa70c8c) REAL time: 47 secs 

Total REAL time to Placer completion: 48 secs 
Total CPU  time to Placer completion: 46 secs 
Running post-placement packing...
Writing output files...

Design Summary:
Number of errors:      0
Number of warnings:   66
Slice Logic Utilization:
  Number of Slice Registers:                 3,348 out of  18,224   18%
    Number used as Flip Flops:               3,339
    Number used as Latches:                      2
    Number used as Latch-thrus:                  0
    Number used as AND/OR logics:                7
  Number of Slice LUTs:                      3,578 out of   9,112   39%
    Number used as logic:                    2,577 out of   9,112   28%
      Number using O6 output only:           1,895
      Number using O5 output only:             271
      Number using O5 and O6:                  411
      Number used as ROM:                        0
    Number used as Memory:                     638 out of   2,176   29%
      Number used as Dual Port RAM:             64
        Number using O6 output only:             0
        Number using O5 output only:             0
        Number using O5 and O6:                 64
      Number used as Single Port RAM:            0
      Number used as Shift Register:           574
        Number using O6 output only:           319
        Number using O5 output only:             4
        Number using O5 and O6:                251
    Number used exclusively as route-thrus:    363
      Number with same-slice register load:    339
      Number with same-slice carry load:        24
      Number with other load:                    0

Slice Logic Distribution:
  Number of occupied Slices:                 1,579 out of   2,278   69%
  Number of MUXCYs used:                       796 out of   4,556   17%
  Number of LUT Flip Flop pairs used:        4,500
    Number with an unused Flip Flop:         1,710 out of   4,500   38%
    Number with an unused LUT:                 922 out of   4,500   20%
    Number of fully used LUT-FF pairs:       1,868 out of   4,500   41%
    Number of unique control sets:             275
    Number of slice register sites lost
      to control set restrictions:           1,258 out of  18,224    6%

  A LUT Flip Flop pair for this architecture represents one LUT paired with
  one Flip Flop within a slice.  A control set is a unique combination of
  clock, reset, set, and enable signals for a registered element.
  The Slice Logic Distribution report is not meaningful if the design is
  over-mapped for a non-slice resource or if Placement fails.

IO Utilization:
  Number of bonded IOBs:                        46 out of     232   19%
    Number of LOCed IOBs:                       24 out of      46   52%
    IOB Flip Flops:                             13

Specific Feature Utilization:
  Number of RAMB16BWERs:                        15 out of      32   46%
  Number of RAMB8BWERs:                          2 out of      64    3%
  Number of BUFIO2/BUFIO2_2CLKs:                 1 out of      32    3%
    Number used as BUFIO2s:                      1
    Number used as BUFIO2_2CLKs:                 0
  Number of BUFIO2FB/BUFIO2FB_2CLKs:             0 out of      32    0%
  Number of BUFG/BUFGMUXs:                       3 out of      16   18%
    Number used as BUFGs:                        3
    Number used as BUFGMUX:                      0
  Number of DCM/DCM_CLKGENs:                     0 out of       4    0%
  Number of ILOGIC2/ISERDES2s:                  12 out of     248    4%
    Number used as ILOGIC2s:                    12
    Number used as ISERDES2s:                    0
  Number of IODELAY2/IODRP2/IODRP2_MCBs:         0 out of     248    0%
  Number of OLOGIC2/OSERDES2s:                   1 out of     248    1%
    Number used as OLOGIC2s:                     1
    Number used as OSERDES2s:                    0
  Number of BSCANs:                              2 out of       4   50%
  Number of BUFHs:                               0 out of     128    0%
  Number of BUFPLLs:                             0 out of       8    0%
  Number of BUFPLL_MCBs:                         0 out of       4    0%
  Number of DSP48A1s:                            3 out of      32    9%
  Number of ICAPs:                               0 out of       1    0%
  Number of MCBs:                                0 out of       2    0%
  Number of PCILOGICSEs:                         0 out of       2    0%
  Number of PLL_ADVs:                            1 out of       2   50%
  Number of PMVs:                                0 out of       1    0%
  Number of STARTUPs:                            0 out of       1    0%
  Number of SUSPEND_SYNCs:                       0 out of       1    0%

  Number of RPM macros:            9
Average Fanout of Non-Clock Nets:                3.35

Peak Memory Usage:  813 MB
Total REAL time to MAP completion:  53 secs 
Total CPU time to MAP completion:   51 secs 

Mapping completed.
See MAP report file "system_map.mrp" for details.



#----------------------------------------------#
# Starting program par
# par -w -ol high system_map.ncd system.ncd system.pcf 
#----------------------------------------------#
Release 14.7 - par P.20131013 (lin64)
Copyright (c) 1995-2013 Xilinx, Inc.  All rights reserved.
PMSPEC -- Overriding Xilinx file </home/vivric/Documents/xilinx/14.7/ISE_DS/EDK/data/parBmgr.acd> with local file
</home/vivric/Documents/xilinx/14.7/ISE_DS/ISE/data/parBmgr.acd>



Constraints file: system.pcf.
Loading device for application Rf_Device from file '6slx16.nph' in environment
/home/vivric/Documents/xilinx/14.7/ISE_DS/ISE/:/home/vivric/Documents/xilinx/14.7/ISE_DS/EDK.
   "system" is an NCD, version 3.2, device xc6slx16, package csg324, speed -3

Initializing temperature to 85.000 Celsius. (default - Range: 0.000 to 85.000 Celsius)
Initializing voltage to 1.140 Volts. (default - Range: 1.140 to 1.260 Volts)


Device speed data version:  "PRODUCTION 1.23 2013-10-13".



Device Utilization Summary:

Slice Logic Utilization:
  Number of Slice Registers:                 3,348 out of  18,224   18%
    Number used as Flip Flops:               3,339
    Number used as Latches:                      2
    Number used as Latch-thrus:                  0
    Number used as AND/OR logics:                7
  Number of Slice LUTs:                      3,578 out of   9,112   39%
    Number used as logic:                    2,577 out of   9,112   28%
      Number using O6 output only:           1,895
      Number using O5 output only:             271
      Number using O5 and O6:                  411
      Number used as ROM:                        0
    Number used as Memory:                     638 out of   2,176   29%
      Number used as Dual Port RAM:             64
        Number using O6 output only:             0
        Number using O5 output only:             0
        Number using O5 and O6:                 64
      Number used as Single Port RAM:            0
      Number used as Shift Register:           574
        Number using O6 output only:           319
        Number using O5 output only:             4
        Number using O5 and O6:                251
    Number used exclusively as route-thrus:    363
      Number with same-slice register load:    339
      Number with same-slice carry load:        24
      Number with other load:                    0

Slice Logic Distribution:
  Number of occupied Slices:                 1,579 out of   2,278   69%
  Number of MUXCYs used:                       796 out of   4,556   17%
  Number of LUT Flip Flop pairs used:        4,500
    Number with an unused Flip Flop:         1,710 out of   4,500   38%
    Number with an unused LUT:                 922 out of   4,500   20%
    Number of fully used LUT-FF pairs:       1,868 out of   4,500   41%
    Number of slice register sites lost
      to control set restrictions:               0 out of  18,224    0%

  A LUT Flip Flop pair for this architecture represents one LUT paired with
  one Flip Flop within a slice.  A control set is a unique combination of
  clock, reset, set, and enable signals for a registered element.
  The Slice Logic Distribution report is not meaningful if the design is
  over-mapped for a non-slice resource or if Placement fails.

IO Utilization:
  Number of bonded IOBs:                        46 out of     232   19%
    Number of LOCed IOBs:                       24 out of      46   52%
    IOB Flip Flops:                             13

Specific Feature Utilization:
  Number of RAMB16BWERs:                        15 out of      32   46%
  Number of RAMB8BWERs:                          2 out of      64    3%
  Number of BUFIO2/BUFIO2_2CLKs:                 1 out of      32    3%
    Number used as BUFIO2s:                      1
    Number used as BUFIO2_2CLKs:                 0
  Number of BUFIO2FB/BUFIO2FB_2CLKs:             0 out of      32    0%
  Number of BUFG/BUFGMUXs:                       3 out of      16   18%
    Number used as BUFGs:                        3
    Number used as BUFGMUX:                      0
  Number of DCM/DCM_CLKGENs:                     0 out of       4    0%
  Number of ILOGIC2/ISERDES2s:                  12 out of     248    4%
    Number used as ILOGIC2s:                    12
    Number used as ISERDES2s:                    0
  Number of IODELAY2/IODRP2/IODRP2_MCBs:         0 out of     248    0%
  Number of OLOGIC2/OSERDES2s:                   1 out of     248    1%
    Number used as OLOGIC2s:                     1
    Number used as OSERDES2s:                    0
  Number of BSCANs:                              2 out of       4   50%
  Number of BUFHs:                               0 out of     128    0%
  Number of BUFPLLs:                             0 out of       8    0%
  Number of BUFPLL_MCBs:                         0 out of       4    0%
  Number of DSP48A1s:                            3 out of      32    9%
  Number of ICAPs:                               0 out of       1    0%
  Number of MCBs:                                0 out of       2    0%
  Number of PCILOGICSEs:                         0 out of       2    0%
  Number of PLL_ADVs:                            1 out of       2   50%
  Number of PMVs:                                0 out of       1    0%
  Number of STARTUPs:                            0 out of       1    0%
  Number of SUSPEND_SYNCs:                       0 out of       1    0%


Overall effort level (-ol):   High 
Router effort level (-rl):    High 

INFO:Timing:3386 - Intersecting Constraints found and resolved.  For more information, see the TSI report.  Please consult the Xilinx
   Command Line Tools User Guide for information on generating a TSI report.
Starting initial Timing Analysis.  REAL time: 13 secs 
Finished initial Timing Analysis.  REAL time: 13 secs 

WARNING:Par:288 - The signal
   microblaze_0/microblaze_0/MicroBlaze_Core_I/Performance.Data_Flow_I/exception_registers_I1/FPGA_Target.Using_FPGA_LUT6.Gen_Ret_Addr[0].MU
   XCY_I/O has no load.  PAR will not attempt to route this signal.
WARNING:Par:288 - The signal microblaze_0/microblaze_0/MicroBlaze_Core_I/Trace_Data_Write_Value<16> has no load.  PAR will not attempt to
   route this signal.
WARNING:Par:288 - The signal microblaze_0/microblaze_0/MicroBlaze_Core_I/Trace_Data_Write_Value<17> has no load.  PAR will not attempt to
   route this signal.
WARNING:Par:288 - The signal microblaze_0/microblaze_0/MicroBlaze_Core_I/Trace_Data_Write_Value<18> has no load.  PAR will not attempt to
   route this signal.
WARNING:Par:288 - The signal microblaze_0/microblaze_0/MicroBlaze_Core_I/Trace_Data_Write_Value<19> has no load.  PAR will not attempt to
   route this signal.
WARNING:Par:288 - The signal microblaze_0/microblaze_0/MicroBlaze_Core_I/Trace_Data_Write_Value<8> has no load.  PAR will not attempt to
   route this signal.
WARNING:Par:288 - The signal microblaze_0/microblaze_0/MicroBlaze_Core_I/Trace_Data_Write_Value<9> has no load.  PAR will not attempt to
   route this signal.
WARNING:Par:288 - The signal microblaze_0/microblaze_0/MicroBlaze_Core_I/Trace_Data_Write_Value<10> has no load.  PAR will not attempt to
   route this signal.
WARNING:Par:288 - The signal microblaze_0/microblaze_0/MicroBlaze_Core_I/Trace_Data_Write_Value<11> has no load.  PAR will not attempt to
   route this signal.
WARNING:Par:288 - The signal
   microblaze_0/microblaze_0/MicroBlaze_Core_I/Performance.Data_Flow_I/Register_File_I/Using_LUT6.All_RAM32M[6].ram32m_i_RAMD_D1_O has no
   load.  PAR will not attempt to route this signal.
WARNING:Par:288 - The signal microblaze_0/microblaze_0/MicroBlaze_Core_I/Trace_Data_Byte_Enable<0> has no load.  PAR will not attempt to
   route this signal.
WARNING:Par:288 - The signal microblaze_0/microblaze_0/MicroBlaze_Core_I/Trace_Data_Byte_Enable<1> has no load.  PAR will not attempt to
   route this signal.
WARNING:Par:288 - The signal microblaze_0/microblaze_0/MicroBlaze_Core_I/Trace_Data_Byte_Enable<2> has no load.  PAR will not attempt to
   route this signal.
WARNING:Par:288 - The signal microblaze_0/microblaze_0/MicroBlaze_Core_I/Trace_Data_Byte_Enable<3> has no load.  PAR will not attempt to
   route this signal.
WARNING:Par:288 - The signal microblaze_0/microblaze_0/MicroBlaze_Core_I/Trace_Data_Write_Value<4> has no load.  PAR will not attempt to
   route this signal.
WARNING:Par:288 - The signal microblaze_0/microblaze_0/MicroBlaze_Core_I/Trace_Data_Write_Value<5> has no load.  PAR will not attempt to
   route this signal.
WARNING:Par:288 - The signal microblaze_0/microblaze_0/MicroBlaze_Core_I/Trace_Data_Write_Value<6> has no load.  PAR will not attempt to
   route this signal.
WARNING:Par:288 - The signal microblaze_0/microblaze_0/MicroBlaze_Core_I/Trace_Data_Write_Value<7> has no load.  PAR will not attempt to
   route this signal.
WARNING:Par:288 - The signal microblaze_0/microblaze_0/MicroBlaze_Core_I/Trace_Data_Write_Value<20> has no load.  PAR will not attempt to
   route this signal.
WARNING:Par:288 - The signal microblaze_0/microblaze_0/MicroBlaze_Core_I/Trace_Data_Write_Value<21> has no load.  PAR will not attempt to
   route this signal.
WARNING:Par:288 - The signal microblaze_0/microblaze_0/MicroBlaze_Core_I/Trace_Data_Write_Value<22> has no load.  PAR will not attempt to
   route this signal.
WARNING:Par:288 - The signal microblaze_0/microblaze_0/MicroBlaze_Core_I/Trace_Data_Write_Value<23> has no load.  PAR will not attempt to
   route this signal.
WARNING:Par:288 - The signal
   microblaze_0/microblaze_0/MicroBlaze_Core_I/Performance.Data_Flow_I/Register_File_I/Using_LUT6.All_RAM32M[5].ram32m_i_RAMD_D1_O has no
   load.  PAR will not attempt to route this signal.
WARNING:Par:288 - The signal microblaze_0/microblaze_0/MicroBlaze_Core_I/Trace_Data_Write_Value<0> has no load.  PAR will not attempt to
   route this signal.
WARNING:Par:288 - The signal microblaze_0/microblaze_0/MicroBlaze_Core_I/Trace_Data_Write_Value<1> has no load.  PAR will not attempt to
   route this signal.
WARNING:Par:288 - The signal microblaze_0/microblaze_0/MicroBlaze_Core_I/Trace_Data_Write_Value<2> has no load.  PAR will not attempt to
   route this signal.
WARNING:Par:288 - The signal microblaze_0/microblaze_0/MicroBlaze_Core_I/Trace_Data_Write_Value<3> has no load.  PAR will not attempt to
   route this signal.
WARNING:Par:288 - The signal microblaze_0_d_bram_ctrl_2_microblaze_0_bram_block_BRAM_Addr<31> has no load.  PAR will not attempt to route
   this signal.
WARNING:Par:288 - The signal
   microblaze_0/microblaze_0/MicroBlaze_Core_I/Performance.Data_Flow_I/Register_File_I/Using_LUT6.All_RAM32M[9].ram32m_i_RAMD_D1_O has no
   load.  PAR will not attempt to route this signal.
WARNING:Par:288 - The signal
   microblaze_0/microblaze_0/MicroBlaze_Core_I/Performance.Data_Flow_I/Register_File_I/Using_LUT6.All_RAM32M[11].ram32m_i_RAMD_D1_O has no
   load.  PAR will not attempt to route this signal.
WARNING:Par:288 - The signal
   microblaze_0/microblaze_0/MicroBlaze_Core_I/Performance.Data_Flow_I/Register_File_I/Using_LUT6.All_RAM32M[10].ram32m_i_RAMD_D1_O has no
   load.  PAR will not attempt to route this signal.
WARNING:Par:288 - The signal microblaze_0/microblaze_0/MicroBlaze_Core_I/Trace_Data_Write_Value<12> has no load.  PAR will not attempt to
   route this signal.
WARNING:Par:288 - The signal microblaze_0/microblaze_0/MicroBlaze_Core_I/Trace_Data_Write_Value<13> has no load.  PAR will not attempt to
   route this signal.
WARNING:Par:288 - The signal microblaze_0/microblaze_0/MicroBlaze_Core_I/Trace_Data_Write_Value<14> has no load.  PAR will not attempt to
   route this signal.
WARNING:Par:288 - The signal microblaze_0/microblaze_0/MicroBlaze_Core_I/Trace_Data_Write_Value<15> has no load.  PAR will not attempt to
   route this signal.
WARNING:Par:288 - The signal axi4lite_0/axi4lite_0/crossbar_samd/gen_sasd.crossbar_sasd_0/gen_crossbar.mi_rmesg_mux_inst/gen_fpga.hh<2> has
   no load.  PAR will not attempt to route this signal.
WARNING:Par:288 - The signal axi4lite_0/axi4lite_0/crossbar_samd/gen_sasd.crossbar_sasd_0/gen_crossbar.mi_bmesg_mux_inst/gen_fpga.hh<0> has
   no load.  PAR will not attempt to route this signal.
WARNING:Par:288 - The signal axi4lite_0/axi4lite_0/crossbar_samd/gen_sasd.crossbar_sasd_0/gen_crossbar.mi_rmesg_mux_inst/gen_fpga.hh<1> has
   no load.  PAR will not attempt to route this signal.
WARNING:Par:288 - The signal
   microblaze_0/microblaze_0/MicroBlaze_Core_I/Performance.Data_Flow_I/Register_File_I/Using_LUT6.All_RAM32M[7].ram32m_i_RAMD_D1_O has no
   load.  PAR will not attempt to route this signal.
WARNING:Par:288 - The signal
   microblaze_0/microblaze_0/MicroBlaze_Core_I/Performance.Data_Flow_I/Register_File_I/Using_LUT6.All_RAM32M[4].ram32m_i_RAMD_D1_O has no
   load.  PAR will not attempt to route this signal.
WARNING:Par:288 - The signal
   microblaze_0/microblaze_0/MicroBlaze_Core_I/Performance.Data_Flow_I/Register_File_I/Using_LUT6.All_RAM32M[1].ram32m_i_RAMD_D1_O has no
   load.  PAR will not attempt to route this signal.
WARNING:Par:288 - The signal
   microblaze_0/microblaze_0/MicroBlaze_Core_I/Performance.Data_Flow_I/Register_File_I/Using_LUT6.All_RAM32M[12].ram32m_i_RAMD_D1_O has no
   load.  PAR will not attempt to route this signal.
WARNING:Par:288 - The signal
   microblaze_0/microblaze_0/MicroBlaze_Core_I/Performance.Data_Flow_I/Register_File_I/Using_LUT6.All_RAM32M[15].ram32m_i_RAMD_D1_O has no
   load.  PAR will not attempt to route this signal.
WARNING:Par:288 - The signal
   microblaze_0/microblaze_0/MicroBlaze_Core_I/Performance.Data_Flow_I/Register_File_I/Using_LUT6.All_RAM32M[0].ram32m_i_RAMD_D1_O has no
   load.  PAR will not attempt to route this signal.
WARNING:Par:288 - The signal microblaze_0/microblaze_0/MicroBlaze_Core_I/Trace_Data_Write_Value<24> has no load.  PAR will not attempt to
   route this signal.
WARNING:Par:288 - The signal microblaze_0/microblaze_0/MicroBlaze_Core_I/Trace_Data_Write_Value<25> has no load.  PAR will not attempt to
   route this signal.
WARNING:Par:288 - The signal microblaze_0/microblaze_0/MicroBlaze_Core_I/Trace_Data_Write_Value<26> has no load.  PAR will not attempt to
   route this signal.
WARNING:Par:288 - The signal microblaze_0/microblaze_0/MicroBlaze_Core_I/Trace_Data_Write_Value<27> has no load.  PAR will not attempt to
   route this signal.
WARNING:Par:288 - The signal
   microblaze_0/microblaze_0/MicroBlaze_Core_I/Performance.Data_Flow_I/Register_File_I/Using_LUT6.All_RAM32M[13].ram32m_i_RAMD_D1_O has no
   load.  PAR will not attempt to route this signal.
WARNING:Par:288 - The signal
   microblaze_0/microblaze_0/MicroBlaze_Core_I/Performance.Data_Flow_I/Register_File_I/Using_LUT6.All_RAM32M[8].ram32m_i_RAMD_D1_O has no
   load.  PAR will not attempt to route this signal.
WARNING:Par:288 - The signal
   microblaze_0/microblaze_0/MicroBlaze_Core_I/Performance.Data_Flow_I/Register_File_I/Using_LUT6.All_RAM32M[14].ram32m_i_RAMD_D1_O has no
   load.  PAR will not attempt to route this signal.
WARNING:Par:288 - The signal
   microblaze_0/microblaze_0/MicroBlaze_Core_I/Performance.Data_Flow_I/Register_File_I/Using_LUT6.All_RAM32M[3].ram32m_i_RAMD_D1_O has no
   load.  PAR will not attempt to route this signal.
WARNING:Par:288 - The signal microblaze_0_d_bram_ctrl_2_microblaze_0_bram_block_BRAM_Addr<30> has no load.  PAR will not attempt to route
   this signal.
WARNING:Par:288 - The signal microblaze_0/microblaze_0/MicroBlaze_Core_I/Trace_Data_Write_Value<28> has no load.  PAR will not attempt to
   route this signal.
WARNING:Par:288 - The signal microblaze_0/microblaze_0/MicroBlaze_Core_I/Trace_Data_Write_Value<29> has no load.  PAR will not attempt to
   route this signal.
WARNING:Par:288 - The signal microblaze_0/microblaze_0/MicroBlaze_Core_I/Trace_Data_Write_Value<30> has no load.  PAR will not attempt to
   route this signal.
WARNING:Par:288 - The signal microblaze_0/microblaze_0/MicroBlaze_Core_I/Trace_Data_Write_Value<31> has no load.  PAR will not attempt to
   route this signal.
WARNING:Par:288 - The signal
   microblaze_0/microblaze_0/MicroBlaze_Core_I/Performance.Data_Flow_I/Register_File_I/Using_LUT6.All_RAM32M[2].ram32m_i_RAMD_D1_O has no
   load.  PAR will not attempt to route this signal.
WARNING:Par:288 - The signal axi4lite_0/axi4lite_0/crossbar_samd/gen_sasd.crossbar_sasd_0/gen_crossbar.mi_bmesg_mux_inst/gen_fpga.hh<1> has
   no load.  PAR will not attempt to route this signal.
Starting Router


Phase  1  : 23947 unrouted;      REAL time: 14 secs 

Phase  2  : 18263 unrouted;      REAL time: 16 secs 

Phase  3  : 6703 unrouted;      REAL time: 32 secs 

Phase  4  : 6703 unrouted; (Setup:0, Hold:0, Component Switching Limit:0)     REAL time: 33 secs 

Updating file: system.ncd with current fully routed design.

Phase  5  : 0 unrouted; (Setup:0, Hold:0, Component Switching Limit:0)     REAL time: 48 secs 

Phase  6  : 0 unrouted; (Setup:0, Hold:0, Component Switching Limit:0)     REAL time: 48 secs 

Phase  7  : 0 unrouted; (Setup:0, Hold:0, Component Switching Limit:0)     REAL time: 48 secs 

Phase  8  : 0 unrouted; (Setup:0, Hold:0, Component Switching Limit:0)     REAL time: 48 secs 

Phase  9  : 0 unrouted; (Setup:0, Hold:0, Component Switching Limit:0)     REAL time: 48 secs 

Phase 10  : 0 unrouted; (Setup:0, Hold:0, Component Switching Limit:0)     REAL time: 49 secs 
Total REAL time to Router completion: 49 secs 
Total CPU time to Router completion: 50 secs 

Partition Implementation Status
-------------------------------

  No Partitions were found in this design.

-------------------------------

Generating "PAR" statistics.

**************************
Generating Clock Report
**************************

+---------------------+--------------+------+------+------------+-------------+
|        Clock Net    |   Resource   |Locked|Fanout|Net Skew(ns)|Max Delay(ns)|
+---------------------+--------------+------+------+------------+-------------+
|     clk_100_0000MHz |  BUFGMUX_X2Y3| No   | 1148 |  0.549     |  1.395      |
+---------------------+--------------+------+------+------------+-------------+
|chipscope_axi_monito |              |      |      |            |             |
|    r_0_icon_ctrl<0> |  BUFGMUX_X2Y2| No   |  173 |  0.062     |  0.910      |
+---------------------+--------------+------+------+------------+-------------+
|microblaze_0_debug_D |              |      |      |            |             |
|              bg_Clk | BUFGMUX_X3Y13| No   |  132 |  0.061     |  0.910      |
+---------------------+--------------+------+------+------------+-------------+
|microblaze_0_debug_D |              |      |      |            |             |
|           bg_Update |         Local|      |   20 |  5.117     |  6.542      |
+---------------------+--------------+------+------+------------+-------------+
|chipscope_axi_monito |              |      |      |            |             |
|   r_0_icon_ctrl<13> |         Local|      |    5 |  0.000     |  0.916      |
+---------------------+--------------+------+------+------------+-------------+
|chipscope_icon_0/chi |              |      |      |            |             |
|pscope_icon_0/i_chip |              |      |      |            |             |
|scope_icon_0/U0/iUPD |              |      |      |            |             |
|             ATE_OUT |         Local|      |    1 |  0.000     |  0.877      |
+---------------------+--------------+------+------+------------+-------------+
|fit_timer_0_Interrup |              |      |      |            |             |
|                   t |         Local|      |    1 |  0.000     |  0.734      |
+---------------------+--------------+------+------+------------+-------------+
|chipscope_ila_0_icon |              |      |      |            |             |
|        _control<13> |         Local|      |    5 |  0.000     |  0.299      |
+---------------------+--------------+------+------+------------+-------------+

* Net Skew is the difference between the minimum and maximum routing
only delays for the net. Note this is different from Clock Skew which
is reported in TRCE timing report. Clock Skew is the difference between
the minimum and maximum path delays which includes logic delays.

* The fanout is the number of component pins not the individual BEL loads,
for example SLICE loads not FF loads.

Timing Score: 0 (Setup: 0, Hold: 0, Component Switching Limit: 0)

Number of Timing Constraints that were not applied: 6

Asterisk (*) preceding a constraint indicates it was not met.
   This may be due to a setup or hold violation.

----------------------------------------------------------------------------------------------------------
  Constraint                                |    Check    | Worst Case |  Best Case | Timing |   Timing   
                                            |             |    Slack   | Achievable | Errors |    Score   
----------------------------------------------------------------------------------------------------------
  TS_sys_clk_pin = PERIOD TIMEGRP "sys_clk_ | MINLOWPULSE |     6.666ns|     3.334ns|       0|           0
  pin" 100 MHz HIGH 50%                     |             |            |            |        |            
----------------------------------------------------------------------------------------------------------
  TS_clock_generator_0_clock_generator_0_SI | MINPERIOD   |     6.876ns|     3.124ns|       0|           0
  G_PLL0_CLKOUT0 = PERIOD TIMEGRP         " |             |            |            |        |            
  clock_generator_0_clock_generator_0_SIG_P |             |            |            |        |            
  LL0_CLKOUT0" TS_sys_clk_pin         HIGH  |             |            |            |        |            
  50%                                       |             |            |            |        |            
----------------------------------------------------------------------------------------------------------
  PATH "TS_TIG_microblaze_0_Reset_path" TIG | SETUP       |         N/A|     2.798ns|     N/A|           0
----------------------------------------------------------------------------------------------------------
  PATH "TS_TIG_microblaze_0_Interrupt_path" | N/A         |         N/A|         N/A|     N/A|         N/A
   TIG                                      |             |            |            |        |            
----------------------------------------------------------------------------------------------------------
  PATH "TS_axi4lite_0_reset_resync_path" TI | MAXDELAY    |         N/A|     4.599ns|     N/A|           0
  G                                         |             |            |            |        |            
----------------------------------------------------------------------------------------------------------
  PATH "TS_sync_axi_intc_0_path" TIG        | SETUP       |         N/A|     6.723ns|     N/A|           0
----------------------------------------------------------------------------------------------------------
  PATH "TS_intr_sync_p1_axi_intc_0_path" TI | SETUP       |         N/A|    -0.898ns|     N/A|           0
  G                                         |             |            |            |        |            
----------------------------------------------------------------------------------------------------------
  PATH "TS_MB_AXI_FP_axi_intc_0_path" TIG   | N/A         |         N/A|         N/A|     N/A|         N/A
----------------------------------------------------------------------------------------------------------
  PATH "TS_AXI_MB_FP_axi_intc_0_path" TIG   | SETUP       |         N/A|    10.473ns|     N/A|           0
----------------------------------------------------------------------------------------------------------
  PATH "TS_TIG_microblaze_0_dlmb_POR_FF_I_p | SETUP       |         N/A|     1.817ns|     N/A|           0
  ath" TIG                                  |             |            |            |        |            
----------------------------------------------------------------------------------------------------------
  PATH "TS_TIG_microblaze_0_ilmb_POR_FF_I_p | SETUP       |         N/A|     2.111ns|     N/A|           0
  ath" TIG                                  |             |            |            |        |            
----------------------------------------------------------------------------------------------------------
  PATH "TS_D2_TO_T2_path" TIG               | SETUP       |         N/A|     4.465ns|     N/A|           0
----------------------------------------------------------------------------------------------------------
  PATH "TS_J2_TO_D2_path" TIG               | N/A         |         N/A|         N/A|     N/A|         N/A
----------------------------------------------------------------------------------------------------------
  PATH "TS_J3_TO_D2_path" TIG               | N/A         |         N/A|         N/A|     N/A|         N/A
----------------------------------------------------------------------------------------------------------
  PATH "TS_J4_TO_D2_path" TIG               | MAXDELAY    |         N/A|     4.409ns|     N/A|           0
----------------------------------------------------------------------------------------------------------


Derived Constraint Report
Review Timing Report for more details on the following derived constraints.
To create a Timing Report, run "trce -v 12 -fastpaths -o design_timing_report design.ncd design.pcf"
or "Run Timing Analysis" from Timing Analyzer (timingan).
Derived Constraints for TS_sys_clk_pin
+-------------------------------+-------------+-------------+-------------+-------------+-------------+-------------+-------------+
|                               |   Period    |       Actual Period       |      Timing Errors        |      Paths Analyzed       |
|           Constraint          | Requirement |-------------+-------------|-------------+-------------|-------------+-------------|
|                               |             |   Direct    | Derivative  |   Direct    | Derivative  |   Direct    | Derivative  |
+-------------------------------+-------------+-------------+-------------+-------------+-------------+-------------+-------------+
|TS_sys_clk_pin                 |     10.000ns|      3.334ns|      3.124ns|            0|            0|            0|            0|
| TS_clock_generator_0_clock_gen|     10.000ns|      3.124ns|          N/A|            0|            0|            0|            0|
| erator_0_SIG_PLL0_CLKOUT0     |             |             |             |             |             |             |             |
+-------------------------------+-------------+-------------+-------------+-------------+-------------+-------------+-------------+

All constraints were met.
INFO:Timing:2761 - N/A entries in the Constraints List may indicate that the 
   constraint is not analyzed due to the following: No paths covered by this 
   constraint; Other constraints intersect with this constraint; or This 
   constraint was disabled by a Path Tracing Control. Please run the Timespec 
   Interaction Report (TSI) via command line (trce tsi) or Timing Analyzer GUI.


Generating Pad Report.

All signals are completely routed.

WARNING:Par:283 - There are 59 loadless signals in this design. This design will cause Bitgen to issue DRC warnings.

Total REAL time to PAR completion: 52 secs 
Total CPU time to PAR completion: 53 secs 

Peak Memory Usage:  736 MB

Placer: Placement generated during map.
Routing: Completed - No errors found.
Timing: Completed - No errors found.

Number of error messages: 0
Number of warning messages: 61
Number of info messages: 1

Writing design to file system.ncd



PAR done!



#----------------------------------------------#
# Starting program post_par_trce
# trce -e 3 -xml system.twx system.ncd system.pcf 
#----------------------------------------------#
Release 14.7 - Trace  (lin64)
Copyright (c) 1995-2013 Xilinx, Inc.  All rights reserved.


PMSPEC -- Overriding Xilinx file
</home/vivric/Documents/xilinx/14.7/ISE_DS/EDK/spartan6/data/spartan6.acd> with
local file
</home/vivric/Documents/xilinx/14.7/ISE_DS/ISE/spartan6/data/spartan6.acd>
Loading device for application Rf_Device from file '6slx16.nph' in environment
/home/vivric/Documents/xilinx/14.7/ISE_DS/ISE/:/home/vivric/Documents/xilinx/14.
7/ISE_DS/EDK.
   "system" is an NCD, version 3.2, device xc6slx16, package csg324, speed -3
INFO:Timing:3386 - Intersecting Constraints found and resolved.  For more
   information, see the TSI report.  Please consult the Xilinx Command Line
   Tools User Guide for information on generating a TSI report.
--------------------------------------------------------------------------------
Release 14.7 Trace  (lin64)
Copyright (c) 1995-2013 Xilinx, Inc.  All rights reserved.

/home/vivric/Documents/xilinx/14.7/ISE_DS/ISE/bin/lin64/unwrapped/trce -e 3
-xml system.twx system.ncd system.pcf


Design file:              system.ncd
Physical constraint file: system.pcf
Device,speed:             xc6slx16,-3 (PRODUCTION 1.23 2013-10-13)
Report level:             error report
--------------------------------------------------------------------------------

INFO:Timing:3412 - To improve timing, see the Timing Closure User Guide (UG612).
INFO:Timing:2752 - To get complete path coverage, use the unconstrained paths option. All paths that are not constrained will be reported in
   the unconstrained paths section(s) of the report.
INFO:Timing:3339 - The clock-to-out numbers in this timing report are based on a 50 Ohm transmission line loading model.  For the details of
   this model, and for more information on accounting for different loading conditions, please see the device datasheet.


Timing summary:
---------------

Timing errors: 0  Score: 0 (Setup/Max: 0, Hold: 0)

Constraints cover 272722 paths, 0 nets, and 16412 connections

Design statistics:
   Minimum period:   3.334ns (Maximum frequency: 299.940MHz)


Analysis completed Tue May 27 23:42:14 2014
--------------------------------------------------------------------------------

Generating Report ...

Number of warnings: 0
Number of info messages: 4
Total time: 16 secs 


