Release 14.7 Xflow P.20131013 (lin64)
Copyright (c) 1995-2013 Xilinx, Inc.  All rights reserved.
xflow -wd implementation -p xc6slx16csg324-3 -implement xflow.opt system.ngc  
PMSPEC -- Overriding Xilinx file
</nfs/tools/xilinx/ise/14.7/ISE_DS/EDK/spartan6/data/spartan6.acd> with local
file </nfs/tools/xilinx/ise/14.7/ISE_DS/ISE/spartan6/data/spartan6.acd>

Using Flow File:
/home/ga38kud/vivin_gsm/gsm_sim/gsm_integration_v_1_0/implementation/fpga.flw 
Using Option File(s): 
 /home/ga38kud/vivin_gsm/gsm_sim/gsm_integration_v_1_0/implementation/xflow.opt 

Creating Script File ... 

#----------------------------------------------#
# Starting program ngdbuild
# ngdbuild -p xc6slx16csg324-3 -nt timestamp -bm system.bmm
"/home/ga38kud/vivin_gsm/gsm_sim/gsm_integration_v_1_0/implementation/system.ngc
" -uc system.ucf system.ngd 
#----------------------------------------------#
Release 14.7 - ngdbuild P.20131013 (lin64)
Copyright (c) 1995-2013 Xilinx, Inc.  All rights reserved.
PMSPEC -- Overriding Xilinx file
</nfs/tools/xilinx/ise/14.7/ISE_DS/EDK/spartan6/data/spartan6.acd> with local
file </nfs/tools/xilinx/ise/14.7/ISE_DS/ISE/spartan6/data/spartan6.acd>

Command Line: /nfs/tools/xilinx/ise/14.7/ISE_DS/ISE/bin/lin64/unwrapped/ngdbuild
-p xc6slx16csg324-3 -nt timestamp -bm system.bmm
/home/ga38kud/vivin_gsm/gsm_sim/gsm_integration_v_1_0/implementation/system.ngc
-uc system.ucf system.ngd

Reading NGO file
"/home/ga38kud/vivin_gsm/gsm_sim/gsm_integration_v_1_0/implementation/system.ngc
" ...
Loading design module
"/home/ga38kud/vivin_gsm/gsm_sim/gsm_integration_v_1_0/implementation/system_pus
h_buttons_4bits_wrapper.ngc"...
Loading design module
"/home/ga38kud/vivin_gsm/gsm_sim/gsm_integration_v_1_0/implementation/system_dip
_switches_8bits_wrapper.ngc"...
Loading design module
"/home/ga38kud/vivin_gsm/gsm_sim/gsm_integration_v_1_0/implementation/system_rs2
32_uart_1_wrapper.ngc"...
Loading design module
"/home/ga38kud/vivin_gsm/gsm_sim/gsm_integration_v_1_0/implementation/system_pro
c_sys_reset_0_wrapper.ngc"...
Loading design module
"/home/ga38kud/vivin_gsm/gsm_sim/gsm_integration_v_1_0/implementation/system_clo
ck_generator_0_wrapper.ngc"...
Loading design module
"/home/ga38kud/vivin_gsm/gsm_sim/gsm_integration_v_1_0/implementation/system_sc_
uart_interface_modified_0_wrapper.ngc"...
Loading design module
"/home/ga38kud/vivin_gsm/gsm_sim/gsm_integration_v_1_0/implementation/system_mic
roblaze_0_ilmb_wrapper.ngc"...
Loading design module
"/home/ga38kud/vivin_gsm/gsm_sim/gsm_integration_v_1_0/implementation/system_mic
roblaze_0_dlmb_wrapper.ngc"...
Loading design module
"/home/ga38kud/vivin_gsm/gsm_sim/gsm_integration_v_1_0/implementation/system_axi
4lite_0_wrapper.ngc"...
Loading design module
"/home/ga38kud/vivin_gsm/gsm_sim/gsm_integration_v_1_0/implementation/system_mic
roblaze_0_wrapper.ngc"...
Loading design module
"/home/ga38kud/vivin_gsm/gsm_sim/gsm_integration_v_1_0/implementation/system_mic
roblaze_0_i_bram_ctrl_wrapper.ngc"...
Loading design module
"/home/ga38kud/vivin_gsm/gsm_sim/gsm_integration_v_1_0/implementation/system_mic
roblaze_0_d_bram_ctrl_wrapper.ngc"...
Loading design module
"/home/ga38kud/vivin_gsm/gsm_sim/gsm_integration_v_1_0/implementation/system_deb
ug_module_wrapper.ngc"...
Loading design module
"/home/ga38kud/vivin_gsm/gsm_sim/gsm_integration_v_1_0/implementation/system_led
s_8bits_wrapper.ngc"...
Loading design module
"/home/ga38kud/vivin_gsm/gsm_sim/gsm_integration_v_1_0/implementation/system_mic
roblaze_0_bram_block_wrapper.ngc"...
Applying constraints in
"/home/ga38kud/vivin_gsm/gsm_sim/gsm_integration_v_1_0/implementation/system_mic
roblaze_0_ilmb_wrapper.ncf" to module "microblaze_0_ilmb"...
Checking Constraint Associations...
Applying constraints in
"/home/ga38kud/vivin_gsm/gsm_sim/gsm_integration_v_1_0/implementation/system_mic
roblaze_0_dlmb_wrapper.ncf" to module "microblaze_0_dlmb"...
Checking Constraint Associations...
Applying constraints in
"/home/ga38kud/vivin_gsm/gsm_sim/gsm_integration_v_1_0/implementation/system_axi
4lite_0_wrapper.ncf" to module "axi4lite_0"...
Checking Constraint Associations...
Applying constraints in
"/home/ga38kud/vivin_gsm/gsm_sim/gsm_integration_v_1_0/implementation/system_mic
roblaze_0_wrapper.ncf" to module "microblaze_0"...
Checking Constraint Associations...
Gathering constraint information from source properties...
Done.

Annotating constraints to design from ucf file "system.ucf" ...
Resolving constraint associations...
Checking Constraint Associations...
WARNING:ConstraintSystem:135 - Constraint <INST
   /system/EXPANDED/system/axi4lite_0/axi4lite_0\/si_converter_bank\/gen_conv_sl
   ot[0].clock_conv_inst\/interconnect_aresetn_resync<2>_inv1_INV_0 TNM =
   FFS:axi4lite_0_reset_resync>: No instances of type FFS were found under block
   "axi4lite_0/axi4lite_0/si_converter_bank/gen_conv_slot[0].clock_conv_inst/int
   erconnect_aresetn_resync<2>_inv1_INV_0" (type=INV).

WARNING:ConstraintSystem:58 - Constraint <TIMEGRP axi4lite_0_reset_source = FFS
   PADS CPUS;>: CPUS "*" does not match any design objects.

WARNING:ConstraintSystem:194 - The TNM 'axi4lite_0_reset_resync', does not
   directly or indirectly drive any flip-flops, latches and/or RAMs and is not
   actively used by any referencing constraint.

INFO:ConstraintSystem:178 - TNM 'sys_clk_pin', used in period specification
   'TS_sys_clk_pin', was traced into PLL_ADV instance
   clock_generator_0/PLL0_INST/Using_PLL_ADV.PLL_ADV_inst. The following new TNM
   groups and period specifications were generated at the PLL_ADV output(s): 
   CLKOUT0: <TIMESPEC TS_clock_generator_0_clock_generator_0_SIG_PLL0_CLKOUT0 =
   PERIOD "clock_generator_0_clock_generator_0_SIG_PLL0_CLKOUT0" TS_sys_clk_pin
   HIGH 50%>

Done...

Processing BMM file "system.bmm" ...

Checking expanded design ...
WARNING:NgdBuild:443 - SFF primitive
   'microblaze_0/microblaze_0/MicroBlaze_Core_I/Performance.Decode_I/Using_FPGA.
   Gen_Bits[27].MEM_EX_Result_Inst' has unconnected output pin

Partition Implementation Status
-------------------------------

  No Partitions were found in this design.

-------------------------------

NGDBUILD Design Results Summary:
  Number of errors:     0
  Number of warnings:   4

Writing NGD file "system.ngd" ...
Total REAL time to NGDBUILD completion:  35 sec
Total CPU time to NGDBUILD completion:   34 sec

Writing NGDBUILD log file "system.bld"...

NGDBUILD done.



#----------------------------------------------#
# Starting program map
# map -o system_map.ncd -w -pr b -ol high -timing -detail system.ngd system.pcf 
#----------------------------------------------#
Release 14.7 - Map P.20131013 (lin64)
Copyright (c) 1995-2013 Xilinx, Inc.  All rights reserved.
PMSPEC -- Overriding Xilinx file
</nfs/tools/xilinx/ise/14.7/ISE_DS/EDK/data/Xdh_PrimTypeLib.xda> with local file
</nfs/tools/xilinx/ise/14.7/ISE_DS/ISE/data/Xdh_PrimTypeLib.xda>
Using target part "6slx16csg324-3".
vvvvvvvvvvvvvvvvvvvvvvvvvvvvvvvvvvvvvvvvvvvvvvvvvvvvvvvvvvvvvvvvvvvvvv
INFO:Security:51 - The XILINXD_LICENSE_FILE environment variable is not set.
INFO:Security:52 - The LM_LICENSE_FILE environment variable is set to
'5280@refile.regent.e-technik.tu-muenchen.de:2100@refile.regent.e-technik.tu-mue
nchen.de:1717@refile.regent.e-technik.tu-muenchen.de:1702@tueisec-licenses.sec.e
i.tum.de:2300@licenses.lis.ei.tum.de:27000@licenses.lis.ei.tum.de:'.
INFO:Security:54 - 'xc6slx16' is a WebPack part.
WARNING:Security:43 - No license file was found in the standard Xilinx license
directory.
WARNING:Security:44 - Since no license file was found,
       please run the Xilinx License Configuration Manager
       (xlcm or "Manage Xilinx Licenses")
       to assist in obtaining a license.
WARNING:Security:42 - Your software subscription period has lapsed. Your current
version of Xilinx tools will continue to function, but you no longer qualify for
Xilinx software updates or new releases.
----------------------------------------------------------------------
Mapping design into LUTs...
WARNING:MapLib:163 - Bus sc_uart_interface_modified_0_UART_IO_O driven by tbufs
   will be transformed to use combinational drivers.
Writing file system_map.ngm...
Running directed packing...
Running delay-based LUT packing...
Updating timing models...
INFO:Map:215 - The Interim Design Summary has been generated in the MAP Report
   (.mrp).
Running timing-driven placement...
Total REAL time at the beginning of Placer: 10 secs 
Total CPU  time at the beginning of Placer: 8 secs 

Phase 1.1  Initial Placement Analysis
Phase 1.1  Initial Placement Analysis (Checksum:82c285b) REAL time: 10 secs 

Phase 2.7  Design Feasibility Check
INFO:Place:834 - Only a subset of IOs are locked. Out of 34 IOs, 26 are locked
   and 8 are not locked. If you would like to print the names of these IOs,
   please set the environment variable XIL_PAR_DESIGN_CHECK_VERBOSE to 1. 
Phase 2.7  Design Feasibility Check (Checksum:82c285b) REAL time: 11 secs 

Phase 3.31  Local Placement Optimization
Phase 3.31  Local Placement Optimization (Checksum:fac2f583) REAL time: 11 secs 

Phase 4.2  Initial Placement for Architecture Specific Features
....
.......
WARNING:Place:1109 - A clock IOB / BUFGMUX clock component pair have been found
   that are not placed at an optimal clock IOB / BUFGMUX site pair. The clock
   IOB component <sc_uart_interface_modified_0_UART_CLK_pin> is placed at site
   <P11>. The corresponding BUFG component
   <sc_uart_interface_modified_0_UART_CLK_pin_BUFGP/BUFG> is placed at site
   <BUFGMUX_X3Y8>. There is only a select set of IOBs that can use the fast path
   to the Clocker buffer, and they are not being used. You may want to analyze
   why this problem exists and correct it. This is normally an ERROR but the
   CLOCK_DEDICATED_ROUTE constraint was applied on COMP.PIN
   <sc_uart_interface_modified_0_UART_CLK_pin.PAD> allowing your design to
   continue. This constraint disables all clock placer rules related to the
   specified COMP.PIN. The use of this override is highly discouraged as it may
   lead to very poor timing results. It is recommended that this error condition
   be corrected in the design.
Phase 4.2  Initial Placement for Architecture Specific Features
(Checksum:45c81ebf) REAL time: 13 secs 

Phase 5.36  Local Placement Optimization
Phase 5.36  Local Placement Optimization (Checksum:45c81ebf) REAL time: 13 secs 

Phase 6.30  Global Clock Region Assignment
Phase 6.30  Global Clock Region Assignment (Checksum:45c81ebf) REAL time: 13 secs 

Phase 7.3  Local Placement Optimization
....
Phase 7.3  Local Placement Optimization (Checksum:ccfddb7) REAL time: 14 secs 

Phase 8.5  Local Placement Optimization
Phase 8.5  Local Placement Optimization (Checksum:45e8473e) REAL time: 14 secs 

Phase 9.8  Global Placement
..................................
.................................
....................................................................................................................
...............................................................................
....................................
Phase 9.8  Global Placement (Checksum:3423fa41) REAL time: 25 secs 

Phase 10.5  Local Placement Optimization
Phase 10.5  Local Placement Optimization (Checksum:3423fa41) REAL time: 25 secs 

Phase 11.18  Placement Optimization
Phase 11.18  Placement Optimization (Checksum:80e80534) REAL time: 28 secs 

Phase 12.5  Local Placement Optimization
Phase 12.5  Local Placement Optimization (Checksum:80e80534) REAL time: 28 secs 

Phase 13.34  Placement Validation
Phase 13.34  Placement Validation (Checksum:c1e54ca7) REAL time: 28 secs 

Total REAL time to Placer completion: 28 secs 
Total CPU  time to Placer completion: 27 secs 
Running post-placement packing...
Writing output files...

Design Summary:
Number of errors:      0
Number of warnings:   20
Slice Logic Utilization:
  Number of Slice Registers:                 1,670 out of  18,224    9%
    Number used as Flip Flops:               1,663
    Number used as Latches:                      0
    Number used as Latch-thrus:                  0
    Number used as AND/OR logics:                7
  Number of Slice LUTs:                      2,296 out of   9,112   25%
    Number used as logic:                    2,051 out of   9,112   22%
      Number using O6 output only:           1,567
      Number using O5 output only:             125
      Number using O5 and O6:                  359
      Number used as ROM:                        0
    Number used as Memory:                     157 out of   2,176    7%
      Number used as Dual Port RAM:             64
        Number using O6 output only:             0
        Number using O5 output only:             0
        Number using O5 and O6:                 64
      Number used as Single Port RAM:            0
      Number used as Shift Register:            93
        Number using O6 output only:            30
        Number using O5 output only:             1
        Number using O5 and O6:                 62
    Number used exclusively as route-thrus:     88
      Number with same-slice register load:     80
      Number with same-slice carry load:         8
      Number with other load:                    0

Slice Logic Distribution:
  Number of occupied Slices:                   841 out of   2,278   36%
  Number of MUXCYs used:                       352 out of   4,556    7%
  Number of LUT Flip Flop pairs used:        2,539
    Number with an unused Flip Flop:         1,039 out of   2,539   40%
    Number with an unused LUT:                 243 out of   2,539    9%
    Number of fully used LUT-FF pairs:       1,257 out of   2,539   49%
    Number of unique control sets:             138
    Number of slice register sites lost
      to control set restrictions:             550 out of  18,224    3%

  A LUT Flip Flop pair for this architecture represents one LUT paired with
  one Flip Flop within a slice.  A control set is a unique combination of
  clock, reset, set, and enable signals for a registered element.
  The Slice Logic Distribution report is not meaningful if the design is
  over-mapped for a non-slice resource or if Placement fails.

IO Utilization:
  Number of bonded IOBs:                        34 out of     232   14%
    Number of LOCed IOBs:                       26 out of      34   76%
    IOB Flip Flops:                              5

Specific Feature Utilization:
  Number of RAMB16BWERs:                         4 out of      32   12%
  Number of RAMB8BWERs:                          0 out of      64    0%
  Number of BUFIO2/BUFIO2_2CLKs:                 1 out of      32    3%
    Number used as BUFIO2s:                      1
    Number used as BUFIO2_2CLKs:                 0
  Number of BUFIO2FB/BUFIO2FB_2CLKs:             0 out of      32    0%
  Number of BUFG/BUFGMUXs:                       3 out of      16   18%
    Number used as BUFGs:                        3
    Number used as BUFGMUX:                      0
  Number of DCM/DCM_CLKGENs:                     0 out of       4    0%
  Number of ILOGIC2/ISERDES2s:                   1 out of     248    1%
    Number used as ILOGIC2s:                     1
    Number used as ISERDES2s:                    0
  Number of IODELAY2/IODRP2/IODRP2_MCBs:         0 out of     248    0%
  Number of OLOGIC2/OSERDES2s:                   4 out of     248    1%
    Number used as OLOGIC2s:                     4
    Number used as OSERDES2s:                    0
  Number of BSCANs:                              1 out of       4   25%
  Number of BUFHs:                               0 out of     128    0%
  Number of BUFPLLs:                             0 out of       8    0%
  Number of BUFPLL_MCBs:                         0 out of       4    0%
  Number of DSP48A1s:                            3 out of      32    9%
  Number of ICAPs:                               0 out of       1    0%
  Number of MCBs:                                0 out of       2    0%
  Number of PCILOGICSEs:                         0 out of       2    0%
  Number of PLL_ADVs:                            1 out of       2   50%
  Number of PMVs:                                0 out of       1    0%
  Number of STARTUPs:                            0 out of       1    0%
  Number of SUSPEND_SYNCs:                       0 out of       1    0%

Average Fanout of Non-Clock Nets:                3.88

Peak Memory Usage:  737 MB
Total REAL time to MAP completion:  31 secs 
Total CPU time to MAP completion:   29 secs 

Mapping completed.
See MAP report file "system_map.mrp" for details.



#----------------------------------------------#
# Starting program par
# par -w -ol high system_map.ncd system.ncd system.pcf 
#----------------------------------------------#
Release 14.7 - par P.20131013 (lin64)
Copyright (c) 1995-2013 Xilinx, Inc.  All rights reserved.
PMSPEC -- Overriding Xilinx file </nfs/tools/xilinx/ise/14.7/ISE_DS/EDK/data/parBmgr.acd> with local file
</nfs/tools/xilinx/ise/14.7/ISE_DS/ISE/data/parBmgr.acd>



Constraints file: system.pcf.
Loading device for application Rf_Device from file '6slx16.nph' in environment
/nfs/tools/xilinx/ise/14.7/ISE_DS/ISE/:/nfs/tools/xilinx/ise/14.7/ISE_DS/EDK.
   "system" is an NCD, version 3.2, device xc6slx16, package csg324, speed -3
vvvvvvvvvvvvvvvvvvvvvvvvvvvvvvvvvvvvvvvvvvvvvvvvvvvvvvvvvvvvvvvvvvvvvv
INFO:Security:51 - The XILINXD_LICENSE_FILE environment variable is not set.
INFO:Security:52 - The LM_LICENSE_FILE environment variable is set to
'5280@refile.regent.e-technik.tu-muenchen.de:2100@refile.regent.e-technik.tu-muenchen.de:1717@refile.regent.e-technik.tu
-muenchen.de:1702@tueisec-licenses.sec.ei.tum.de:2300@licenses.lis.ei.tum.de:27000@licenses.lis.ei.tum.de:'.
INFO:Security:54 - 'xc6slx16' is a WebPack part.
WARNING:Security:43 - No license file was found in the standard Xilinx license directory.
WARNING:Security:44 - Since no license file was found,
       please run the Xilinx License Configuration Manager
       (xlcm or "Manage Xilinx Licenses")
       to assist in obtaining a license.
WARNING:Security:42 - Your software subscription period has lapsed. Your current version of Xilinx tools will continue
to function, but you no longer qualify for Xilinx software updates or new releases.

----------------------------------------------------------------------

Initializing temperature to 85.000 Celsius. (default - Range: 0.000 to 85.000 Celsius)
Initializing voltage to 1.140 Volts. (default - Range: 1.140 to 1.260 Volts)


Device speed data version:  "PRODUCTION 1.23 2013-10-13".



Device Utilization Summary:

Slice Logic Utilization:
  Number of Slice Registers:                 1,670 out of  18,224    9%
    Number used as Flip Flops:               1,663
    Number used as Latches:                      0
    Number used as Latch-thrus:                  0
    Number used as AND/OR logics:                7
  Number of Slice LUTs:                      2,296 out of   9,112   25%
    Number used as logic:                    2,051 out of   9,112   22%
      Number using O6 output only:           1,567
      Number using O5 output only:             125
      Number using O5 and O6:                  359
      Number used as ROM:                        0
    Number used as Memory:                     157 out of   2,176    7%
      Number used as Dual Port RAM:             64
        Number using O6 output only:             0
        Number using O5 output only:             0
        Number using O5 and O6:                 64
      Number used as Single Port RAM:            0
      Number used as Shift Register:            93
        Number using O6 output only:            30
        Number using O5 output only:             1
        Number using O5 and O6:                 62
    Number used exclusively as route-thrus:     88
      Number with same-slice register load:     80
      Number with same-slice carry load:         8
      Number with other load:                    0

Slice Logic Distribution:
  Number of occupied Slices:                   841 out of   2,278   36%
  Number of MUXCYs used:                       352 out of   4,556    7%
  Number of LUT Flip Flop pairs used:        2,539
    Number with an unused Flip Flop:         1,039 out of   2,539   40%
    Number with an unused LUT:                 243 out of   2,539    9%
    Number of fully used LUT-FF pairs:       1,257 out of   2,539   49%
    Number of slice register sites lost
      to control set restrictions:               0 out of  18,224    0%

  A LUT Flip Flop pair for this architecture represents one LUT paired with
  one Flip Flop within a slice.  A control set is a unique combination of
  clock, reset, set, and enable signals for a registered element.
  The Slice Logic Distribution report is not meaningful if the design is
  over-mapped for a non-slice resource or if Placement fails.

IO Utilization:
  Number of bonded IOBs:                        34 out of     232   14%
    Number of LOCed IOBs:                       26 out of      34   76%
    IOB Flip Flops:                              5

Specific Feature Utilization:
  Number of RAMB16BWERs:                         4 out of      32   12%
  Number of RAMB8BWERs:                          0 out of      64    0%
  Number of BUFIO2/BUFIO2_2CLKs:                 1 out of      32    3%
    Number used as BUFIO2s:                      1
    Number used as BUFIO2_2CLKs:                 0
  Number of BUFIO2FB/BUFIO2FB_2CLKs:             0 out of      32    0%
  Number of BUFG/BUFGMUXs:                       3 out of      16   18%
    Number used as BUFGs:                        3
    Number used as BUFGMUX:                      0
  Number of DCM/DCM_CLKGENs:                     0 out of       4    0%
  Number of ILOGIC2/ISERDES2s:                   1 out of     248    1%
    Number used as ILOGIC2s:                     1
    Number used as ISERDES2s:                    0
  Number of IODELAY2/IODRP2/IODRP2_MCBs:         0 out of     248    0%
  Number of OLOGIC2/OSERDES2s:                   4 out of     248    1%
    Number used as OLOGIC2s:                     4
    Number used as OSERDES2s:                    0
  Number of BSCANs:                              1 out of       4   25%
  Number of BUFHs:                               0 out of     128    0%
  Number of BUFPLLs:                             0 out of       8    0%
  Number of BUFPLL_MCBs:                         0 out of       4    0%
  Number of DSP48A1s:                            3 out of      32    9%
  Number of ICAPs:                               0 out of       1    0%
  Number of MCBs:                                0 out of       2    0%
  Number of PCILOGICSEs:                         0 out of       2    0%
  Number of PLL_ADVs:                            1 out of       2   50%
  Number of PMVs:                                0 out of       1    0%
  Number of STARTUPs:                            0 out of       1    0%
  Number of SUSPEND_SYNCs:                       0 out of       1    0%


Overall effort level (-ol):   High 
Router effort level (-rl):    High 

INFO:Timing:3386 - Intersecting Constraints found and resolved.  For more information, see the TSI report.  Please consult the Xilinx
   Command Line Tools User Guide for information on generating a TSI report.
Starting initial Timing Analysis.  REAL time: 5 secs 
Finished initial Timing Analysis.  REAL time: 5 secs 

WARNING:Par:288 - The signal
   microblaze_0/microblaze_0/MicroBlaze_Core_I/Performance.Data_Flow_I/Register_File_I/Using_LUT6.All_RAM32M[10].ram32m_i_RAMD_D1_O has no
   load.  PAR will not attempt to route this signal.
WARNING:Par:288 - The signal
   microblaze_0/microblaze_0/MicroBlaze_Core_I/Performance.Data_Flow_I/Register_File_I/Using_LUT6.All_RAM32M[3].ram32m_i_RAMD_D1_O has no
   load.  PAR will not attempt to route this signal.
WARNING:Par:288 - The signal
   microblaze_0/microblaze_0/MicroBlaze_Core_I/Performance.Data_Flow_I/Register_File_I/Using_LUT6.All_RAM32M[2].ram32m_i_RAMD_D1_O has no
   load.  PAR will not attempt to route this signal.
WARNING:Par:288 - The signal
   microblaze_0/microblaze_0/MicroBlaze_Core_I/Performance.Data_Flow_I/Register_File_I/Using_LUT6.All_RAM32M[0].ram32m_i_RAMD_D1_O has no
   load.  PAR will not attempt to route this signal.
WARNING:Par:288 - The signal
   microblaze_0/microblaze_0/MicroBlaze_Core_I/Performance.Data_Flow_I/Register_File_I/Using_LUT6.All_RAM32M[11].ram32m_i_RAMD_D1_O has no
   load.  PAR will not attempt to route this signal.
WARNING:Par:288 - The signal
   microblaze_0/microblaze_0/MicroBlaze_Core_I/Performance.Data_Flow_I/Register_File_I/Using_LUT6.All_RAM32M[1].ram32m_i_RAMD_D1_O has no
   load.  PAR will not attempt to route this signal.
WARNING:Par:288 - The signal
   microblaze_0/microblaze_0/MicroBlaze_Core_I/Performance.Data_Flow_I/Register_File_I/Using_LUT6.All_RAM32M[8].ram32m_i_RAMD_D1_O has no
   load.  PAR will not attempt to route this signal.
WARNING:Par:288 - The signal
   microblaze_0/microblaze_0/MicroBlaze_Core_I/Performance.Data_Flow_I/Register_File_I/Using_LUT6.All_RAM32M[12].ram32m_i_RAMD_D1_O has no
   load.  PAR will not attempt to route this signal.
WARNING:Par:288 - The signal
   microblaze_0/microblaze_0/MicroBlaze_Core_I/Performance.Data_Flow_I/Register_File_I/Using_LUT6.All_RAM32M[9].ram32m_i_RAMD_D1_O has no
   load.  PAR will not attempt to route this signal.
WARNING:Par:288 - The signal
   microblaze_0/microblaze_0/MicroBlaze_Core_I/Performance.Data_Flow_I/Register_File_I/Using_LUT6.All_RAM32M[5].ram32m_i_RAMD_D1_O has no
   load.  PAR will not attempt to route this signal.
WARNING:Par:288 - The signal
   microblaze_0/microblaze_0/MicroBlaze_Core_I/Performance.Data_Flow_I/Register_File_I/Using_LUT6.All_RAM32M[13].ram32m_i_RAMD_D1_O has no
   load.  PAR will not attempt to route this signal.
WARNING:Par:288 - The signal
   microblaze_0/microblaze_0/MicroBlaze_Core_I/Performance.Data_Flow_I/Register_File_I/Using_LUT6.All_RAM32M[15].ram32m_i_RAMD_D1_O has no
   load.  PAR will not attempt to route this signal.
WARNING:Par:288 - The signal
   microblaze_0/microblaze_0/MicroBlaze_Core_I/Performance.Data_Flow_I/Register_File_I/Using_LUT6.All_RAM32M[14].ram32m_i_RAMD_D1_O has no
   load.  PAR will not attempt to route this signal.
WARNING:Par:288 - The signal
   microblaze_0/microblaze_0/MicroBlaze_Core_I/Performance.Data_Flow_I/Register_File_I/Using_LUT6.All_RAM32M[7].ram32m_i_RAMD_D1_O has no
   load.  PAR will not attempt to route this signal.
WARNING:Par:288 - The signal
   microblaze_0/microblaze_0/MicroBlaze_Core_I/Performance.Data_Flow_I/Register_File_I/Using_LUT6.All_RAM32M[4].ram32m_i_RAMD_D1_O has no
   load.  PAR will not attempt to route this signal.
WARNING:Par:288 - The signal microblaze_0_d_bram_ctrl_2_microblaze_0_bram_block_BRAM_Addr<31> has no load.  PAR will not attempt to route
   this signal.
WARNING:Par:288 - The signal
   microblaze_0/microblaze_0/MicroBlaze_Core_I/Performance.Data_Flow_I/Register_File_I/Using_LUT6.All_RAM32M[6].ram32m_i_RAMD_D1_O has no
   load.  PAR will not attempt to route this signal.
WARNING:Par:288 - The signal microblaze_0_d_bram_ctrl_2_microblaze_0_bram_block_BRAM_Addr<30> has no load.  PAR will not attempt to route
   this signal.
Starting Router


Phase  1  : 14160 unrouted;      REAL time: 5 secs 

Phase  2  : 11956 unrouted;      REAL time: 6 secs 

Phase  3  : 5146 unrouted;      REAL time: 11 secs 

Phase  4  : 5146 unrouted; (Setup:0, Hold:0, Component Switching Limit:0)     REAL time: 11 secs 

Updating file: system.ncd with current fully routed design.

Phase  5  : 0 unrouted; (Setup:0, Hold:0, Component Switching Limit:0)     REAL time: 17 secs 

Phase  6  : 0 unrouted; (Setup:0, Hold:0, Component Switching Limit:0)     REAL time: 17 secs 

Phase  7  : 0 unrouted; (Setup:0, Hold:0, Component Switching Limit:0)     REAL time: 17 secs 

Phase  8  : 0 unrouted; (Setup:0, Hold:0, Component Switching Limit:0)     REAL time: 17 secs 

Phase  9  : 0 unrouted; (Setup:0, Hold:0, Component Switching Limit:0)     REAL time: 17 secs 

Phase 10  : 0 unrouted; (Setup:0, Hold:0, Component Switching Limit:0)     REAL time: 17 secs 
Total REAL time to Router completion: 17 secs 
Total CPU time to Router completion: 17 secs 

Partition Implementation Status
-------------------------------

  No Partitions were found in this design.

-------------------------------

Generating "PAR" statistics.

**************************
Generating Clock Report
**************************

+---------------------+--------------+------+------+------------+-------------+
|        Clock Net    |   Resource   |Locked|Fanout|Net Skew(ns)|Max Delay(ns)|
+---------------------+--------------+------+------+------------+-------------+
|     clk_100_0000MHz |  BUFGMUX_X2Y9| No   |  641 |  0.544     |  1.390      |
+---------------------+--------------+------+------+------------+-------------+
|sc_uart_interface_mo |              |      |      |            |             |
|dified_0_UART_CLK_pi |              |      |      |            |             |
|             n_BUFGP |  BUFGMUX_X3Y8| No   |   61 |  0.505     |  1.360      |
+---------------------+--------------+------+------+------------+-------------+
|microblaze_0_debug_D |              |      |      |            |             |
|              bg_Clk | BUFGMUX_X2Y12| No   |   55 |  0.064     |  0.910      |
+---------------------+--------------+------+------+------------+-------------+
|microblaze_0_debug_D |              |      |      |            |             |
|           bg_Update |         Local|      |   21 |  2.290     |  3.934      |
+---------------------+--------------+------+------+------------+-------------+

* Net Skew is the difference between the minimum and maximum routing
only delays for the net. Note this is different from Clock Skew which
is reported in TRCE timing report. Clock Skew is the difference between
the minimum and maximum path delays which includes logic delays.

* The fanout is the number of component pins not the individual BEL loads,
for example SLICE loads not FF loads.

Timing Score: 0 (Setup: 0, Hold: 0, Component Switching Limit: 0)

Number of Timing Constraints that were not applied: 1

Asterisk (*) preceding a constraint indicates it was not met.
   This may be due to a setup or hold violation.

----------------------------------------------------------------------------------------------------------
  Constraint                                |    Check    | Worst Case |  Best Case | Timing |   Timing   
                                            |             |    Slack   | Achievable | Errors |    Score   
----------------------------------------------------------------------------------------------------------
  TS_clock_generator_0_clock_generator_0_SI | SETUP       |     2.119ns|     7.881ns|       0|           0
  G_PLL0_CLKOUT0 = PERIOD TIMEGRP         " | HOLD        |     0.296ns|            |       0|           0
  clock_generator_0_clock_generator_0_SIG_P |             |            |            |        |            
  LL0_CLKOUT0" TS_sys_clk_pin         HIGH  |             |            |            |        |            
  50%                                       |             |            |            |        |            
----------------------------------------------------------------------------------------------------------
  TS_sys_clk_pin = PERIOD TIMEGRP "sys_clk_ | MINLOWPULSE |     6.666ns|     3.334ns|       0|           0
  pin" 100 MHz HIGH 50%                     |             |            |            |        |            
----------------------------------------------------------------------------------------------------------
  PATH "TS_TIG_microblaze_0_Reset_path" TIG | SETUP       |         N/A|     2.642ns|     N/A|           0
----------------------------------------------------------------------------------------------------------
  PATH "TS_axi4lite_0_reset_resync_path" TI | MAXDELAY    |         N/A|     4.600ns|     N/A|           0
  G                                         |             |            |            |        |            
----------------------------------------------------------------------------------------------------------
  PATH "TS_TIG_microblaze_0_dlmb_POR_FF_I_p | SETUP       |         N/A|     1.606ns|     N/A|           0
  ath" TIG                                  |             |            |            |        |            
----------------------------------------------------------------------------------------------------------
  PATH "TS_TIG_microblaze_0_ilmb_POR_FF_I_p | SETUP       |         N/A|     2.589ns|     N/A|           0
  ath" TIG                                  |             |            |            |        |            
----------------------------------------------------------------------------------------------------------


Derived Constraint Report
Review Timing Report for more details on the following derived constraints.
To create a Timing Report, run "trce -v 12 -fastpaths -o design_timing_report design.ncd design.pcf"
or "Run Timing Analysis" from Timing Analyzer (timingan).
Derived Constraints for TS_sys_clk_pin
+-------------------------------+-------------+-------------+-------------+-------------+-------------+-------------+-------------+
|                               |   Period    |       Actual Period       |      Timing Errors        |      Paths Analyzed       |
|           Constraint          | Requirement |-------------+-------------|-------------+-------------|-------------+-------------|
|                               |             |   Direct    | Derivative  |   Direct    | Derivative  |   Direct    | Derivative  |
+-------------------------------+-------------+-------------+-------------+-------------+-------------+-------------+-------------+
|TS_sys_clk_pin                 |     10.000ns|      3.334ns|      7.881ns|            0|            0|            0|       198257|
| TS_clock_generator_0_clock_gen|     10.000ns|      7.881ns|          N/A|            0|            0|       198257|            0|
| erator_0_SIG_PLL0_CLKOUT0     |             |             |             |             |             |             |             |
+-------------------------------+-------------+-------------+-------------+-------------+-------------+-------------+-------------+

All constraints were met.
INFO:Timing:2761 - N/A entries in the Constraints List may indicate that the 
   constraint is not analyzed due to the following: No paths covered by this 
   constraint; Other constraints intersect with this constraint; or This 
   constraint was disabled by a Path Tracing Control. Please run the Timespec 
   Interaction Report (TSI) via command line (trce tsi) or Timing Analyzer GUI.


Generating Pad Report.

All signals are completely routed.

WARNING:Par:283 - There are 18 loadless signals in this design. This design will cause Bitgen to issue DRC warnings.

Total REAL time to PAR completion: 19 secs 
Total CPU time to PAR completion: 18 secs 

Peak Memory Usage:  612 MB

Placer: Placement generated during map.
Routing: Completed - No errors found.
Timing: Completed - No errors found.

Number of error messages: 0
Number of warning messages: 20
Number of info messages: 1

Writing design to file system.ncd



PAR done!



#----------------------------------------------#
# Starting program post_par_trce
# trce -e 3 -xml system.twx system.ncd system.pcf 
#----------------------------------------------#
Release 14.7 - Trace  (lin64)
Copyright (c) 1995-2013 Xilinx, Inc.  All rights reserved.


PMSPEC -- Overriding Xilinx file
</nfs/tools/xilinx/ise/14.7/ISE_DS/EDK/spartan6/data/spartan6.acd> with local
file </nfs/tools/xilinx/ise/14.7/ISE_DS/ISE/spartan6/data/spartan6.acd>
Loading device for application Rf_Device from file '6slx16.nph' in environment
/nfs/tools/xilinx/ise/14.7/ISE_DS/ISE/:/nfs/tools/xilinx/ise/14.7/ISE_DS/EDK.
   "system" is an NCD, version 3.2, device xc6slx16, package csg324, speed -3
INFO:Timing:3386 - Intersecting Constraints found and resolved.  For more
   information, see the TSI report.  Please consult the Xilinx Command Line
   Tools User Guide for information on generating a TSI report.
--------------------------------------------------------------------------------
Release 14.7 Trace  (lin64)
Copyright (c) 1995-2013 Xilinx, Inc.  All rights reserved.

/nfs/tools/xilinx/ise/14.7/ISE_DS/ISE/bin/lin64/unwrapped/trce -e 3 -xml
system.twx system.ncd system.pcf


Design file:              system.ncd
Physical constraint file: system.pcf
Device,speed:             xc6slx16,-3 (PRODUCTION 1.23 2013-10-13)
Report level:             error report
--------------------------------------------------------------------------------

INFO:Timing:3412 - To improve timing, see the Timing Closure User Guide (UG612).
INFO:Timing:2752 - To get complete path coverage, use the unconstrained paths option. All paths that are not constrained will be reported in
   the unconstrained paths section(s) of the report.
INFO:Timing:3339 - The clock-to-out numbers in this timing report are based on a 50 Ohm transmission line loading model.  For the details of
   this model, and for more information on accounting for different loading conditions, please see the device datasheet.


Timing summary:
---------------

Timing errors: 0  Score: 0 (Setup/Max: 0, Hold: 0)

Constraints cover 198270 paths, 0 nets, and 10876 connections

Design statistics:
   Minimum period:   7.881ns (Maximum frequency: 126.887MHz)


Analysis completed Mon May 26 20:50:32 2014
--------------------------------------------------------------------------------

Generating Report ...

Number of warnings: 0
Number of info messages: 4
Total time: 6 secs 


