iMPACT Version: Oct 13 2013 08:43:40

iMPACT log file Started on Tue May 27 23:44:40 2014

Preference Table
Name                 Setting             
StartupClock         Auto_Correction     
AutoSignature        False               
KeepSVF              False               
ConcurrentMode       False               
UseHighz             False               
ConfigOnFailure      Stop                
UserLevel            Novice              
MessageLevel         Detailed            
svfUseTime           false               
SpiByteSwap          Auto_Correction     
AutoInfer            false               
SvfPlayDisplayComments false               
INFO:iMPACT - Digilent Plugin: Plugin Version: 2.4.4
INFO:iMPACT - Digilent Plugin: found 1 device(s).
INFO:iMPACT - Digilent Plugin: opening device: "Nexys3", SN:210182519285
INFO:iMPACT - Digilent Plugin: User Name: Nexys3
INFO:iMPACT - Digilent Plugin: Product Name: Nexys3
INFO:iMPACT - Digilent Plugin: Serial Number: 210182519285
INFO:iMPACT - Digilent Plugin: Product ID: 00D0010D
INFO:iMPACT - Digilent Plugin: Firmware Version: 0309
INFO:iMPACT - Digilent Plugin: JTAG Port Number: 0
INFO:iMPACT - Digilent Plugin: JTAG Clock Frequency: 1600000 Hz
Identifying chain contents...'0': : Manufacturer's ID = Xilinx xc6slx16, Version : 4
INFO:iMPACT:1777 - 
   Reading   /home/vivric/Documents/xilinx/14.7/ISE_DS/ISE/spartan6/data/xc6slx16.bsd...
INFO:iMPACT:501 - '1': Added Device xc6slx16 successfully.
----------------------------------------------------------------------
----------------------------------------------------------------------
done.
Elapsed time =      0 sec.
Elapsed time =      0 sec.
'1': Loading file 'implementation/download.bit' ...
done.
UserID read from the bitstream file = 0xFFFFFFFF.
Data width read from the bitstream file = 1.
INFO:iMPACT:501 - '1': Added Device xc6slx16 successfully.
----------------------------------------------------------------------
----------------------------------------------------------------------
Maximum TCK operating frequency for this device chain: 0.
Validating chain...
Boundary-scan chain validated successfully.
'1': Programming device...
 LCK_cycle = NoWait.
LCK cycle: NoWait
done.
'1': Reading status register contents...
[0] CRC ERROR                                                              :        0
[1] IDCODE ERROR                                                           :        0
[2] DCM LOCK STATUS                                                        :        1
[3] GTS_CFG_B STATUS                                                       :        1
[4] GWE STATUS                                                             :        1
[5] GHIGH STATUS                                                           :        1
[6] DECRYPTION ERROR                                                       :        0
[7] DECRYPTOR ENABLE                                                       :        0
[8] HSWAPEN PIN                                                            :        1
[9] MODE PIN M[0]                                                          :        1
[10] MODE PIN M[1]                                                         :        0
[11] RESERVED                                                              :        0
[12] INIT_B PIN                                                            :        1
[13] DONE PIN                                                              :        1
[14] SUSPEND STATUS                                                        :        0
[15] FALLBACK STATUS                                                       :        0
INFO:iMPACT:2219 - Status register values:
INFO:iMPACT - 0011 1100 1100 1100 
INFO:iMPACT:579 - '1': Completed downloading bit file to device.
INFO:iMPACT:188 - '1': Programming completed successfully.
 LCK_cycle = NoWait.
LCK cycle: NoWait
INFO:iMPACT - '1': Checking done pin....done.
'1': Programmed successfully.
Elapsed time =      3 sec.
