ISim log file
Running: /home/ga38qol/Downloads/sc_uart_interface/uart_ip_tb_isim_beh.exe -intstyle ise -gui -tclbatch isim.cmd -wdb /home/ga38qol/Downloads/sc_uart_interface/uart_ip_tb_isim_beh.wdb 
ISim P.20131013 (signature 0xfbc00daa)
----------------------------------------------------------------------
INFO:Security:51 - The XILINXD_LICENSE_FILE environment variable is not set.
INFO:Security:52 - The LM_LICENSE_FILE environment variable is set to '5280@refile.regent.e-technik.tu-muenchen.de:2100@refile.regent.e-technik.tu-muenchen.de:1717@refile.regent.e-technik.tu-muenchen.de:1702@tueisec-licenses.sec.ei.tum.de:2300@licenses.lis.ei.tum.de:27000@licenses.lis.ei.tum.de:'.
WARNING:Security:43 - No license file was found in the standard Xilinx license directory.
WARNING:Security:44 - Since no license file was found,
       please run the Xilinx License Configuration Manager
       (xlcm or "Manage Xilinx Licenses")
       to assist in obtaining a license.
WARNING:Security:42 - Your software subscription period has lapsed. Your current version of Xilinx tools will continue to function, but you no longer qualify for Xilinx software updates or new releases.


----------------------------------------------------------------------
This is a Full version of ISim.
Time resolution is 1 ps
# onerror resume
# wave add /
# run 1000 ns
Simulator is doing circuit initialization process.
Finished circuit initialization process.
# run 100.00us
# run 100.00us
# run 100.00us
ISim P.20131013 (signature 0xfbc00daa)
----------------------------------------------------------------------
INFO:Security:51 - The XILINXD_LICENSE_FILE environment variable is not set.
INFO:Security:52 - The LM_LICENSE_FILE environment variable is set to '5280@refile.regent.e-technik.tu-muenchen.de:2100@refile.regent.e-technik.tu-muenchen.de:1717@refile.regent.e-technik.tu-muenchen.de:1702@tueisec-licenses.sec.ei.tum.de:2300@licenses.lis.ei.tum.de:27000@licenses.lis.ei.tum.de:'.
WARNING:Security:43 - No license file was found in the standard Xilinx license directory.
WARNING:Security:44 - Since no license file was found,
       please run the Xilinx License Configuration Manager
       (xlcm or "Manage Xilinx Licenses")
       to assist in obtaining a license.
WARNING:Security:42 - Your software subscription period has lapsed. Your current version of Xilinx tools will continue to function, but you no longer qualify for Xilinx software updates or new releases.


----------------------------------------------------------------------
This is a Full version of ISim.
# run 1000 ns
Simulator is doing circuit initialization process.
Finished circuit initialization process.
# run 100.00us
# run 100.00us
# run 100.00us
# run 100.00us
# run 100.00us
# run 100.00us
# run 100.00us
ISim P.20131013 (signature 0xfbc00daa)
----------------------------------------------------------------------
INFO:Security:51 - The XILINXD_LICENSE_FILE environment variable is not set.
INFO:Security:52 - The LM_LICENSE_FILE environment variable is set to '5280@refile.regent.e-technik.tu-muenchen.de:2100@refile.regent.e-technik.tu-muenchen.de:1717@refile.regent.e-technik.tu-muenchen.de:1702@tueisec-licenses.sec.ei.tum.de:2300@licenses.lis.ei.tum.de:27000@licenses.lis.ei.tum.de:'.
WARNING:Security:43 - No license file was found in the standard Xilinx license directory.
WARNING:Security:44 - Since no license file was found,
       please run the Xilinx License Configuration Manager
       (xlcm or "Manage Xilinx Licenses")
       to assist in obtaining a license.
WARNING:Security:42 - Your software subscription period has lapsed. Your current version of Xilinx tools will continue to function, but you no longer qualify for Xilinx software updates or new releases.


----------------------------------------------------------------------
This is a Full version of ISim.
# run 1000 ns
Simulator is doing circuit initialization process.
Finished circuit initialization process.
# run 100.00us
# run 100.00us
# run 100.00us
# run 100.00us
# run 100.00us
# run 100.00us
# run 100.00us
# run 100.00us
# exit 0
