Running: /nfs/tools/xilinx/ise/14.7/ISE_DS/ISE/bin/lin64/unwrapped/fuse -relaunch -incremental "work.system" "work.glbl" -prj "system.prj" -L "xilinxcorelib_ver" -L "secureip" -L "unisims_ver" -L "unimacro_ver" -o "isim_system" 
ISim P.20131013 (signature 0xfbc00daa)
Number of CPUs detected in this system: 8
Turning on mult-threading, number of parallel sub-compilation jobs: 16 
Parsing VHDL file "/nfs/tools/xilinx/ise/14.7/ISE_DS/EDK/hw/XilinxProcessorIPLib/pcores/proc_sys_reset_v3_00_a/hdl/vhdl/upcnt_n.vhd" into library proc_sys_reset_v3_00_a
Parsing VHDL file "/nfs/tools/xilinx/ise/14.7/ISE_DS/EDK/hw/XilinxProcessorIPLib/pcores/proc_sys_reset_v3_00_a/hdl/vhdl/lpf.vhd" into library proc_sys_reset_v3_00_a
Parsing VHDL file "/nfs/tools/xilinx/ise/14.7/ISE_DS/EDK/hw/XilinxProcessorIPLib/pcores/proc_sys_reset_v3_00_a/hdl/vhdl/sequence.vhd" into library proc_sys_reset_v3_00_a
Parsing VHDL file "/nfs/tools/xilinx/ise/14.7/ISE_DS/EDK/hw/XilinxProcessorIPLib/pcores/proc_sys_reset_v3_00_a/hdl/vhdl/proc_sys_reset.vhd" into library proc_sys_reset_v3_00_a
Parsing VHDL file "/nfs/tools/xilinx/ise/14.7/ISE_DS/EDK/hw/XilinxProcessorIPLib/pcores/lmb_v10_v2_00_b/hdl/vhdl/lmb_v10.vhd" into library lmb_v10_v2_00_b
Parsing VHDL file "/nfs/tools/xilinx/ise/14.7/ISE_DS/EDK/hw/XilinxProcessorIPLib/pcores/lmb_bram_if_cntlr_v3_10_c/hdl/vhdl/lmb_bram_if_funcs.vhd" into library lmb_bram_if_cntlr_v3_10_c
Parsing VHDL file "/nfs/tools/xilinx/ise/14.7/ISE_DS/EDK/hw/XilinxProcessorIPLib/pcores/lmb_bram_if_cntlr_v3_10_c/hdl/vhdl/xor18.vhd" into library lmb_bram_if_cntlr_v3_10_c
Parsing VHDL file "/nfs/tools/xilinx/ise/14.7/ISE_DS/EDK/hw/XilinxProcessorIPLib/pcores/lmb_bram_if_cntlr_v3_10_c/hdl/vhdl/parity.vhd" into library lmb_bram_if_cntlr_v3_10_c
Parsing VHDL file "/nfs/tools/xilinx/ise/14.7/ISE_DS/EDK/hw/XilinxProcessorIPLib/pcores/lmb_bram_if_cntlr_v3_10_c/hdl/vhdl/parityenable.vhd" into library lmb_bram_if_cntlr_v3_10_c
Parsing VHDL file "/nfs/tools/xilinx/ise/14.7/ISE_DS/EDK/hw/XilinxProcessorIPLib/pcores/lmb_bram_if_cntlr_v3_10_c/hdl/vhdl/checkbit_handler.vhd" into library lmb_bram_if_cntlr_v3_10_c
Parsing VHDL file "/nfs/tools/xilinx/ise/14.7/ISE_DS/EDK/hw/XilinxProcessorIPLib/pcores/lmb_bram_if_cntlr_v3_10_c/hdl/vhdl/correct_one_bit.vhd" into library lmb_bram_if_cntlr_v3_10_c
Parsing VHDL file "/nfs/tools/xilinx/ise/14.7/ISE_DS/EDK/hw/XilinxProcessorIPLib/pcores/lmb_bram_if_cntlr_v3_10_c/hdl/vhdl/pselect.vhd" into library lmb_bram_if_cntlr_v3_10_c
Parsing VHDL file "/nfs/tools/xilinx/ise/14.7/ISE_DS/EDK/hw/XilinxProcessorIPLib/pcores/lmb_bram_if_cntlr_v3_10_c/hdl/vhdl/pselect_mask.vhd" into library lmb_bram_if_cntlr_v3_10_c
Parsing VHDL file "/nfs/tools/xilinx/ise/14.7/ISE_DS/EDK/hw/XilinxProcessorIPLib/pcores/lmb_bram_if_cntlr_v3_10_c/hdl/vhdl/plb_interface.vhd" into library lmb_bram_if_cntlr_v3_10_c
Parsing VHDL file "/nfs/tools/xilinx/ise/14.7/ISE_DS/EDK/hw/XilinxProcessorIPLib/pcores/lmb_bram_if_cntlr_v3_10_c/hdl/vhdl/axi_interface.vhd" into library lmb_bram_if_cntlr_v3_10_c
Parsing VHDL file "/nfs/tools/xilinx/ise/14.7/ISE_DS/EDK/hw/XilinxProcessorIPLib/pcores/lmb_bram_if_cntlr_v3_10_c/hdl/vhdl/lmb_mux.vhd" into library lmb_bram_if_cntlr_v3_10_c
Parsing VHDL file "/nfs/tools/xilinx/ise/14.7/ISE_DS/EDK/hw/XilinxProcessorIPLib/pcores/lmb_bram_if_cntlr_v3_10_c/hdl/vhdl/lmb_bram_if_cntlr.vhd" into library lmb_bram_if_cntlr_v3_10_c
Parsing VHDL file "elaborate/microblaze_0_bram_block_elaborate_v1_00_a/hdl/vhdl/microblaze_0_bram_block_elaborate.vhd" into library microblaze_0_bram_block_elaborate_v1_00_a
Parsing VHDL file "/nfs/tools/xilinx/ise/14.7/ISE_DS/EDK/hw/XilinxProcessorIPLib/pcores/microblaze_v8_50_c/hdl/vhdl/microblaze_types_pkg.vhd" into library microblaze_v8_50_c
Parsing VHDL file "/nfs/tools/xilinx/ise/14.7/ISE_DS/EDK/hw/XilinxProcessorIPLib/pcores/microblaze_v8_50_c/hdl/vhdl/microblaze_types_pkg_body.vhd" into library microblaze_v8_50_c
Parsing VHDL file "/nfs/tools/xilinx/ise/14.7/ISE_DS/EDK/hw/XilinxProcessorIPLib/pcores/microblaze_v8_50_c/hdl/vhdl/microblaze_isa_be_pkg.vhd" into library microblaze_v8_50_c
Parsing VHDL file "/nfs/tools/xilinx/ise/14.7/ISE_DS/EDK/hw/XilinxProcessorIPLib/pcores/microblaze_v8_50_c/hdl/vhdl/microblaze_primitives.vhd" into library microblaze_v8_50_c
Parsing VHDL file "/nfs/tools/xilinx/ise/14.7/ISE_DS/EDK/hw/XilinxProcessorIPLib/pcores/microblaze_v8_50_c/hdl/vhdl/mux_bus.vhd" into library microblaze_v8_50_c
Parsing VHDL file "/nfs/tools/xilinx/ise/14.7/ISE_DS/EDK/hw/XilinxProcessorIPLib/pcores/microblaze_v8_50_c/hdl/vhdl/parity.vhd" into library microblaze_v8_50_c
Parsing VHDL file "/nfs/tools/xilinx/ise/14.7/ISE_DS/EDK/hw/XilinxProcessorIPLib/pcores/microblaze_v8_50_c/hdl/vhdl/comparator.vhd" into library microblaze_v8_50_c
Parsing VHDL file "/nfs/tools/xilinx/ise/14.7/ISE_DS/EDK/hw/XilinxProcessorIPLib/pcores/microblaze_v8_50_c/hdl/vhdl/carry_and.vhd" into library microblaze_v8_50_c
Parsing VHDL file "/nfs/tools/xilinx/ise/14.7/ISE_DS/EDK/hw/XilinxProcessorIPLib/pcores/microblaze_v8_50_c/hdl/vhdl/carry_or.vhd" into library microblaze_v8_50_c
Parsing VHDL file "/nfs/tools/xilinx/ise/14.7/ISE_DS/EDK/hw/XilinxProcessorIPLib/pcores/microblaze_v8_50_c/hdl/vhdl/carry_equal.vhd" into library microblaze_v8_50_c
Parsing VHDL file "/nfs/tools/xilinx/ise/14.7/ISE_DS/EDK/hw/XilinxProcessorIPLib/pcores/microblaze_v8_50_c/hdl/vhdl/carry_compare.vhd" into library microblaze_v8_50_c
Parsing VHDL file "/nfs/tools/xilinx/ise/14.7/ISE_DS/EDK/hw/XilinxProcessorIPLib/pcores/microblaze_v8_50_c/hdl/vhdl/carry_compare_mask.vhd" into library microblaze_v8_50_c
Parsing VHDL file "/nfs/tools/xilinx/ise/14.7/ISE_DS/EDK/hw/XilinxProcessorIPLib/pcores/microblaze_v8_50_c/hdl/vhdl/carry_compare_const.vhd" into library microblaze_v8_50_c
Parsing VHDL file "/nfs/tools/xilinx/ise/14.7/ISE_DS/EDK/hw/XilinxProcessorIPLib/pcores/microblaze_v8_50_c/hdl/vhdl/find_first_bit.vhd" into library microblaze_v8_50_c
Parsing VHDL file "/nfs/tools/xilinx/ise/14.7/ISE_DS/EDK/hw/XilinxProcessorIPLib/pcores/microblaze_v8_50_c/hdl/vhdl/mux4_8.vhd" into library microblaze_v8_50_c
Parsing VHDL file "/nfs/tools/xilinx/ise/14.7/ISE_DS/EDK/hw/XilinxProcessorIPLib/pcores/microblaze_v8_50_c/hdl/vhdl/mux4.vhd" into library microblaze_v8_50_c
Parsing VHDL file "/nfs/tools/xilinx/ise/14.7/ISE_DS/EDK/hw/XilinxProcessorIPLib/pcores/microblaze_v8_50_c/hdl/vhdl/vec_mux.vhd" into library microblaze_v8_50_c
Parsing VHDL file "/nfs/tools/xilinx/ise/14.7/ISE_DS/EDK/hw/XilinxProcessorIPLib/pcores/microblaze_v8_50_c/hdl/vhdl/gen_srlfifo.vhd" into library microblaze_v8_50_c
Parsing VHDL file "/nfs/tools/xilinx/ise/14.7/ISE_DS/EDK/hw/XilinxProcessorIPLib/pcores/microblaze_v8_50_c/hdl/vhdl/alu_bit.vhd" into library microblaze_v8_50_c
Parsing VHDL file "/nfs/tools/xilinx/ise/14.7/ISE_DS/EDK/hw/XilinxProcessorIPLib/pcores/microblaze_v8_50_c/hdl/vhdl/alu.vhd" into library microblaze_v8_50_c
Parsing VHDL file "/nfs/tools/xilinx/ise/14.7/ISE_DS/EDK/hw/XilinxProcessorIPLib/pcores/microblaze_v8_50_c/hdl/vhdl/msr_reg_bit.vhd" into library microblaze_v8_50_c
Parsing VHDL file "/nfs/tools/xilinx/ise/14.7/ISE_DS/EDK/hw/XilinxProcessorIPLib/pcores/microblaze_v8_50_c/hdl/vhdl/msr_reg.vhd" into library microblaze_v8_50_c
Parsing VHDL file "/nfs/tools/xilinx/ise/14.7/ISE_DS/EDK/hw/XilinxProcessorIPLib/pcores/microblaze_v8_50_c/hdl/vhdl/msr_reg_gti.vhd" into library microblaze_v8_50_c
Parsing VHDL file "/nfs/tools/xilinx/ise/14.7/ISE_DS/EDK/hw/XilinxProcessorIPLib/pcores/microblaze_v8_50_c/hdl/vhdl/dsp_module.vhd" into library microblaze_v8_50_c
Parsing VHDL file "/nfs/tools/xilinx/ise/14.7/ISE_DS/EDK/hw/XilinxProcessorIPLib/pcores/microblaze_v8_50_c/hdl/vhdl/mul_unit.vhd" into library microblaze_v8_50_c
Parsing VHDL file "/nfs/tools/xilinx/ise/14.7/ISE_DS/EDK/hw/XilinxProcessorIPLib/pcores/microblaze_v8_50_c/hdl/vhdl/div_unit.vhd" into library microblaze_v8_50_c
Parsing VHDL file "/nfs/tools/xilinx/ise/14.7/ISE_DS/EDK/hw/XilinxProcessorIPLib/pcores/microblaze_v8_50_c/hdl/vhdl/div_unit_gti.vhd" into library microblaze_v8_50_c
Parsing VHDL file "/nfs/tools/xilinx/ise/14.7/ISE_DS/EDK/hw/XilinxProcessorIPLib/pcores/microblaze_v8_50_c/hdl/vhdl/operand_select_bit.vhd" into library microblaze_v8_50_c
Parsing VHDL file "/nfs/tools/xilinx/ise/14.7/ISE_DS/EDK/hw/XilinxProcessorIPLib/pcores/microblaze_v8_50_c/hdl/vhdl/operand_select.vhd" into library microblaze_v8_50_c
Parsing VHDL file "/nfs/tools/xilinx/ise/14.7/ISE_DS/EDK/hw/XilinxProcessorIPLib/pcores/microblaze_v8_50_c/hdl/vhdl/operand_select_gti.vhd" into library microblaze_v8_50_c
Parsing VHDL file "/nfs/tools/xilinx/ise/14.7/ISE_DS/EDK/hw/XilinxProcessorIPLib/pcores/microblaze_v8_50_c/hdl/vhdl/pc_bit.vhd" into library microblaze_v8_50_c
Parsing VHDL file "/nfs/tools/xilinx/ise/14.7/ISE_DS/EDK/hw/XilinxProcessorIPLib/pcores/microblaze_v8_50_c/hdl/vhdl/pc_module.vhd" into library microblaze_v8_50_c
Parsing VHDL file "/nfs/tools/xilinx/ise/14.7/ISE_DS/EDK/hw/XilinxProcessorIPLib/pcores/microblaze_v8_50_c/hdl/vhdl/pc_module_gti.vhd" into library microblaze_v8_50_c
Parsing VHDL file "/nfs/tools/xilinx/ise/14.7/ISE_DS/EDK/hw/XilinxProcessorIPLib/pcores/microblaze_v8_50_c/hdl/vhdl/prefetch_buffer.vhd" into library microblaze_v8_50_c
Parsing VHDL file "/nfs/tools/xilinx/ise/14.7/ISE_DS/EDK/hw/XilinxProcessorIPLib/pcores/microblaze_v8_50_c/hdl/vhdl/prefetch_buffer_gti.vhd" into library microblaze_v8_50_c
Parsing VHDL file "/nfs/tools/xilinx/ise/14.7/ISE_DS/EDK/hw/XilinxProcessorIPLib/pcores/microblaze_v8_50_c/hdl/vhdl/register_file_bit.vhd" into library microblaze_v8_50_c
Parsing VHDL file "/nfs/tools/xilinx/ise/14.7/ISE_DS/EDK/hw/XilinxProcessorIPLib/pcores/microblaze_v8_50_c/hdl/vhdl/register_file.vhd" into library microblaze_v8_50_c
Parsing VHDL file "/nfs/tools/xilinx/ise/14.7/ISE_DS/EDK/hw/XilinxProcessorIPLib/pcores/microblaze_v8_50_c/hdl/vhdl/register_file_gti.vhd" into library microblaze_v8_50_c
Parsing VHDL file "/nfs/tools/xilinx/ise/14.7/ISE_DS/EDK/hw/XilinxProcessorIPLib/pcores/microblaze_v8_50_c/hdl/vhdl/count_leading_zero.vhd" into library microblaze_v8_50_c
Parsing VHDL file "/nfs/tools/xilinx/ise/14.7/ISE_DS/EDK/hw/XilinxProcessorIPLib/pcores/microblaze_v8_50_c/hdl/vhdl/shift_logic_bit.vhd" into library microblaze_v8_50_c
Parsing VHDL file "/nfs/tools/xilinx/ise/14.7/ISE_DS/EDK/hw/XilinxProcessorIPLib/pcores/microblaze_v8_50_c/hdl/vhdl/shift_logic.vhd" into library microblaze_v8_50_c
Parsing VHDL file "/nfs/tools/xilinx/ise/14.7/ISE_DS/EDK/hw/XilinxProcessorIPLib/pcores/microblaze_v8_50_c/hdl/vhdl/shift_logic_gti.vhd" into library microblaze_v8_50_c
Parsing VHDL file "/nfs/tools/xilinx/ise/14.7/ISE_DS/EDK/hw/XilinxProcessorIPLib/pcores/microblaze_v8_50_c/hdl/vhdl/zero_detect.vhd" into library microblaze_v8_50_c
Parsing VHDL file "/nfs/tools/xilinx/ise/14.7/ISE_DS/EDK/hw/XilinxProcessorIPLib/pcores/microblaze_v8_50_c/hdl/vhdl/zero_detect_gti.vhd" into library microblaze_v8_50_c
Parsing VHDL file "/nfs/tools/xilinx/ise/14.7/ISE_DS/EDK/hw/XilinxProcessorIPLib/pcores/microblaze_v8_50_c/hdl/vhdl/barrel_shifter.vhd" into library microblaze_v8_50_c
Parsing VHDL file "/nfs/tools/xilinx/ise/14.7/ISE_DS/EDK/hw/XilinxProcessorIPLib/pcores/microblaze_v8_50_c/hdl/vhdl/barrel_shifter_gti.vhd" into library microblaze_v8_50_c
Parsing VHDL file "/nfs/tools/xilinx/ise/14.7/ISE_DS/EDK/hw/XilinxProcessorIPLib/pcores/microblaze_v8_50_c/hdl/vhdl/wb_mux_bit_gti.vhd" into library microblaze_v8_50_c
Parsing VHDL file "/nfs/tools/xilinx/ise/14.7/ISE_DS/EDK/hw/XilinxProcessorIPLib/pcores/microblaze_v8_50_c/hdl/vhdl/wb_mux_gti.vhd" into library microblaze_v8_50_c
Parsing VHDL file "/nfs/tools/xilinx/ise/14.7/ISE_DS/EDK/hw/XilinxProcessorIPLib/pcores/microblaze_v8_50_c/hdl/vhdl/data_read_steering.vhd" into library microblaze_v8_50_c
Parsing VHDL file "/nfs/tools/xilinx/ise/14.7/ISE_DS/EDK/hw/XilinxProcessorIPLib/pcores/microblaze_v8_50_c/hdl/vhdl/byte_doublet_handle.vhd" into library microblaze_v8_50_c
Parsing VHDL file "/nfs/tools/xilinx/ise/14.7/ISE_DS/EDK/hw/XilinxProcessorIPLib/pcores/microblaze_v8_50_c/hdl/vhdl/byte_doublet_handle_gti.vhd" into library microblaze_v8_50_c
Parsing VHDL file "/nfs/tools/xilinx/ise/14.7/ISE_DS/EDK/hw/XilinxProcessorIPLib/pcores/microblaze_v8_50_c/hdl/vhdl/data_flow_logic_gti.vhd" into library microblaze_v8_50_c
Parsing VHDL file "/nfs/tools/xilinx/ise/14.7/ISE_DS/EDK/hw/XilinxProcessorIPLib/pcores/microblaze_v8_50_c/hdl/vhdl/fsl_module.vhd" into library microblaze_v8_50_c
Parsing VHDL file "/nfs/tools/xilinx/ise/14.7/ISE_DS/EDK/hw/XilinxProcessorIPLib/pcores/microblaze_v8_50_c/hdl/vhdl/streaming_axi.vhd" into library microblaze_v8_50_c
Parsing VHDL file "/nfs/tools/xilinx/ise/14.7/ISE_DS/EDK/hw/XilinxProcessorIPLib/pcores/microblaze_v8_50_c/hdl/vhdl/exception_registers.vhd" into library microblaze_v8_50_c
Parsing VHDL file "/nfs/tools/xilinx/ise/14.7/ISE_DS/EDK/hw/XilinxProcessorIPLib/pcores/microblaze_v8_50_c/hdl/vhdl/exception_registers_gti.vhd" into library microblaze_v8_50_c
Parsing VHDL file "/nfs/tools/xilinx/ise/14.7/ISE_DS/EDK/hw/XilinxProcessorIPLib/pcores/microblaze_v8_50_c/hdl/vhdl/fpu_addsub.vhd" into library microblaze_v8_50_c
Parsing VHDL file "/nfs/tools/xilinx/ise/14.7/ISE_DS/EDK/hw/XilinxProcessorIPLib/pcores/microblaze_v8_50_c/hdl/vhdl/fpu_div.vhd" into library microblaze_v8_50_c
Parsing VHDL file "/nfs/tools/xilinx/ise/14.7/ISE_DS/EDK/hw/XilinxProcessorIPLib/pcores/microblaze_v8_50_c/hdl/vhdl/fpu_mul.vhd" into library microblaze_v8_50_c
Parsing VHDL file "/nfs/tools/xilinx/ise/14.7/ISE_DS/EDK/hw/XilinxProcessorIPLib/pcores/microblaze_v8_50_c/hdl/vhdl/fpu_conv.vhd" into library microblaze_v8_50_c
Parsing VHDL file "/nfs/tools/xilinx/ise/14.7/ISE_DS/EDK/hw/XilinxProcessorIPLib/pcores/microblaze_v8_50_c/hdl/vhdl/fpu_sqrt.vhd" into library microblaze_v8_50_c
Parsing VHDL file "/nfs/tools/xilinx/ise/14.7/ISE_DS/EDK/hw/XilinxProcessorIPLib/pcores/microblaze_v8_50_c/hdl/vhdl/fpu.vhd" into library microblaze_v8_50_c
Parsing VHDL file "/nfs/tools/xilinx/ise/14.7/ISE_DS/EDK/hw/XilinxProcessorIPLib/pcores/microblaze_v8_50_c/hdl/vhdl/pvr.vhd" into library microblaze_v8_50_c
Parsing VHDL file "/nfs/tools/xilinx/ise/14.7/ISE_DS/EDK/hw/XilinxProcessorIPLib/pcores/microblaze_v8_50_c/hdl/vhdl/result_mux_bit.vhd" into library microblaze_v8_50_c
Parsing VHDL file "/nfs/tools/xilinx/ise/14.7/ISE_DS/EDK/hw/XilinxProcessorIPLib/pcores/microblaze_v8_50_c/hdl/vhdl/result_mux.vhd" into library microblaze_v8_50_c
Parsing VHDL file "/nfs/tools/xilinx/ise/14.7/ISE_DS/EDK/hw/XilinxProcessorIPLib/pcores/microblaze_v8_50_c/hdl/vhdl/stack_protection.vhd" into library microblaze_v8_50_c
Parsing VHDL file "/nfs/tools/xilinx/ise/14.7/ISE_DS/EDK/hw/XilinxProcessorIPLib/pcores/microblaze_v8_50_c/hdl/vhdl/data_flow.vhd" into library microblaze_v8_50_c
Parsing VHDL file "/nfs/tools/xilinx/ise/14.7/ISE_DS/EDK/hw/XilinxProcessorIPLib/pcores/microblaze_v8_50_c/hdl/vhdl/data_flow_gti.vhd" into library microblaze_v8_50_c
Parsing VHDL file "/nfs/tools/xilinx/ise/14.7/ISE_DS/EDK/hw/XilinxProcessorIPLib/pcores/microblaze_v8_50_c/hdl/vhdl/jump_logic_gti.vhd" into library microblaze_v8_50_c
Parsing VHDL file "/nfs/tools/xilinx/ise/14.7/ISE_DS/EDK/hw/XilinxProcessorIPLib/pcores/microblaze_v8_50_c/hdl/vhdl/decode.vhd" into library microblaze_v8_50_c
Parsing VHDL file "/nfs/tools/xilinx/ise/14.7/ISE_DS/EDK/hw/XilinxProcessorIPLib/pcores/microblaze_v8_50_c/hdl/vhdl/decode_gti.vhd" into library microblaze_v8_50_c
Parsing VHDL file "/nfs/tools/xilinx/ise/14.7/ISE_DS/EDK/hw/XilinxProcessorIPLib/pcores/microblaze_v8_50_c/hdl/vhdl/address_hit.vhd" into library microblaze_v8_50_c
Parsing VHDL file "/nfs/tools/xilinx/ise/14.7/ISE_DS/EDK/hw/XilinxProcessorIPLib/pcores/microblaze_v8_50_c/hdl/vhdl/address_data_hit.vhd" into library microblaze_v8_50_c
Parsing VHDL file "/nfs/tools/xilinx/ise/14.7/ISE_DS/EDK/hw/XilinxProcessorIPLib/pcores/microblaze_v8_50_c/hdl/vhdl/debug.vhd" into library microblaze_v8_50_c
Parsing VHDL file "/nfs/tools/xilinx/ise/14.7/ISE_DS/EDK/hw/XilinxProcessorIPLib/pcores/microblaze_v8_50_c/hdl/vhdl/iplb_interface.vhd" into library microblaze_v8_50_c
Parsing VHDL file "/nfs/tools/xilinx/ise/14.7/ISE_DS/EDK/hw/XilinxProcessorIPLib/pcores/microblaze_v8_50_c/hdl/vhdl/dplb_interface.vhd" into library microblaze_v8_50_c
Parsing VHDL file "/nfs/tools/xilinx/ise/14.7/ISE_DS/EDK/hw/XilinxProcessorIPLib/pcores/microblaze_v8_50_c/hdl/vhdl/daxi_interface.vhd" into library microblaze_v8_50_c
Parsing VHDL file "/nfs/tools/xilinx/ise/14.7/ISE_DS/EDK/hw/XilinxProcessorIPLib/pcores/microblaze_v8_50_c/hdl/vhdl/iaxi_interface.vhd" into library microblaze_v8_50_c
Parsing VHDL file "/nfs/tools/xilinx/ise/14.7/ISE_DS/EDK/hw/XilinxProcessorIPLib/pcores/microblaze_v8_50_c/hdl/vhdl/ram_module.vhd" into library microblaze_v8_50_c
Parsing VHDL file "/nfs/tools/xilinx/ise/14.7/ISE_DS/EDK/hw/XilinxProcessorIPLib/pcores/microblaze_v8_50_c/hdl/vhdl/victim_cache.vhd" into library microblaze_v8_50_c
Parsing VHDL file "/nfs/tools/xilinx/ise/14.7/ISE_DS/EDK/hw/XilinxProcessorIPLib/pcores/microblaze_v8_50_c/hdl/vhdl/stream_cache.vhd" into library microblaze_v8_50_c
Parsing VHDL file "/nfs/tools/xilinx/ise/14.7/ISE_DS/EDK/hw/XilinxProcessorIPLib/pcores/microblaze_v8_50_c/hdl/vhdl/cache_interface.vhd" into library microblaze_v8_50_c
Parsing VHDL file "/nfs/tools/xilinx/ise/14.7/ISE_DS/EDK/hw/XilinxProcessorIPLib/pcores/microblaze_v8_50_c/hdl/vhdl/icache.vhd" into library microblaze_v8_50_c
Parsing VHDL file "/nfs/tools/xilinx/ise/14.7/ISE_DS/EDK/hw/XilinxProcessorIPLib/pcores/microblaze_v8_50_c/hdl/vhdl/dcache.vhd" into library microblaze_v8_50_c
Parsing VHDL file "/nfs/tools/xilinx/ise/14.7/ISE_DS/EDK/hw/XilinxProcessorIPLib/pcores/microblaze_v8_50_c/hdl/vhdl/dcache_gti.vhd" into library microblaze_v8_50_c
Parsing VHDL file "/nfs/tools/xilinx/ise/14.7/ISE_DS/EDK/hw/XilinxProcessorIPLib/pcores/microblaze_v8_50_c/hdl/vhdl/cache_valid_bit_detect.vhd" into library microblaze_v8_50_c
Parsing VHDL file "/nfs/tools/xilinx/ise/14.7/ISE_DS/EDK/hw/XilinxProcessorIPLib/pcores/microblaze_v8_50_c/hdl/vhdl/cachehit_detect.vhd" into library microblaze_v8_50_c
Parsing VHDL file "/nfs/tools/xilinx/ise/14.7/ISE_DS/EDK/hw/XilinxProcessorIPLib/pcores/microblaze_v8_50_c/hdl/vhdl/dcache_wb.vhd" into library microblaze_v8_50_c
Parsing VHDL file "/nfs/tools/xilinx/ise/14.7/ISE_DS/EDK/hw/XilinxProcessorIPLib/pcores/microblaze_v8_50_c/hdl/vhdl/instr_mux.vhd" into library microblaze_v8_50_c
Parsing VHDL file "/nfs/tools/xilinx/ise/14.7/ISE_DS/EDK/hw/XilinxProcessorIPLib/pcores/microblaze_v8_50_c/hdl/vhdl/read_data_mux_gti.vhd" into library microblaze_v8_50_c
Parsing VHDL file "/nfs/tools/xilinx/ise/14.7/ISE_DS/EDK/hw/XilinxProcessorIPLib/pcores/microblaze_v8_50_c/hdl/vhdl/interrupt_mode_converter.vhd" into library microblaze_v8_50_c
Parsing VHDL file "/nfs/tools/xilinx/ise/14.7/ISE_DS/EDK/hw/XilinxProcessorIPLib/pcores/microblaze_v8_50_c/hdl/vhdl/mmu_types_pkg.vhd" into library microblaze_v8_50_c
Parsing VHDL file "/nfs/tools/xilinx/ise/14.7/ISE_DS/EDK/hw/XilinxProcessorIPLib/pcores/microblaze_v8_50_c/hdl/vhdl/mmu_tlb.vhd" into library microblaze_v8_50_c
Parsing VHDL file "/nfs/tools/xilinx/ise/14.7/ISE_DS/EDK/hw/XilinxProcessorIPLib/pcores/microblaze_v8_50_c/hdl/vhdl/mmu_utlb_ram.vhd" into library microblaze_v8_50_c
Parsing VHDL file "/nfs/tools/xilinx/ise/14.7/ISE_DS/EDK/hw/XilinxProcessorIPLib/pcores/microblaze_v8_50_c/hdl/vhdl/mmu_utlb.vhd" into library microblaze_v8_50_c
Parsing VHDL file "/nfs/tools/xilinx/ise/14.7/ISE_DS/EDK/hw/XilinxProcessorIPLib/pcores/microblaze_v8_50_c/hdl/vhdl/mmu.vhd" into library microblaze_v8_50_c
Parsing VHDL file "/nfs/tools/xilinx/ise/14.7/ISE_DS/EDK/hw/XilinxProcessorIPLib/pcores/microblaze_v8_50_c/hdl/vhdl/microblaze_core.vhd" into library microblaze_v8_50_c
Parsing VHDL file "/nfs/tools/xilinx/ise/14.7/ISE_DS/EDK/hw/XilinxProcessorIPLib/pcores/microblaze_v8_50_c/hdl/vhdl/microblaze.vhd" into library microblaze_v8_50_c
Parsing VHDL file "/nfs/tools/xilinx/ise/14.7/ISE_DS/EDK/hw/XilinxProcessorIPLib/pcores/proc_common_v3_00_a/hdl/vhdl/pselect.vhd" into library proc_common_v3_00_a
Parsing VHDL file "/nfs/tools/xilinx/ise/14.7/ISE_DS/EDK/hw/XilinxProcessorIPLib/pcores/proc_common_v3_00_a/hdl/vhdl/family_support.vhd" into library proc_common_v3_00_a
Parsing VHDL file "/nfs/tools/xilinx/ise/14.7/ISE_DS/EDK/hw/XilinxProcessorIPLib/pcores/proc_common_v3_00_a/hdl/vhdl/proc_common_pkg.vhd" into library proc_common_v3_00_a
Parsing VHDL file "/nfs/tools/xilinx/ise/14.7/ISE_DS/EDK/hw/XilinxProcessorIPLib/pcores/proc_common_v3_00_a/hdl/vhdl/ipif_pkg.vhd" into library proc_common_v3_00_a
Parsing VHDL file "/nfs/tools/xilinx/ise/14.7/ISE_DS/EDK/hw/XilinxProcessorIPLib/pcores/proc_common_v3_00_a/hdl/vhdl/family.vhd" into library proc_common_v3_00_a
Parsing VHDL file "/nfs/tools/xilinx/ise/14.7/ISE_DS/EDK/hw/XilinxProcessorIPLib/pcores/proc_common_v3_00_a/hdl/vhdl/coregen_comp_defs.vhd" into library proc_common_v3_00_a
Parsing VHDL file "/nfs/tools/xilinx/ise/14.7/ISE_DS/EDK/hw/XilinxProcessorIPLib/pcores/proc_common_v3_00_a/hdl/vhdl/common_types_pkg.vhd" into library proc_common_v3_00_a
Parsing VHDL file "/nfs/tools/xilinx/ise/14.7/ISE_DS/EDK/hw/XilinxProcessorIPLib/pcores/proc_common_v3_00_a/hdl/vhdl/conv_funs_pkg.vhd" into library proc_common_v3_00_a
Parsing VHDL file "/nfs/tools/xilinx/ise/14.7/ISE_DS/EDK/hw/XilinxProcessorIPLib/pcores/proc_common_v3_00_a/hdl/vhdl/async_fifo_fg.vhd" into library proc_common_v3_00_a
Parsing VHDL file "/nfs/tools/xilinx/ise/14.7/ISE_DS/EDK/hw/XilinxProcessorIPLib/pcores/proc_common_v3_00_a/hdl/vhdl/sync_fifo_fg.vhd" into library proc_common_v3_00_a
Parsing VHDL file "/nfs/tools/xilinx/ise/14.7/ISE_DS/EDK/hw/XilinxProcessorIPLib/pcores/proc_common_v3_00_a/hdl/vhdl/basic_sfifo_fg.vhd" into library proc_common_v3_00_a
Parsing VHDL file "/nfs/tools/xilinx/ise/14.7/ISE_DS/EDK/hw/XilinxProcessorIPLib/pcores/proc_common_v3_00_a/hdl/vhdl/blk_mem_gen_wrapper.vhd" into library proc_common_v3_00_a
Parsing VHDL file "/nfs/tools/xilinx/ise/14.7/ISE_DS/EDK/hw/XilinxProcessorIPLib/pcores/proc_common_v3_00_a/hdl/vhdl/addsub.vhd" into library proc_common_v3_00_a
Parsing VHDL file "/nfs/tools/xilinx/ise/14.7/ISE_DS/EDK/hw/XilinxProcessorIPLib/pcores/proc_common_v3_00_a/hdl/vhdl/counter_bit.vhd" into library proc_common_v3_00_a
Parsing VHDL file "/nfs/tools/xilinx/ise/14.7/ISE_DS/EDK/hw/XilinxProcessorIPLib/pcores/proc_common_v3_00_a/hdl/vhdl/counter.vhd" into library proc_common_v3_00_a
Parsing VHDL file "/nfs/tools/xilinx/ise/14.7/ISE_DS/EDK/hw/XilinxProcessorIPLib/pcores/proc_common_v3_00_a/hdl/vhdl/direct_path_cntr.vhd" into library proc_common_v3_00_a
Parsing VHDL file "/nfs/tools/xilinx/ise/14.7/ISE_DS/EDK/hw/XilinxProcessorIPLib/pcores/proc_common_v3_00_a/hdl/vhdl/direct_path_cntr_ai.vhd" into library proc_common_v3_00_a
Parsing VHDL file "/nfs/tools/xilinx/ise/14.7/ISE_DS/EDK/hw/XilinxProcessorIPLib/pcores/proc_common_v3_00_a/hdl/vhdl/down_counter.vhd" into library proc_common_v3_00_a
Parsing VHDL file "/nfs/tools/xilinx/ise/14.7/ISE_DS/EDK/hw/XilinxProcessorIPLib/pcores/proc_common_v3_00_a/hdl/vhdl/eval_timer.vhd" into library proc_common_v3_00_a
Parsing VHDL file "/nfs/tools/xilinx/ise/14.7/ISE_DS/EDK/hw/XilinxProcessorIPLib/pcores/proc_common_v3_00_a/hdl/vhdl/inferred_lut4.vhd" into library proc_common_v3_00_a
Parsing VHDL file "/nfs/tools/xilinx/ise/14.7/ISE_DS/EDK/hw/XilinxProcessorIPLib/pcores/proc_common_v3_00_a/hdl/vhdl/ipif_steer.vhd" into library proc_common_v3_00_a
Parsing VHDL file "/nfs/tools/xilinx/ise/14.7/ISE_DS/EDK/hw/XilinxProcessorIPLib/pcores/proc_common_v3_00_a/hdl/vhdl/ipif_steer128.vhd" into library proc_common_v3_00_a
Parsing VHDL file "/nfs/tools/xilinx/ise/14.7/ISE_DS/EDK/hw/XilinxProcessorIPLib/pcores/proc_common_v3_00_a/hdl/vhdl/ipif_mirror128.vhd" into library proc_common_v3_00_a
Parsing VHDL file "/nfs/tools/xilinx/ise/14.7/ISE_DS/EDK/hw/XilinxProcessorIPLib/pcores/proc_common_v3_00_a/hdl/vhdl/ld_arith_reg.vhd" into library proc_common_v3_00_a
Parsing VHDL file "/nfs/tools/xilinx/ise/14.7/ISE_DS/EDK/hw/XilinxProcessorIPLib/pcores/proc_common_v3_00_a/hdl/vhdl/ld_arith_reg2.vhd" into library proc_common_v3_00_a
Parsing VHDL file "/nfs/tools/xilinx/ise/14.7/ISE_DS/EDK/hw/XilinxProcessorIPLib/pcores/proc_common_v3_00_a/hdl/vhdl/mux_onehot.vhd" into library proc_common_v3_00_a
Parsing VHDL file "/nfs/tools/xilinx/ise/14.7/ISE_DS/EDK/hw/XilinxProcessorIPLib/pcores/proc_common_v3_00_a/hdl/vhdl/or_bits.vhd" into library proc_common_v3_00_a
Parsing VHDL file "/nfs/tools/xilinx/ise/14.7/ISE_DS/EDK/hw/XilinxProcessorIPLib/pcores/proc_common_v3_00_a/hdl/vhdl/or_muxcy.vhd" into library proc_common_v3_00_a
Parsing VHDL file "/nfs/tools/xilinx/ise/14.7/ISE_DS/EDK/hw/XilinxProcessorIPLib/pcores/proc_common_v3_00_a/hdl/vhdl/or_gate.vhd" into library proc_common_v3_00_a
Parsing VHDL file "/nfs/tools/xilinx/ise/14.7/ISE_DS/EDK/hw/XilinxProcessorIPLib/pcores/proc_common_v3_00_a/hdl/vhdl/or_gate128.vhd" into library proc_common_v3_00_a
Parsing VHDL file "/nfs/tools/xilinx/ise/14.7/ISE_DS/EDK/hw/XilinxProcessorIPLib/pcores/proc_common_v3_00_a/hdl/vhdl/pf_adder_bit.vhd" into library proc_common_v3_00_a
Parsing VHDL file "/nfs/tools/xilinx/ise/14.7/ISE_DS/EDK/hw/XilinxProcessorIPLib/pcores/proc_common_v3_00_a/hdl/vhdl/pf_adder.vhd" into library proc_common_v3_00_a
Parsing VHDL file "/nfs/tools/xilinx/ise/14.7/ISE_DS/EDK/hw/XilinxProcessorIPLib/pcores/proc_common_v3_00_a/hdl/vhdl/pf_counter_bit.vhd" into library proc_common_v3_00_a
Parsing VHDL file "/nfs/tools/xilinx/ise/14.7/ISE_DS/EDK/hw/XilinxProcessorIPLib/pcores/proc_common_v3_00_a/hdl/vhdl/pf_counter.vhd" into library proc_common_v3_00_a
Parsing VHDL file "/nfs/tools/xilinx/ise/14.7/ISE_DS/EDK/hw/XilinxProcessorIPLib/pcores/proc_common_v3_00_a/hdl/vhdl/pf_counter_top.vhd" into library proc_common_v3_00_a
Parsing VHDL file "/nfs/tools/xilinx/ise/14.7/ISE_DS/EDK/hw/XilinxProcessorIPLib/pcores/proc_common_v3_00_a/hdl/vhdl/pf_occ_counter.vhd" into library proc_common_v3_00_a
Parsing VHDL file "/nfs/tools/xilinx/ise/14.7/ISE_DS/EDK/hw/XilinxProcessorIPLib/pcores/proc_common_v3_00_a/hdl/vhdl/pf_occ_counter_top.vhd" into library proc_common_v3_00_a
Parsing VHDL file "/nfs/tools/xilinx/ise/14.7/ISE_DS/EDK/hw/XilinxProcessorIPLib/pcores/proc_common_v3_00_a/hdl/vhdl/pf_dpram_select.vhd" into library proc_common_v3_00_a
Parsing VHDL file "/nfs/tools/xilinx/ise/14.7/ISE_DS/EDK/hw/XilinxProcessorIPLib/pcores/proc_common_v3_00_a/hdl/vhdl/pselect_mask.vhd" into library proc_common_v3_00_a
Parsing VHDL file "/nfs/tools/xilinx/ise/14.7/ISE_DS/EDK/hw/XilinxProcessorIPLib/pcores/proc_common_v3_00_a/hdl/vhdl/srl16_fifo.vhd" into library proc_common_v3_00_a
Parsing VHDL file "/nfs/tools/xilinx/ise/14.7/ISE_DS/EDK/hw/XilinxProcessorIPLib/pcores/proc_common_v3_00_a/hdl/vhdl/srl_fifo.vhd" into library proc_common_v3_00_a
Parsing VHDL file "/nfs/tools/xilinx/ise/14.7/ISE_DS/EDK/hw/XilinxProcessorIPLib/pcores/proc_common_v3_00_a/hdl/vhdl/srl_fifo2.vhd" into library proc_common_v3_00_a
Parsing VHDL file "/nfs/tools/xilinx/ise/14.7/ISE_DS/EDK/hw/XilinxProcessorIPLib/pcores/proc_common_v3_00_a/hdl/vhdl/srl_fifo3.vhd" into library proc_common_v3_00_a
Parsing VHDL file "/nfs/tools/xilinx/ise/14.7/ISE_DS/EDK/hw/XilinxProcessorIPLib/pcores/proc_common_v3_00_a/hdl/vhdl/srl_fifo_rbu.vhd" into library proc_common_v3_00_a
Parsing VHDL file "/nfs/tools/xilinx/ise/14.7/ISE_DS/EDK/hw/XilinxProcessorIPLib/pcores/proc_common_v3_00_a/hdl/vhdl/valid_be.vhd" into library proc_common_v3_00_a
Parsing VHDL file "/nfs/tools/xilinx/ise/14.7/ISE_DS/EDK/hw/XilinxProcessorIPLib/pcores/proc_common_v3_00_a/hdl/vhdl/or_with_enable_f.vhd" into library proc_common_v3_00_a
Parsing VHDL file "/nfs/tools/xilinx/ise/14.7/ISE_DS/EDK/hw/XilinxProcessorIPLib/pcores/proc_common_v3_00_a/hdl/vhdl/muxf_struct_f.vhd" into library proc_common_v3_00_a
Parsing VHDL file "/nfs/tools/xilinx/ise/14.7/ISE_DS/EDK/hw/XilinxProcessorIPLib/pcores/proc_common_v3_00_a/hdl/vhdl/cntr_incr_decr_addn_f.vhd" into library proc_common_v3_00_a
Parsing VHDL file "/nfs/tools/xilinx/ise/14.7/ISE_DS/EDK/hw/XilinxProcessorIPLib/pcores/proc_common_v3_00_a/hdl/vhdl/dynshreg_f.vhd" into library proc_common_v3_00_a
Parsing VHDL file "/nfs/tools/xilinx/ise/14.7/ISE_DS/EDK/hw/XilinxProcessorIPLib/pcores/proc_common_v3_00_a/hdl/vhdl/dynshreg_i_f.vhd" into library proc_common_v3_00_a
Parsing VHDL file "/nfs/tools/xilinx/ise/14.7/ISE_DS/EDK/hw/XilinxProcessorIPLib/pcores/proc_common_v3_00_a/hdl/vhdl/mux_onehot_f.vhd" into library proc_common_v3_00_a
Parsing VHDL file "/nfs/tools/xilinx/ise/14.7/ISE_DS/EDK/hw/XilinxProcessorIPLib/pcores/proc_common_v3_00_a/hdl/vhdl/srl_fifo_rbu_f.vhd" into library proc_common_v3_00_a
Parsing VHDL file "/nfs/tools/xilinx/ise/14.7/ISE_DS/EDK/hw/XilinxProcessorIPLib/pcores/proc_common_v3_00_a/hdl/vhdl/srl_fifo_f.vhd" into library proc_common_v3_00_a
Parsing VHDL file "/nfs/tools/xilinx/ise/14.7/ISE_DS/EDK/hw/XilinxProcessorIPLib/pcores/proc_common_v3_00_a/hdl/vhdl/compare_vectors_f.vhd" into library proc_common_v3_00_a
Parsing VHDL file "/nfs/tools/xilinx/ise/14.7/ISE_DS/EDK/hw/XilinxProcessorIPLib/pcores/proc_common_v3_00_a/hdl/vhdl/pselect_f.vhd" into library proc_common_v3_00_a
Parsing VHDL file "/nfs/tools/xilinx/ise/14.7/ISE_DS/EDK/hw/XilinxProcessorIPLib/pcores/proc_common_v3_00_a/hdl/vhdl/counter_f.vhd" into library proc_common_v3_00_a
Parsing VHDL file "/nfs/tools/xilinx/ise/14.7/ISE_DS/EDK/hw/XilinxProcessorIPLib/pcores/proc_common_v3_00_a/hdl/vhdl/or_muxcy_f.vhd" into library proc_common_v3_00_a
Parsing VHDL file "/nfs/tools/xilinx/ise/14.7/ISE_DS/EDK/hw/XilinxProcessorIPLib/pcores/proc_common_v3_00_a/hdl/vhdl/or_gate_f.vhd" into library proc_common_v3_00_a
Parsing VHDL file "/nfs/tools/xilinx/ise/14.7/ISE_DS/EDK/hw/XilinxProcessorIPLib/pcores/proc_common_v3_00_a/hdl/vhdl/soft_reset.vhd" into library proc_common_v3_00_a
Parsing VHDL file "/nfs/tools/xilinx/ise/14.7/ISE_DS/EDK/hw/XilinxProcessorIPLib/pcores/axi_lite_ipif_v1_01_a/hdl/vhdl/address_decoder.vhd" into library axi_lite_ipif_v1_01_a
Parsing VHDL file "/nfs/tools/xilinx/ise/14.7/ISE_DS/EDK/hw/XilinxProcessorIPLib/pcores/axi_lite_ipif_v1_01_a/hdl/vhdl/slave_attachment.vhd" into library axi_lite_ipif_v1_01_a
Parsing VHDL file "/nfs/tools/xilinx/ise/14.7/ISE_DS/EDK/hw/XilinxProcessorIPLib/pcores/axi_lite_ipif_v1_01_a/hdl/vhdl/axi_lite_ipif.vhd" into library axi_lite_ipif_v1_01_a
Parsing VHDL file "/nfs/tools/xilinx/ise/14.7/ISE_DS/EDK/hw/XilinxProcessorIPLib/pcores/mdm_v2_10_a/hdl/vhdl/srl_fifo.vhd" into library mdm_v2_10_a
Parsing VHDL file "/nfs/tools/xilinx/ise/14.7/ISE_DS/EDK/hw/XilinxProcessorIPLib/pcores/mdm_v2_10_a/hdl/vhdl/jtag_control.vhd" into library mdm_v2_10_a
Parsing VHDL file "/nfs/tools/xilinx/ise/14.7/ISE_DS/EDK/hw/XilinxProcessorIPLib/pcores/mdm_v2_10_a/hdl/vhdl/mdm_core.vhd" into library mdm_v2_10_a
Parsing VHDL file "/nfs/tools/xilinx/ise/14.7/ISE_DS/EDK/hw/XilinxProcessorIPLib/pcores/mdm_v2_10_a/hdl/vhdl/mdm.vhd" into library mdm_v2_10_a
Parsing VHDL file "/nfs/tools/xilinx/ise/14.7/ISE_DS/EDK/hw/XilinxProcessorIPLib/pcores/clock_generator_v4_03_a/hdl/vhdl/dcm_module.vhd" into library clock_generator_v4_03_a
Parsing VHDL file "/nfs/tools/xilinx/ise/14.7/ISE_DS/EDK/hw/XilinxProcessorIPLib/pcores/clock_generator_v4_03_a/hdl/vhdl/pll_module.vhd" into library clock_generator_v4_03_a
Parsing VHDL file "/nfs/tools/xilinx/ise/14.7/ISE_DS/EDK/hw/XilinxProcessorIPLib/pcores/clock_generator_v4_03_a/hdl/vhdl/mmcm_module.vhd" into library clock_generator_v4_03_a
Parsing VHDL file "/nfs/tools/xilinx/ise/14.7/ISE_DS/EDK/hw/XilinxProcessorIPLib/pcores/clock_generator_v4_03_a/hdl/vhdl/plle2_module.vhd" into library clock_generator_v4_03_a
Parsing VHDL file "elaborate/clock_generator_0_v4_03_a/hdl/vhdl/clock_generator.vhd" into library clock_generator_0_v4_03_a
Analyzing Verilog file "/nfs/tools/xilinx/ise/14.7/ISE_DS/EDK/hw/XilinxProcessorIPLib/pcores/axi_interconnect_v1_06_a/hdl/verilog/ict106_axic_sample_cycle_ratio.v" into library axi_interconnect_v1_06_a
Analyzing Verilog file "/nfs/tools/xilinx/ise/14.7/ISE_DS/EDK/hw/XilinxProcessorIPLib/pcores/axi_interconnect_v1_06_a/hdl/verilog/ict106_axic_sync_clock_converter.v" into library axi_interconnect_v1_06_a
Analyzing Verilog file "/nfs/tools/xilinx/ise/14.7/ISE_DS/EDK/hw/XilinxProcessorIPLib/pcores/axi_interconnect_v1_06_a/hdl/verilog/ict106_a_axi3_conv.v" into library axi_interconnect_v1_06_a
Analyzing Verilog file "/nfs/tools/xilinx/ise/14.7/ISE_DS/EDK/hw/XilinxProcessorIPLib/pcores/axi_interconnect_v1_06_a/hdl/verilog/ict106_addr_arbiter_sasd.v" into library axi_interconnect_v1_06_a
Analyzing Verilog file "/nfs/tools/xilinx/ise/14.7/ISE_DS/EDK/hw/XilinxProcessorIPLib/pcores/axi_interconnect_v1_06_a/hdl/verilog/ict106_addr_arbiter.v" into library axi_interconnect_v1_06_a
Analyzing Verilog file "/nfs/tools/xilinx/ise/14.7/ISE_DS/EDK/hw/XilinxProcessorIPLib/pcores/axi_interconnect_v1_06_a/hdl/verilog/ict106_addr_decoder.v" into library axi_interconnect_v1_06_a
Analyzing Verilog file "/nfs/tools/xilinx/ise/14.7/ISE_DS/EDK/hw/XilinxProcessorIPLib/pcores/axi_interconnect_v1_06_a/hdl/verilog/ict106_a_downsizer.v" into library axi_interconnect_v1_06_a
Analyzing Verilog file "/nfs/tools/xilinx/ise/14.7/ISE_DS/EDK/hw/XilinxProcessorIPLib/pcores/axi_interconnect_v1_06_a/hdl/verilog/ict106_arbiter_resp.v" into library axi_interconnect_v1_06_a
Analyzing Verilog file "/nfs/tools/xilinx/ise/14.7/ISE_DS/EDK/hw/XilinxProcessorIPLib/pcores/axi_interconnect_v1_06_a/hdl/verilog/ict106_a_upsizer.v" into library axi_interconnect_v1_06_a
Analyzing Verilog file "/nfs/tools/xilinx/ise/14.7/ISE_DS/EDK/hw/XilinxProcessorIPLib/pcores/axi_interconnect_v1_06_a/hdl/verilog/ict106_axi3_conv.v" into library axi_interconnect_v1_06_a
Analyzing Verilog file "/nfs/tools/xilinx/ise/14.7/ISE_DS/EDK/hw/XilinxProcessorIPLib/pcores/axi_interconnect_v1_06_a/hdl/verilog/ict106_axic_fifo.v" into library axi_interconnect_v1_06_a
Analyzing Verilog file "/nfs/tools/xilinx/ise/14.7/ISE_DS/EDK/hw/XilinxProcessorIPLib/pcores/axi_interconnect_v1_06_a/hdl/verilog/ict106_axi_clock_converter.v" into library axi_interconnect_v1_06_a
Analyzing Verilog file "/nfs/tools/xilinx/ise/14.7/ISE_DS/EDK/hw/XilinxProcessorIPLib/pcores/axi_interconnect_v1_06_a/hdl/verilog/ict106_axic_register_slice.v" into library axi_interconnect_v1_06_a
Analyzing Verilog file "/nfs/tools/xilinx/ise/14.7/ISE_DS/EDK/hw/XilinxProcessorIPLib/pcores/axi_interconnect_v1_06_a/hdl/verilog/ict106_axic_reg_srl_fifo.v" into library axi_interconnect_v1_06_a
Analyzing Verilog file "/nfs/tools/xilinx/ise/14.7/ISE_DS/EDK/hw/XilinxProcessorIPLib/pcores/axi_interconnect_v1_06_a/hdl/verilog/ict106_axi_crossbar.v" into library axi_interconnect_v1_06_a
Analyzing Verilog file "/nfs/tools/xilinx/ise/14.7/ISE_DS/EDK/hw/XilinxProcessorIPLib/pcores/axi_interconnect_v1_06_a/hdl/verilog/ict106_axic_srl_fifo.v" into library axi_interconnect_v1_06_a
Analyzing Verilog file "/nfs/tools/xilinx/ise/14.7/ISE_DS/EDK/hw/XilinxProcessorIPLib/pcores/axi_interconnect_v1_06_a/hdl/verilog/ict106_axi_data_fifo.v" into library axi_interconnect_v1_06_a
Analyzing Verilog file "/nfs/tools/xilinx/ise/14.7/ISE_DS/EDK/hw/XilinxProcessorIPLib/pcores/axi_interconnect_v1_06_a/hdl/verilog/ict106_axi_downsizer.v" into library axi_interconnect_v1_06_a
Analyzing Verilog file "/nfs/tools/xilinx/ise/14.7/ISE_DS/EDK/hw/XilinxProcessorIPLib/pcores/axi_interconnect_v1_06_a/hdl/verilog/ict106_axilite_conv.v" into library axi_interconnect_v1_06_a
Analyzing Verilog file "/nfs/tools/xilinx/ise/14.7/ISE_DS/EDK/hw/XilinxProcessorIPLib/pcores/axi_interconnect_v1_06_a/hdl/verilog/ict106_axi_protocol_converter.v" into library axi_interconnect_v1_06_a
Analyzing Verilog file "/nfs/tools/xilinx/ise/14.7/ISE_DS/EDK/hw/XilinxProcessorIPLib/pcores/axi_interconnect_v1_06_a/hdl/verilog/ict106_axi_register_slice.v" into library axi_interconnect_v1_06_a
Analyzing Verilog file "/nfs/tools/xilinx/ise/14.7/ISE_DS/EDK/hw/XilinxProcessorIPLib/pcores/axi_interconnect_v1_06_a/hdl/verilog/ict106_axi_upsizer.v" into library axi_interconnect_v1_06_a
Analyzing Verilog file "/nfs/tools/xilinx/ise/14.7/ISE_DS/EDK/hw/XilinxProcessorIPLib/pcores/axi_interconnect_v1_06_a/hdl/verilog/ict106_b_downsizer.v" into library axi_interconnect_v1_06_a
Analyzing Verilog file "/nfs/tools/xilinx/ise/14.7/ISE_DS/EDK/hw/XilinxProcessorIPLib/pcores/axi_interconnect_v1_06_a/hdl/verilog/ict106_carry_and.v" into library axi_interconnect_v1_06_a
Analyzing Verilog file "/nfs/tools/xilinx/ise/14.7/ISE_DS/EDK/hw/XilinxProcessorIPLib/pcores/axi_interconnect_v1_06_a/hdl/verilog/ict106_carry_latch_and.v" into library axi_interconnect_v1_06_a
Analyzing Verilog file "/nfs/tools/xilinx/ise/14.7/ISE_DS/EDK/hw/XilinxProcessorIPLib/pcores/axi_interconnect_v1_06_a/hdl/verilog/ict106_carry_latch_or.v" into library axi_interconnect_v1_06_a
Analyzing Verilog file "/nfs/tools/xilinx/ise/14.7/ISE_DS/EDK/hw/XilinxProcessorIPLib/pcores/axi_interconnect_v1_06_a/hdl/verilog/ict106_carry_or.v" into library axi_interconnect_v1_06_a
Analyzing Verilog file "/nfs/tools/xilinx/ise/14.7/ISE_DS/EDK/hw/XilinxProcessorIPLib/pcores/axi_interconnect_v1_06_a/hdl/verilog/ict106_carry.v" into library axi_interconnect_v1_06_a
Analyzing Verilog file "/nfs/tools/xilinx/ise/14.7/ISE_DS/EDK/hw/XilinxProcessorIPLib/pcores/axi_interconnect_v1_06_a/hdl/verilog/ict106_command_fifo.v" into library axi_interconnect_v1_06_a
Analyzing Verilog file "/nfs/tools/xilinx/ise/14.7/ISE_DS/EDK/hw/XilinxProcessorIPLib/pcores/axi_interconnect_v1_06_a/hdl/verilog/ict106_comparator_mask_static.v" into library axi_interconnect_v1_06_a
Analyzing Verilog file "/nfs/tools/xilinx/ise/14.7/ISE_DS/EDK/hw/XilinxProcessorIPLib/pcores/axi_interconnect_v1_06_a/hdl/verilog/ict106_comparator_mask.v" into library axi_interconnect_v1_06_a
Analyzing Verilog file "/nfs/tools/xilinx/ise/14.7/ISE_DS/EDK/hw/XilinxProcessorIPLib/pcores/axi_interconnect_v1_06_a/hdl/verilog/ict106_comparator_sel_mask_static.v" into library axi_interconnect_v1_06_a
Analyzing Verilog file "/nfs/tools/xilinx/ise/14.7/ISE_DS/EDK/hw/XilinxProcessorIPLib/pcores/axi_interconnect_v1_06_a/hdl/verilog/ict106_comparator_sel_mask.v" into library axi_interconnect_v1_06_a
Analyzing Verilog file "/nfs/tools/xilinx/ise/14.7/ISE_DS/EDK/hw/XilinxProcessorIPLib/pcores/axi_interconnect_v1_06_a/hdl/verilog/ict106_comparator_sel_static.v" into library axi_interconnect_v1_06_a
Analyzing Verilog file "/nfs/tools/xilinx/ise/14.7/ISE_DS/EDK/hw/XilinxProcessorIPLib/pcores/axi_interconnect_v1_06_a/hdl/verilog/ict106_comparator_sel.v" into library axi_interconnect_v1_06_a
Analyzing Verilog file "/nfs/tools/xilinx/ise/14.7/ISE_DS/EDK/hw/XilinxProcessorIPLib/pcores/axi_interconnect_v1_06_a/hdl/verilog/ict106_comparator_static.v" into library axi_interconnect_v1_06_a
Analyzing Verilog file "/nfs/tools/xilinx/ise/14.7/ISE_DS/EDK/hw/XilinxProcessorIPLib/pcores/axi_interconnect_v1_06_a/hdl/verilog/ict106_comparator.v" into library axi_interconnect_v1_06_a
Analyzing Verilog file "/nfs/tools/xilinx/ise/14.7/ISE_DS/EDK/hw/XilinxProcessorIPLib/pcores/axi_interconnect_v1_06_a/hdl/verilog/ict106_converter_bank.v" into library axi_interconnect_v1_06_a
Analyzing Verilog file "/nfs/tools/xilinx/ise/14.7/ISE_DS/EDK/hw/XilinxProcessorIPLib/pcores/axi_interconnect_v1_06_a/hdl/verilog/ict106_crossbar_sasd.v" into library axi_interconnect_v1_06_a
Analyzing Verilog file "/nfs/tools/xilinx/ise/14.7/ISE_DS/EDK/hw/XilinxProcessorIPLib/pcores/axi_interconnect_v1_06_a/hdl/verilog/ict106_crossbar.v" into library axi_interconnect_v1_06_a
Analyzing Verilog file "/nfs/tools/xilinx/ise/14.7/ISE_DS/EDK/hw/XilinxProcessorIPLib/pcores/axi_interconnect_v1_06_a/hdl/verilog/ict106_data_fifo_bank.v" into library axi_interconnect_v1_06_a
Analyzing Verilog file "/nfs/tools/xilinx/ise/14.7/ISE_DS/EDK/hw/XilinxProcessorIPLib/pcores/axi_interconnect_v1_06_a/hdl/verilog/ict106_decerr_slave.v" into library axi_interconnect_v1_06_a
Analyzing Verilog file "/nfs/tools/xilinx/ise/14.7/ISE_DS/EDK/hw/XilinxProcessorIPLib/pcores/axi_interconnect_v1_06_a/hdl/verilog/ict106_fifo_gen.v" into library axi_interconnect_v1_06_a
Analyzing Verilog file "/nfs/tools/xilinx/ise/14.7/ISE_DS/EDK/hw/XilinxProcessorIPLib/pcores/axi_interconnect_v1_06_a/hdl/verilog/ict106_mux_enc.v" into library axi_interconnect_v1_06_a
Analyzing Verilog file "/nfs/tools/xilinx/ise/14.7/ISE_DS/EDK/hw/XilinxProcessorIPLib/pcores/axi_interconnect_v1_06_a/hdl/verilog/ict106_mux.v" into library axi_interconnect_v1_06_a
Analyzing Verilog file "/nfs/tools/xilinx/ise/14.7/ISE_DS/EDK/hw/XilinxProcessorIPLib/pcores/axi_interconnect_v1_06_a/hdl/verilog/ict106_ndeep_srl.v" into library axi_interconnect_v1_06_a
Analyzing Verilog file "/nfs/tools/xilinx/ise/14.7/ISE_DS/EDK/hw/XilinxProcessorIPLib/pcores/axi_interconnect_v1_06_a/hdl/verilog/ict106_nto1_mux.v" into library axi_interconnect_v1_06_a
Analyzing Verilog file "/nfs/tools/xilinx/ise/14.7/ISE_DS/EDK/hw/XilinxProcessorIPLib/pcores/axi_interconnect_v1_06_a/hdl/verilog/ict106_protocol_conv_bank.v" into library axi_interconnect_v1_06_a
Analyzing Verilog file "/nfs/tools/xilinx/ise/14.7/ISE_DS/EDK/hw/XilinxProcessorIPLib/pcores/axi_interconnect_v1_06_a/hdl/verilog/ict106_r_axi3_conv.v" into library axi_interconnect_v1_06_a
Analyzing Verilog file "/nfs/tools/xilinx/ise/14.7/ISE_DS/EDK/hw/XilinxProcessorIPLib/pcores/axi_interconnect_v1_06_a/hdl/verilog/ict106_r_downsizer.v" into library axi_interconnect_v1_06_a
Analyzing Verilog file "/nfs/tools/xilinx/ise/14.7/ISE_DS/EDK/hw/XilinxProcessorIPLib/pcores/axi_interconnect_v1_06_a/hdl/verilog/ict106_register_slice_bank.v" into library axi_interconnect_v1_06_a
Analyzing Verilog file "/nfs/tools/xilinx/ise/14.7/ISE_DS/EDK/hw/XilinxProcessorIPLib/pcores/axi_interconnect_v1_06_a/hdl/verilog/ict106_r_upsizer.v" into library axi_interconnect_v1_06_a
Analyzing Verilog file "/nfs/tools/xilinx/ise/14.7/ISE_DS/EDK/hw/XilinxProcessorIPLib/pcores/axi_interconnect_v1_06_a/hdl/verilog/ict106_si_transactor.v" into library axi_interconnect_v1_06_a
Analyzing Verilog file "/nfs/tools/xilinx/ise/14.7/ISE_DS/EDK/hw/XilinxProcessorIPLib/pcores/axi_interconnect_v1_06_a/hdl/verilog/ict106_splitter.v" into library axi_interconnect_v1_06_a
Analyzing Verilog file "/nfs/tools/xilinx/ise/14.7/ISE_DS/EDK/hw/XilinxProcessorIPLib/pcores/axi_interconnect_v1_06_a/hdl/verilog/ict106_w_axi3_conv.v" into library axi_interconnect_v1_06_a
Analyzing Verilog file "/nfs/tools/xilinx/ise/14.7/ISE_DS/EDK/hw/XilinxProcessorIPLib/pcores/axi_interconnect_v1_06_a/hdl/verilog/ict106_wdata_mux.v" into library axi_interconnect_v1_06_a
Analyzing Verilog file "/nfs/tools/xilinx/ise/14.7/ISE_DS/EDK/hw/XilinxProcessorIPLib/pcores/axi_interconnect_v1_06_a/hdl/verilog/ict106_wdata_router.v" into library axi_interconnect_v1_06_a
Analyzing Verilog file "/nfs/tools/xilinx/ise/14.7/ISE_DS/EDK/hw/XilinxProcessorIPLib/pcores/axi_interconnect_v1_06_a/hdl/verilog/ict106_w_downsizer.v" into library axi_interconnect_v1_06_a
Analyzing Verilog file "/nfs/tools/xilinx/ise/14.7/ISE_DS/EDK/hw/XilinxProcessorIPLib/pcores/axi_interconnect_v1_06_a/hdl/verilog/ict106_w_upsizer.v" into library axi_interconnect_v1_06_a
Analyzing Verilog file "/nfs/tools/xilinx/ise/14.7/ISE_DS/EDK/hw/XilinxProcessorIPLib/pcores/axi_interconnect_v1_06_a/hdl/verilog/axi_interconnect.v" into library axi_interconnect_v1_06_a
Parsing VHDL file "/nfs/tools/xilinx/ise/14.7/ISE_DS/EDK/hw/XilinxProcessorIPLib/pcores/axi_uartlite_v1_02_a/hdl/vhdl/baudrate.vhd" into library axi_uartlite_v1_02_a
Parsing VHDL file "/nfs/tools/xilinx/ise/14.7/ISE_DS/EDK/hw/XilinxProcessorIPLib/pcores/axi_uartlite_v1_02_a/hdl/vhdl/uartlite_rx.vhd" into library axi_uartlite_v1_02_a
Parsing VHDL file "/nfs/tools/xilinx/ise/14.7/ISE_DS/EDK/hw/XilinxProcessorIPLib/pcores/axi_uartlite_v1_02_a/hdl/vhdl/uartlite_tx.vhd" into library axi_uartlite_v1_02_a
Parsing VHDL file "/nfs/tools/xilinx/ise/14.7/ISE_DS/EDK/hw/XilinxProcessorIPLib/pcores/axi_uartlite_v1_02_a/hdl/vhdl/uartlite_core.vhd" into library axi_uartlite_v1_02_a
Parsing VHDL file "/nfs/tools/xilinx/ise/14.7/ISE_DS/EDK/hw/XilinxProcessorIPLib/pcores/axi_uartlite_v1_02_a/hdl/vhdl/axi_uartlite.vhd" into library axi_uartlite_v1_02_a
Parsing VHDL file "/nfs/tools/xilinx/ise/14.7/ISE_DS/EDK/hw/XilinxProcessorIPLib/pcores/interrupt_control_v2_01_a/hdl/vhdl/interrupt_control.vhd" into library interrupt_control_v2_01_a
Parsing VHDL file "/nfs/tools/xilinx/ise/14.7/ISE_DS/EDK/hw/XilinxProcessorIPLib/pcores/axi_gpio_v1_01_b/hdl/vhdl/gpio_core.vhd" into library axi_gpio_v1_01_b
Parsing VHDL file "/nfs/tools/xilinx/ise/14.7/ISE_DS/EDK/hw/XilinxProcessorIPLib/pcores/axi_gpio_v1_01_b/hdl/vhdl/axi_gpio.vhd" into library axi_gpio_v1_01_b
Parsing VHDL file "/home/ga38kud/vivin_gsm/gsm_sim/gsm_integration_v_1_0/pcores/sc_uart_interface_modified_v1_00_a/hdl/vhdl/uart_tx.vhd" into library sc_uart_interface_modified_v1_00_a
Parsing VHDL file "/home/ga38kud/vivin_gsm/gsm_sim/gsm_integration_v_1_0/pcores/sc_uart_interface_modified_v1_00_a/hdl/vhdl/uart_rx.vhd" into library sc_uart_interface_modified_v1_00_a
Parsing VHDL file "/home/ga38kud/vivin_gsm/gsm_sim/gsm_integration_v_1_0/pcores/sc_uart_interface_modified_v1_00_a/hdl/vhdl/Control.vhd" into library sc_uart_interface_modified_v1_00_a
Parsing VHDL file "/home/ga38kud/vivin_gsm/gsm_sim/gsm_integration_v_1_0/pcores/sc_uart_interface_modified_v1_00_a/hdl/vhdl/uart_top.vhd" into library sc_uart_interface_modified_v1_00_a
Parsing VHDL file "/home/ga38kud/vivin_gsm/gsm_sim/gsm_integration_v_1_0/pcores/sc_uart_interface_modified_v1_00_a/hdl/vhdl/tx_cdc.vhd" into library sc_uart_interface_modified_v1_00_a
Parsing VHDL file "/home/ga38kud/vivin_gsm/gsm_sim/gsm_integration_v_1_0/pcores/sc_uart_interface_modified_v1_00_a/hdl/vhdl/rx_cdc.vhd" into library sc_uart_interface_modified_v1_00_a
Parsing VHDL file "/home/ga38kud/vivin_gsm/gsm_sim/gsm_integration_v_1_0/pcores/sc_uart_interface_modified_v1_00_a/hdl/vhdl/reset_cdc.vhd" into library sc_uart_interface_modified_v1_00_a
Parsing VHDL file "/home/ga38kud/vivin_gsm/gsm_sim/gsm_integration_v_1_0/pcores/sc_uart_interface_modified_v1_00_a/hdl/vhdl/uart_ip.vhd" into library sc_uart_interface_modified_v1_00_a
Parsing VHDL file "/home/ga38kud/vivin_gsm/gsm_sim/gsm_integration_v_1_0/pcores/sc_uart_interface_modified_v2_00_a/hdl/vhdl/user_logic.vhd" into library sc_uart_interface_modified_v2_00_a
Parsing VHDL file "/home/ga38kud/vivin_gsm/gsm_sim/gsm_integration_v_1_0/pcores/sc_uart_interface_modified_v2_00_a/hdl/vhdl/sc_uart_interface_modified.vhd" into library sc_uart_interface_modified_v2_00_a
Parsing VHDL file "system_proc_sys_reset_0_wrapper.vhd" into library work
Parsing VHDL file "system_microblaze_0_ilmb_wrapper.vhd" into library work
Parsing VHDL file "system_microblaze_0_i_bram_ctrl_wrapper.vhd" into library work
Parsing VHDL file "system_microblaze_0_dlmb_wrapper.vhd" into library work
Parsing VHDL file "system_microblaze_0_d_bram_ctrl_wrapper.vhd" into library work
Parsing VHDL file "system_microblaze_0_bram_block_wrapper.vhd" into library work
Parsing VHDL file "system_microblaze_0_wrapper.vhd" into library work
Parsing VHDL file "system_debug_module_wrapper.vhd" into library work
Parsing VHDL file "system_clock_generator_0_wrapper.vhd" into library work
Analyzing Verilog file "system_axi4lite_0_wrapper.v" into library work
      Resolving module axi_interconnect
      Resolving module ict106_register_slice_bank
      Resolving module ict106_protocol_conv_bank
      Resolving module ict106_converter_bank
      Resolving module ict106_data_fifo_bank
      Resolving module ict106_axi_crossbar
      Resolving module ict106_axi_register_slice
      Resolving module ict106_axi_protocol_converter
      Resolving module ict106_axi_upsizer
      Resolving module ict106_axi_clock_converter
      Resolving module ict106_axi_downsizer
      Resolving module ict106_axi_data_fifo
      Resolving module ict106_crossbar
      Resolving module ict106_crossbar_sasd
      Resolving module ict106_axic_register_slice
      Resolving module ict106_axilite_conv
      Resolving module ict106_axi3_conv
      Resolving module ict106_a_upsizer
      Resolving module ict106_w_upsizer
      Resolving module ict106_r_upsizer
      Resolving module fifo_generator_v9_1
      Resolving module ict106_axic_sample_cycle_ratio
      Resolving module ict106_axic_sync_clock_converter
      Resolving module ict106_a_downsizer
      Resolving module ict106_w_downsizer
      Resolving module ict106_b_downsizer
      Resolving module ict106_r_downsizer
      Resolving module ict106_si_transactor
      Resolving module ict106_splitter
      Resolving module ict106_wdata_router
      Resolving module ict106_addr_decoder
      Resolving module ict106_wdata_mux
      Resolving module ict106_axic_srl_fifo
      Resolving module ict106_addr_arbiter
      Resolving module ict106_decerr_slave
      Resolving module ict106_addr_arbiter_sasd
      Resolving module ict106_mux_enc
      Resolving module ict106_a_axi3_conv
      Resolving module ict106_w_axi3_conv
      Resolving module ict106_r_axi3_conv
      Resolving module ict106_carry_latch_and
      Resolving module ict106_carry_and
      Resolving module ict106_comparator
      Resolving module ict106_carry_or
      Resolving module ict106_command_fifo
      Resolving module ict106_comparator_sel_static
      Resolving module ict106_comparator_sel
      Resolving module ict106_axic_fifo
      Resolving module ict106_arbiter_resp
      Resolving module ict106_axic_reg_srl_fifo
      Resolving module ict106_comparator_static
      Resolving module ict106_ndeep_srl
      Resolving module ict106_carry_latch_or
      Resolving module ict106_fifo_gen
      Resolving module ict106_nto1_mux
Parsing VHDL file "system_rs232_uart_1_wrapper.vhd" into library work
Parsing VHDL file "system_push_buttons_4bits_wrapper.vhd" into library work
Parsing VHDL file "system_leds_8bits_wrapper.vhd" into library work
Parsing VHDL file "system_dip_switches_8bits_wrapper.vhd" into library work
Parsing VHDL file "system_sc_uart_interface_modified_0_wrapper.vhd" into library work
Parsing VHDL file "system.vhd" into library work
Analyzing Verilog file "/nfs/tools/xilinx/ise/14.7/ISE_DS/ISE/verilog/src/glbl.v" into library work
Starting static elaboration
WARNING:HDLCompiler:746 - "/nfs/tools/xilinx/ise/14.7/ISE_DS/EDK/hw/XilinxProcessorIPLib/pcores/microblaze_v8_50_c/hdl/vhdl/debug.vhd" Line 1975: Range is empty (null range)
WARNING:HDLCompiler:746 - "/nfs/tools/xilinx/ise/14.7/ISE_DS/EDK/hw/XilinxProcessorIPLib/pcores/axi_lite_ipif_v1_01_a/hdl/vhdl/slave_attachment.vhd" Line 260: Range is empty (null range)
WARNING:HDLCompiler:746 - "/nfs/tools/xilinx/ise/14.7/ISE_DS/EDK/hw/XilinxProcessorIPLib/pcores/axi_lite_ipif_v1_01_a/hdl/vhdl/slave_attachment.vhd" Line 260: Range is empty (null range)
WARNING:HDLCompiler:89 - "system_sc_uart_interface_modified_0_wrapper.vhd" Line 91: <sc_uart_interface_modified> remains a black-box since it has no binding entity.
Completed static elaboration
Fuse Memory Usage: 247020 KB
Fuse CPU Usage: 12310 ms
WARNING:Simulator:648 - "system_sc_uart_interface_modified_0_wrapper.vhd" Line 91. Instance sc_uart_interface_modified is unbound
Compiling module glbl
Compiling module ict106_axic_register_slice(C_FAM...
Compiling module ict106_axic_register_slice(C_FAM...
Compiling module ict106_axic_register_slice(C_FAM...
Compiling module ict106_axic_register_slice(C_FAM...
Compiling module ict106_axi_register_slice(C_FAMI...
Compiling module ict106_register_slice_bank(C_FAM...
Compiling module ict106_register_slice_bank(C_FAM...
Compiling module ict106_axilite_conv(C_FAMILY="sp...
Compiling module ict106_axi_protocol_converter(C_...
Compiling module ict106_protocol_conv_bank(C_FAMI...
Compiling module ict106_axi_clock_converter(C_FAM...
Compiling module ict106_converter_bank(C_FAMILY="...
Compiling module ict106_converter_bank(C_FAMILY="...
Compiling module ict106_axi_data_fifo(C_FAMILY="s...
Compiling module ict106_data_fifo_bank(C_FAMILY="...
Compiling module ict106_data_fifo_bank(C_FAMILY="...
Compiling module ict106_addr_arbiter_sasd(C_MAX_S...
Compiling module MUXCY
Compiling module ict106_carry_and(C_FAMILY="spart...
Compiling module ict106_comparator_static(C_FAMIL...
Compiling module ict106_comparator_static(C_FAMIL...
Compiling module ict106_comparator_static(C_FAMIL...
Compiling module ict106_comparator_static(C_FAMIL...
Compiling module ict106_comparator_static(C_FAMIL...
Compiling module ict106_comparator_static(C_FAMIL...
Compiling module ict106_addr_decoder(C_FAMILY="sp...
Compiling module ict106_splitter(C_NUM_M=3)
Compiling module ict106_splitter
Compiling module MUXF7
Compiling module ict106_mux_enc(C_FAMILY="spartan...
Compiling module ict106_mux_enc(C_FAMILY="spartan...
Compiling module ict106_mux_enc(C_FAMILY="spartan...
Compiling module ict106_axic_register_slice(C_FAM...
Compiling module ict106_mux_enc(C_FAMILY="spartan...
Compiling module ict106_decerr_slave(C_AXI_DATA_W...
Compiling module ict106_crossbar_sasd(C_MAX_S=16,...
Compiling module ict106_axi_crossbar(C_FAMILY="sp...
Compiling module axi_interconnect(C_BASEFAMILY="s...
Compiling module system_axi4lite_0_wrapper
Compiling package standard
Compiling package std_logic_1164
Compiling package vcomponents
Compiling package vl_types
Compiling package std_logic_arith
Compiling architecture imp of entity upcnt_n [\upcnt_n(4)\]
Compiling package textio
Compiling package vital_timing
Compiling package vital_primitives
Compiling package vpkg
Compiling architecture srl16_v of entity SRL16 [\SRL16("1111111111111111")(0,15)...]
Compiling architecture imp of entity lpf [\lpf(4,4,'1','1')\]
Compiling architecture imp of entity upcnt_n [\upcnt_n(6)\]
Compiling architecture imp of entity sequence [sequence_default]
Compiling architecture imp of entity proc_sys_reset [\proc_sys_reset(4,4,'1','1',1,1,...]
Compiling architecture structure of entity system_proc_sys_reset_0_wrapper [system_proc_sys_reset_0_wrapper_...]
Compiling architecture fds_v of entity FDS [\FDS('1')\]
Compiling architecture imp of entity lmb_v10 [\lmb_v10(1,32,32,1)\]
Compiling architecture structure of entity system_microblaze_0_ilmb_wrapper [system_microblaze_0_ilmb_wrapper...]
Compiling package numeric_std
Compiling package lmb_bram_if_funcs
Compiling package std_logic_unsigned
Compiling architecture imp of entity pselect_mask [\pselect_mask(32,('0','0','0','0...]
Compiling architecture imp of entity lmb_mux [\lmb_mux(('0','0','0','0','0','0...]
Compiling architecture imp of entity lmb_bram_if_cntlr [\lmb_bram_if_cntlr("spartan6",('...]
Compiling architecture structure of entity system_microblaze_0_i_bram_ctrl_wrapper [system_microblaze_0_i_bram_ctrl_...]
Compiling architecture structure of entity system_microblaze_0_dlmb_wrapper [system_microblaze_0_dlmb_wrapper...]
Compiling architecture structure of entity system_microblaze_0_d_bram_ctrl_wrapper [system_microblaze_0_d_bram_ctrl_...]
Compiling package std_logic_signed
Compiling package std_logic_textio
Compiling architecture ramb16bwer_v of entity RAMB16BWER [\RAMB16BWER(9,9,0,0,true,true,"0...]
Compiling architecture ramb16bwer_v of entity RAMB16BWER [\RAMB16BWER(9,9,0,0,true,true,"0...]
Compiling architecture ramb16bwer_v of entity RAMB16BWER [\RAMB16BWER(9,9,0,0,true,true,"0...]
Compiling architecture ramb16bwer_v of entity RAMB16BWER [\RAMB16BWER(9,9,0,0,true,true,"0...]
Compiling architecture structure of entity microblaze_0_bram_block_elaborate [\microblaze_0_bram_block_elabora...]
Compiling architecture structure of entity system_microblaze_0_bram_block_wrapper [system_microblaze_0_bram_block_w...]
Compiling package microblaze_types
Compiling package microblaze_isa
Compiling package mmu_types
Compiling architecture imp of entity interrupt_mode_converter [\interrupt_mode_converter(false,...]
Compiling architecture muxcy_l_v of entity MUXCY_L [muxcy_l_default]
Compiling architecture xorcy_v of entity XORCY [xorcy_default]
Compiling architecture muxf7_v of entity MUXF7 [muxf7_default]
Compiling architecture fdr_v of entity FDR [\FDR('0')\]
Compiling architecture imp of entity PC_Module_gti [\PC_Module_gti(spartan6,true,0,f...]
Compiling architecture lut6_v of entity LUT6 [\LUT6("0000000000000000000000000...]
Compiling architecture imp of entity PreFetch_Buffer_gti [\PreFetch_Buffer_gti(true,sparta...]
Compiling architecture imp of entity carry_and [\carry_and(spartan6)\]
Compiling architecture imp of entity jump_logic [\jump_logic(spartan6)\]
Compiling architecture fdre_v of entity FDRE [\FDRE('0')\]
Compiling architecture imp of entity carry_or [\carry_or(spartan6)\]
Compiling architecture imp of entity Decode_gti [\Decode_gti(spartan6,true,('0','...]
Compiling architecture ram32m_v of entity RAM32M [\RAM32M("00000000000000000000000...]
Compiling architecture imp of entity Register_File_gti [\Register_File_gti(spartan6,"yes...]
Compiling architecture imp of entity Operand_Select_gti [\Operand_Select_gti(true,spartan...]
Compiling architecture lut6_2_v of entity LUT6_2 [\LUT6_2("01100000011110101010011...]
Compiling architecture imp of entity ALU_Bit [\ALU_Bit(spartan6,true,false)\]
Compiling architecture lut4_v of entity LUT4 [\LUT4("1111101000001010")(0,15)\]
Compiling architecture mult_and_v of entity MULT_AND [mult_and_default]
Compiling architecture imp of entity ALU_Bit [\ALU_Bit(spartan6,true,true)\]
Compiling architecture imp of entity ALU [\ALU(0,true,spartan6)\]
Compiling architecture imp of entity count_leading_zeros [count_leading_zeros_default]
Compiling architecture imp of entity carry_equal [\carry_equal(spartan6,8)\]
Compiling architecture imp of entity Shift_Logic_Module_gti [\Shift_Logic_Module_gti(true,tru...]
Compiling architecture dsp48a_v of entity DSP48A [\DSP48A(0,0,0,0,0,"OPMODE5",0,0,...]
Compiling architecture imp of entity dsp_module [\dsp_module(spartan6,18,18,48,0,...]
Compiling architecture dsp48a_v of entity DSP48A [\DSP48A(0,0,0,0,0,"OPMODE5",0,0,...]
Compiling architecture imp of entity dsp_module [\dsp_module(spartan6,18,18,48,0,...]
Compiling architecture dsp48a_v of entity DSP48A [\DSP48A(1,0,1,0,0,"OPMODE5",0,0,...]
Compiling architecture imp of entity dsp_module [\dsp_module(spartan6,18,18,48,1,...]
Compiling architecture imp of entity mul_unit [\mul_unit(spartan6,true,false)\]
Compiling architecture imp of entity Barrel_Shifter_gti [\Barrel_Shifter_gti(spartan6,tru...]
Compiling architecture imp of entity WB_Mux_Bit [\WB_Mux_Bit(spartan6,6,3)\]
Compiling architecture imp of entity WB_Mux [\WB_Mux(spartan6,false,false,fal...]
Compiling architecture imp of entity Zero_Detect_gti [\Zero_Detect_gti(spartan6)\]
Compiling architecture imp of entity Byte_Doublet_Handle_gti [\Byte_Doublet_Handle_gti(spartan...]
Compiling architecture imp of entity Data_Flow_Logic [\Data_Flow_Logic(spartan6,0,16)\]
Compiling architecture msr_reg of entity msr_reg_gti [\msr_reg_gti(spartan6,('0','0','...]
Compiling architecture imp of entity mux_bus [\mux_bus(spartan6,true,32)\]
Compiling architecture lut3_v of entity LUT3 [\LUT3("00000000")(0,7)\]
Compiling architecture fde_v of entity FDE [\FDE('0')\]
Compiling architecture imp of entity exception_registers_gti [\exception_registers_gti(spartan...]
Compiling architecture imp of entity Fpu [\Fpu(spartan6,0,0,"yes")(1,3)\]
Compiling architecture imp of entity PVR [\PVR(0,('0','0','0','1','1','1',...]
Compiling architecture imp of entity Data_Flow_gti [\Data_Flow_gti(32,spartan6,true,...]
Compiling architecture imp of entity read_data_mux [\read_data_mux(true,true,false)\]
Compiling architecture imp of entity DAXI_interface [\DAXI_interface(1,32,32,false,fa...]
Compiling architecture and2b1l_v of entity AND2B1L [and2b1l_default]
Compiling architecture imp of entity instr_mux [\instr_mux(spartan6,true,false,f...]
Compiling architecture srl16e_v of entity SRL16E [\SRL16E("0000000000011011")(15,0...]
Compiling architecture imp of entity MB_SRL16E [\MB_SRL16E("yes",true,"000000000...]
Compiling architecture imp of entity MB_SRL16E [\MB_SRL16E("yes",true,"000000100...]
Compiling architecture imp of entity MB_SRL16E [\MB_SRL16E("yes",true,"111111111...]
Compiling architecture imp of entity MB_SRL16E [\MB_SRL16E("yes",true,"001111111...]
Compiling architecture imp of entity MB_SRL16E [\MB_SRL16E("yes",true,"000000000...]
Compiling architecture imp of entity MB_SRL16E [\MB_SRL16E("yes",true,"000000000...]
Compiling architecture imp of entity MB_SRL16E [\MB_SRL16E("yes",true,"000111100...]
Compiling architecture srlc16e_v of entity SRLC16E [\SRLC16E("0000000000000000")(0,1...]
Compiling architecture imp of entity MB_SRLC16E [\MB_SRLC16E("yes","0000000000000...]
Compiling architecture muxcy_v of entity MUXCY [muxcy_default]
Compiling architecture imp of entity address_hit [\address_hit(spartan6,true,"yes"...]
Compiling architecture imp of entity Debug [\Debug(('0','0','0','0','0','0',...]
Compiling architecture imp of entity MMU [\MMU(spartan6,true,0,0,4,2,false...]
Compiling architecture imp of entity MicroBlaze_Core [\MicroBlaze_Core(0,100000000,0,0...]
Compiling architecture imp of entity MicroBlaze [\MicroBlaze(0,100000000,0,0,0,0,...]
Compiling architecture structure of entity system_microblaze_0_wrapper [system_microblaze_0_wrapper_defa...]
Compiling package family_support
Compiling package proc_common_pkg
Compiling package ipif_pkg
Compiling package attributes
Compiling package std_logic_misc
Compiling architecture bscan_spartan6_v of entity BSCAN_SPARTAN6 [\BSCAN_SPARTAN6(2)\]
Compiling architecture bufg_v of entity BUFG [bufg_default]
Compiling architecture fdc_1_v of entity FDC_1 [\FDC_1('0')\]
Compiling architecture fdre_1_v of entity FDRE_1 [\FDRE_1('0')\]
Compiling architecture fdrse_v of entity FDRSE [\FDRSE('0')\]
Compiling architecture imp of entity SRL_FIFO [\SRL_FIFO(8,16)\]
Compiling architecture imp of entity JTAG_CONTROL [\JTAG_CONTROL(1,0,1,8,1)\]
Compiling architecture imp of entity MDM_Core [\MDM_Core(0,('0','1','0','0','0'...]
Compiling architecture imp of entity pselect_f [\pselect_f(2,2,('0','0'),"nofami...]
Compiling architecture imp of entity pselect_f [\pselect_f(2,2,('0','1'),"nofami...]
Compiling architecture imp of entity pselect_f [\pselect_f(2,2,('1','0'),"nofami...]
Compiling architecture imp of entity pselect_f [\pselect_f(2,2,('1','1'),"nofami...]
Compiling architecture imp of entity address_decoder [\address_decoder(4,('0','0','0',...]
Compiling architecture imp of entity slave_attachment [\slave_attachment((('0','0','0',...]
Compiling architecture imp of entity axi_lite_ipif [\axi_lite_ipif(32,32,('0','0','0...]
Compiling architecture imp of entity MDM [\MDM("spartan6",2,0,0,2,('0','1'...]
Compiling architecture structure of entity system_debug_module_wrapper [system_debug_module_wrapper_defa...]
Compiling architecture pll_adv_v of entity PLL_ADV [\PLL_ADV("OPTIMIZED","CLKFBOUT",...]
Compiling architecture struct of entity pll_module [\pll_module("OPTIMIZED",10,0.0,1...]
Compiling architecture structure of entity clock_generator [\clock_generator("spartan6","6sl...]
Compiling architecture structure of entity system_clock_generator_0_wrapper [system_clock_generator_0_wrapper...]
Compiling architecture rtl of entity baudrate [\baudrate(651)\]
Compiling architecture behavioral of entity dynshreg_i_f [\dynshreg_i_f(16,1,"0","spartan6...]
Compiling architecture imp of entity cntr_incr_decr_addn_f [\cntr_incr_decr_addn_f(5,"sparta...]
Compiling architecture behavioral of entity dynshreg_f [\dynshreg_f(16,8,"spartan6")(1,8...]
Compiling architecture imp of entity srl_fifo_rbu_f [\srl_fifo_rbu_f(8,16,"spartan6")...]
Compiling architecture imp of entity srl_fifo_f [\srl_fifo_f(8,16,"spartan6")(1,8...]
Compiling architecture rtl of entity uartlite_rx [\uartlite_rx("spartan6",8,0,1)(1...]
Compiling architecture behavioral of entity dynshreg_i_f [\dynshreg_i_f(16,1,"100000000000...]
Compiling architecture rtl of entity uartlite_tx [\uartlite_tx("spartan6",8,0,1)(1...]
Compiling architecture rtl of entity uartlite_core [\uartlite_core("spartan6",100000...]
Compiling architecture imp of entity address_decoder [\address_decoder(4,('0','0','0',...]
Compiling architecture imp of entity slave_attachment [\slave_attachment((('0','0','0',...]
Compiling architecture imp of entity axi_lite_ipif [\axi_lite_ipif(32,4,('0','0','0'...]
Compiling architecture rtl of entity axi_uartlite [\axi_uartlite("spartan6",1000000...]
Compiling architecture structure of entity system_rs232_uart_1_wrapper [system_rs232_uart_1_wrapper_defa...]
Compiling architecture imp of entity address_decoder [\address_decoder(9,('0','0','0',...]
Compiling architecture imp of entity slave_attachment [\slave_attachment((('0','0','0',...]
Compiling architecture imp of entity axi_lite_ipif [\axi_lite_ipif(32,9,('0','0','0'...]
Compiling architecture imp of entity GPIO_Core [\GPIO_Core(32,9,4,32,4,0,('0','0...]
Compiling architecture imp of entity axi_gpio [\axi_gpio("spartan6","Push_Butto...]
Compiling architecture structure of entity system_push_buttons_4bits_wrapper [system_push_buttons_4bits_wrappe...]
Compiling architecture imp of entity GPIO_Core [\GPIO_Core(32,9,8,32,8,0,('0','0...]
Compiling architecture imp of entity axi_gpio [\axi_gpio("spartan6","LEDs_8Bits...]
Compiling architecture structure of entity system_leds_8bits_wrapper [system_leds_8bits_wrapper_defaul...]
Compiling architecture imp of entity axi_gpio [\axi_gpio("spartan6","DIP_Switch...]
Compiling architecture structure of entity system_dip_switches_8bits_wrapper [system_dip_switches_8bits_wrappe...]
Compiling architecture structure of entity system_sc_uart_interface_modified_0_wrapper [system_sc_uart_interface_modifie...]
Compiling architecture iobuf_v of entity IOBUF [\IOBUF("DONT_CARE",12,"0",true,"...]
Compiling architecture structure of entity system
Time Resolution for simulation is 100fs.
Waiting for 1 sub-compilation(s) to finish...
Compiled 353 VHDL Units
Compiled 40 Verilog Units
Built simulation executable isim_system
Fuse Memory Usage: 349892 KB
Fuse CPU Usage: 18290 ms
GCC CPU Usage: 520 ms
