ISim log file
Running: ./isim_system -gui -tclbatch system_setup.tcl 
ISim P.20131013 (signature 0xfbc00daa)
----------------------------------------------------------------------
INFO:Security:51 - The XILINXD_LICENSE_FILE environment variable is not set.
INFO:Security:52 - The LM_LICENSE_FILE environment variable is set to '5280@refile.regent.e-technik.tu-muenchen.de:2100@refile.regent.e-technik.tu-muenchen.de:1717@refile.regent.e-technik.tu-muenchen.de:1702@tueisec-licenses.sec.ei.tum.de:2300@licenses.lis.ei.tum.de:27000@licenses.lis.ei.tum.de:'.
WARNING:Security:43 - No license file was found in the standard Xilinx license directory.
WARNING:Security:44 - Since no license file was found,
       please run the Xilinx License Configuration Manager
       (xlcm or "Manage Xilinx Licenses")
       to assist in obtaining a license.
WARNING:Security:42 - Your software subscription period has lapsed. Your current version of Xilinx tools will continue to function, but you no longer qualify for Xilinx software updates or new releases.


----------------------------------------------------------------------
This is a Full version of ISim.
Time resolution is 100 fs
# proc w  
  global  tbpath
  global  PathSeparator
  puts  "Setting up signal tracing ..."
  source system_wave.tcl

# proc w_top  
  global  tbpath
  global  PathSeparator
  puts  "Setting up signal tracing ..."
  set id [group add "Top level ports"]
  source top_level_ports_wave.tcl

# proc w_instance {design_instance_name } 
  global  tbpath
  global  PathSeparator
  puts  "Setting up signal tracing ..."
  wave add $design_instance_name

# proc ClockSetup  
  global  tbpath
  global  PathSeparator
  puts -nonewline "Setting up clock ... "
  if { [info exists PathSeparator] } { set ps $PathSeparator } else { set ps "/" }
  if { ![info exists tbpath] } { set tbpath "${ps}system" }
  isim force add $tbpath${ps}GCLK 0 -time 0 ns -value 1 -time 5 ns -repeat 10 ns
  puts "done"

# proc ResetSetup  
  global  tbpath
  global  PathSeparator
  puts -nonewline "Setting up reset and simulating ... "
  if { [info exists PathSeparator] } { set ps $PathSeparator } else { set ps "/" }
  if { ![info exists tbpath] } { set tbpath "${ps}system" }
  isim force add $tbpath${ps}RESET 1 -time 0 ns -value 0 -time 160 ns
  puts "done"

# proc reset   restart; ClockSetup; ResetSetup; 
# proc PrintHelpInformation  
  puts "**********************************************************************"
  puts "**********************************************************************"
  puts "***"
  puts "***   Simulation Setup Macros (system_setup.tcl)"
  puts "***"
  puts "***   reset =>  Generate clock, toggle reset ports and reset simulation to time 0"
  puts "***"
  puts "***   w   =>  set up signal tracing for the ISE Simulator waveform"
  puts "***           viewer (edit signal lists in system_wave.tcl)"
  puts "***"
  puts "***   w_top =>  Observe top level signals in the ISim Waveform Viewer"
  puts "***"
  puts "***   w_instance <<instance name>>  =>  Observe signals of the given instance in the ISim waveform viewer"
  puts "***           (Example: w /system/dlm_cntrl to observe signals of dlmb controller)."
  puts "***"
  puts "***   h   =>  print this help menu"
  puts "***"
  puts "***   Default flow is: w_top; run 1000ns or w; run 1000ns"
  puts "***"
  puts "**********************************************************************"
  puts "**********************************************************************"

# proc h   PrintHelpInformation 
# puts Setting up simulation commands ...
# PrintHelpInformation
# run all
Simulator is doing circuit initialization process.
at 0 fs, Instance /system/microblaze_0/microblaze_0/MicroBlaze_Core_I/performance/Decode_I/PC_Module_I/ : Warning: NUMERIC_STD.TO_INTEGER: metavalue detected, returning 0
at 0 fs, Instance /system/microblaze_0/microblaze_0/MicroBlaze_Core_I/performance/Decode_I/PreFetch_Buffer_I1/ : Warning: NUMERIC_STD.TO_INTEGER: metavalue detected, returning 0
at 0 fs, Instance /system/microblaze_0/microblaze_0/MicroBlaze_Core_I/performance/Data_Flow_I/ : Warning: NUMERIC_STD."<": metavalue detected, returning FALSE
at 0 fs, Instance /system/RS232_Uart_1/RS232_Uart_1/UARTLITE_CORE_I/UARTLITE_RX_I/SRL_FIFO_I/I_SRL_FIFO_RBU_F/DYNSHREG_F_I/ : Warning: NUMERIC_STD.TO_INTEGER: metavalue detected, returning 0
at 0 fs, Instance /system/RS232_Uart_1/RS232_Uart_1/UARTLITE_CORE_I/UARTLITE_RX_I/SRL_FIFO_I/I_SRL_FIFO_RBU_F/DYNSHREG_F_I/ : Warning: NUMERIC_STD.TO_INTEGER: metavalue detected, returning 0
at 0 fs, Instance /system/RS232_Uart_1/RS232_Uart_1/UARTLITE_CORE_I/UARTLITE_TX_I/SRL_FIFO_I/I_SRL_FIFO_RBU_F/DYNSHREG_F_I/ : Warning: NUMERIC_STD.TO_INTEGER: metavalue detected, returning 0
at 0 fs, Instance /system/RS232_Uart_1/RS232_Uart_1/UARTLITE_CORE_I/UARTLITE_TX_I/SRL_FIFO_I/I_SRL_FIFO_RBU_F/DYNSHREG_F_I/ : Warning: NUMERIC_STD.TO_INTEGER: metavalue detected, returning 0
Finished circuit initialization process.
at 0 fs, Instance /system/microblaze_0/microblaze_0/MicroBlaze_Core_I/performance/Data_Flow_I/MUL_Unit_I/use_hw_mul/using_dsp48_architectures/dsp_module_I1/using_dsp48a/normal_in_fabric/DSP48A_I1/ : Warning: There is an 'U'|'X'|'W'|'Z'|'-' in an arithmetic operand, the result will be 'X'(es).
The simulator has terminated in an unexpected manner.  Please review the ISim log (isim.log) for details.
ISim P.20131013 (signature 0xfbc00daa)
----------------------------------------------------------------------
INFO:Security:51 - The XILINXD_LICENSE_FILE environment variable is not set.
INFO:Security:52 - The LM_LICENSE_FILE environment variable is set to '5280@refile.regent.e-technik.tu-muenchen.de:2100@refile.regent.e-technik.tu-muenchen.de:1717@refile.regent.e-technik.tu-muenchen.de:1702@tueisec-licenses.sec.ei.tum.de:2300@licenses.lis.ei.tum.de:27000@licenses.lis.ei.tum.de:'.
WARNING:Security:43 - No license file was found in the standard Xilinx license directory.
WARNING:Security:44 - Since no license file was found,
       please run the Xilinx License Configuration Manager
       (xlcm or "Manage Xilinx Licenses")
       to assist in obtaining a license.
WARNING:Security:42 - Your software subscription period has lapsed. Your current version of Xilinx tools will continue to function, but you no longer qualify for Xilinx software updates or new releases.


----------------------------------------------------------------------
This is a Full version of ISim.
