20:03:36 **** Auto Build of configuration Debug for project fifo_v_1_2 ****
make all 
Building file: ../src/helloworld.c
Invoking: MicroBlaze gcc compiler
mb-gcc -Wall -O0 -g3 -c -fmessage-length=0 -I../../fifo_v_1_2_bsp/microblaze_0/include -mlittle-endian -mxl-barrel-shift -mxl-pattern-compare -mcpu=v8.50.c -mno-xl-soft-mul -Wl,--no-relax -ffunction-sections -fdata-sections -MMD -MP -MF"src/helloworld.d" -MT"src/helloworld.d" -o "src/helloworld.o" "../src/helloworld.c"
../src/helloworld.c: In function 'transmit_ATR_fn':
../src/helloworld.c:136:3: warning: implicit declaration of function 'SC_UART_mWriteReg' [-Wimplicit-function-declaration]
../src/helloworld.c:136:46: error: 'SC_UART_SLV_REG0_OFFSET' undeclared (first use in this function)
../src/helloworld.c:136:46: note: each undeclared identifier is reported only once for each function it appears in
../src/helloworld.c:139:3: warning: implicit declaration of function 'SC_UART_mReadReg' [-Wimplicit-function-declaration]
../src/helloworld.c:140:10: error: 'SC_UART_SLV_REG1_OFFSET' undeclared (first use in this function)
../src/helloworld.c: In function 'transmit_fn':
../src/helloworld.c:155:45: error: 'SC_UART_SLV_REG0_OFFSET' undeclared (first use in this function)
../src/helloworld.c:159:9: error: 'SC_UART_SLV_REG1_OFFSET' undeclared (first use in this function)
../src/helloworld.c: In function 'recieve_fn':
../src/helloworld.c:176:49: error: 'SC_UART_SLV_REG0_OFFSET' undeclared (first use in this function)
../src/helloworld.c:180:8: error: 'SC_UART_SLV_REG1_OFFSET' undeclared (first use in this function)
../src/helloworld.c: In function 'main':
../src/helloworld.c:206:54: error: 'SC_UART_SLV_REG1_OFFSET' undeclared (first use in this function)
make: *** [src/helloworld.o] Error 1

20:03:36 Build Finished (took 161ms)

